SF:C:\Users\sroyer\Source\Repos\Etl.Net\src\Paillave.Etl\AggregationOperators.cs
FN:13,TOut Paillave.Etl.AggregationOperators::For(TOut,System.Boolean)
FNDA:0,TOut Paillave.Etl.AggregationOperators::For(TOut,System.Boolean)
DA:14,0
DA:15,0
FN:19,System.Int32 Paillave.Etl.AggregationOperators::Count(TOut)
FNDA:0,System.Int32 Paillave.Etl.AggregationOperators::Count(TOut)
DA:20,0
DA:21,0
FN:25,TOut Paillave.Etl.AggregationOperators::First(TOut)
FNDA:0,TOut Paillave.Etl.AggregationOperators::First(TOut)
DA:26,0
DA:27,0
FN:31,TOut Paillave.Etl.AggregationOperators::Last(TOut)
FNDA:0,TOut Paillave.Etl.AggregationOperators::Last(TOut)
DA:32,0
DA:33,0
FN:37,System.Int32 Paillave.Etl.AggregationOperators::Count()
FNDA:0,System.Int32 Paillave.Etl.AggregationOperators::Count()
DA:38,0
DA:39,0
FN:43,TOut Paillave.Etl.AggregationOperators::Max(TOut)
FNDA:0,TOut Paillave.Etl.AggregationOperators::Max(TOut)
DA:44,0
DA:45,0
FN:49,TOut Paillave.Etl.AggregationOperators::Min(TOut)
FNDA:0,TOut Paillave.Etl.AggregationOperators::Min(TOut)
DA:50,0
DA:51,0
FN:55,TOut Paillave.Etl.AggregationOperators::Sum(TOut)
FNDA:0,TOut Paillave.Etl.AggregationOperators::Sum(TOut)
DA:56,0
DA:57,0
FN:61,TOut Paillave.Etl.AggregationOperators::Avg(TOut)
FNDA:0,TOut Paillave.Etl.AggregationOperators::Avg(TOut)
DA:62,0
DA:63,0
LF:18
LH:0
BRF:0
BRH:0
FNF:9
FNH:0
end_of_record
SF:C:\Users\sroyer\Source\Repos\Etl.Net\src\Paillave.Etl\CurrentExecutionNodeContext.cs
FN:13,System.String Paillave.Etl.CurrentExecutionNodeContext::get_NodeName()
FNDA:0,System.String Paillave.Etl.CurrentExecutionNodeContext::get_NodeName()
DA:14,0
FN:14,System.String Paillave.Etl.CurrentExecutionNodeContext::get_TypeName()
FNDA:0,System.String Paillave.Etl.CurrentExecutionNodeContext::get_TypeName()
DA:15,0
FN:15,System.Boolean Paillave.Etl.CurrentExecutionNodeContext::get_IsAwaitable()
FNDA:0,System.Boolean Paillave.Etl.CurrentExecutionNodeContext::get_IsAwaitable()
DA:16,0
FN:9,System.Void Paillave.Etl.CurrentExecutionNodeContext::.ctor(System.String)
FNDA:0,System.Void Paillave.Etl.CurrentExecutionNodeContext::.ctor(System.String)
DA:10,0
DA:11,0
DA:12,0
DA:13,0
LF:7
LH:0
BRF:0
BRH:0
FNF:4
FNH:0
end_of_record
SF:C:\Users\sroyer\Source\Repos\Etl.Net\src\Paillave.Etl\Disposable.cs
FN:7,T Paillave.Etl.Disposable`1::get_Resource()
FNDA:0,T Paillave.Etl.Disposable`1::get_Resource()
DA:8,0
FN:16,System.Void Paillave.Etl.Disposable`1::Dispose()
FNDA:0,System.Void Paillave.Etl.Disposable`1::Dispose()
DA:17,0
DA:18,0
DA:19,0
FN:8,System.Void Paillave.Etl.Disposable`1::.ctor(T,System.Action`1<T>)
FNDA:0,System.Void Paillave.Etl.Disposable`1::.ctor(T,System.Action`1<T>)
DA:9,0
DA:10,0
DA:11,0
DA:12,0
DA:13,0
DA:14,0
LF:10
LH:0
BRF:0
BRH:0
FNF:3
FNH:0
end_of_record
SF:C:\Users\sroyer\Source\Repos\Etl.Net\src\Paillave.Etl\ExecutionStatus.cs
FN:7,System.Boolean Paillave.Etl.ExecutionStatus::get_Failed()
FNDA:0,System.Boolean Paillave.Etl.ExecutionStatus::get_Failed()
DA:8,0
FN:8,Paillave.Etl.Core.TraceEvent Paillave.Etl.ExecutionStatus::get_EndOfProcessTraceEvent()
FNDA:0,Paillave.Etl.Core.TraceEvent Paillave.Etl.ExecutionStatus::get_EndOfProcessTraceEvent()
DA:9,0
FN:9,Paillave.Etl.JobDefinitionStructure Paillave.Etl.ExecutionStatus::get_JobDefinitionStructure()
FNDA:0,Paillave.Etl.JobDefinitionStructure Paillave.Etl.ExecutionStatus::get_JobDefinitionStructure()
DA:10,0
FN:11,System.Collections.Generic.List`1<Paillave.Etl.Core.StreamStatisticCounter> Paillave.Etl.ExecutionStatus::get_StreamStatisticCounters()
FNDA:0,System.Collections.Generic.List`1<Paillave.Etl.Core.StreamStatisticCounter> Paillave.Etl.ExecutionStatus::get_StreamStatisticCounters()
DA:12,0
FN:12,System.Collections.Generic.List`1<Paillave.Etl.Core.StreamStatisticError> Paillave.Etl.ExecutionStatus::get_StreamStatisticErrors()
FNDA:0,System.Collections.Generic.List`1<Paillave.Etl.Core.StreamStatisticError> Paillave.Etl.ExecutionStatus::get_StreamStatisticErrors()
DA:13,0
FN:13,System.Void Paillave.Etl.ExecutionStatus::.ctor(Paillave.Etl.JobDefinitionStructure,Paillave.Etl.Core.StreamStatistics,Paillave.Etl.Core.TraceEvent)
FNDA:0,System.Void Paillave.Etl.ExecutionStatus::.ctor(Paillave.Etl.JobDefinitionStructure,Paillave.Etl.Core.StreamStatistics,Paillave.Etl.Core.TraceEvent)
DA:14,0
DA:15,0
DA:16,0
DA:17,0
DA:18,0
DA:19,0
DA:20,0
DA:21,0
LF:13
LH:0
BRF:0
BRH:0
FNF:6
FNH:0
end_of_record
SF:C:\Users\sroyer\Source\Repos\Etl.Net\src\Paillave.Etl\GetDefinitionExecutionContext.cs
FN:16,Paillave.Etl.JobDefinitionStructure Paillave.Etl.GetDefinitionExecutionContext::GetDefinitionStructure()
FNDA:0,Paillave.Etl.JobDefinitionStructure Paillave.Etl.GetDefinitionExecutionContext::GetDefinitionStructure()
DA:17,0
DA:18,0
DA:19,0
FN:24,System.Void Paillave.Etl.GetDefinitionExecutionContext::AddStreamToNodeLink(Paillave.Etl.Core.StreamToNodeLink)
FNDA:0,System.Void Paillave.Etl.GetDefinitionExecutionContext::AddStreamToNodeLink(Paillave.Etl.Core.StreamToNodeLink)
DA:25,0
FN:25,System.Guid Paillave.Etl.GetDefinitionExecutionContext::get_ExecutionId()
FNDA:0,System.Guid Paillave.Etl.GetDefinitionExecutionContext::get_ExecutionId()
DA:26,0
FN:26,System.Threading.WaitHandle Paillave.Etl.GetDefinitionExecutionContext::get_StartSynchronizer()
FNDA:0,System.Threading.WaitHandle Paillave.Etl.GetDefinitionExecutionContext::get_StartSynchronizer()
DA:27,0
FN:27,System.String Paillave.Etl.GetDefinitionExecutionContext::get_JobName()
FNDA:0,System.String Paillave.Etl.GetDefinitionExecutionContext::get_JobName()
DA:28,0
FN:28,System.Boolean Paillave.Etl.GetDefinitionExecutionContext::get_IsTracingContext()
FNDA:0,System.Boolean Paillave.Etl.GetDefinitionExecutionContext::get_IsTracingContext()
DA:29,0
FN:29,System.Void Paillave.Etl.GetDefinitionExecutionContext::AddDisposable(System.IDisposable)
FNDA:0,System.Void Paillave.Etl.GetDefinitionExecutionContext::AddDisposable(System.IDisposable)
DA:30,0
FN:30,System.Void Paillave.Etl.GetDefinitionExecutionContext::AddNode(Paillave.Etl.Core.INodeContext,Paillave.Etl.Reactive.Core.IPushObservable`1<T>,Paillave.Etl.Reactive.Core.IPushObservable`1<Paillave.Etl.Core.TraceEvent>)
FNDA:0,System.Void Paillave.Etl.GetDefinitionExecutionContext::AddNode(Paillave.Etl.Core.INodeContext,Paillave.Etl.Reactive.Core.IPushObservable`1<T>,Paillave.Etl.Reactive.Core.IPushObservable`1<Paillave.Etl.Core.TraceEvent>)
DA:31,0
FN:31,Paillave.Etl.Reactive.Core.IPushObservable`1<Paillave.Etl.Core.TraceEvent> Paillave.Etl.GetDefinitionExecutionContext::get_StopProcessEvent()
FNDA:0,Paillave.Etl.Reactive.Core.IPushObservable`1<Paillave.Etl.Core.TraceEvent> Paillave.Etl.GetDefinitionExecutionContext::get_StopProcessEvent()
DA:32,0
FN:32,System.Threading.Tasks.Task Paillave.Etl.GetDefinitionExecutionContext::GetCompletionTask()
FNDA:0,System.Threading.Tasks.Task Paillave.Etl.GetDefinitionExecutionContext::GetCompletionTask()
DA:33,0
FN:33,System.Int32 Paillave.Etl.GetDefinitionExecutionContext::NextTraceSequence()
FNDA:0,System.Int32 Paillave.Etl.GetDefinitionExecutionContext::NextTraceSequence()
DA:34,0
FN:34,System.Void Paillave.Etl.GetDefinitionExecutionContext::InvokeInDedicatedThread(System.Object,System.Action)
FNDA:0,System.Void Paillave.Etl.GetDefinitionExecutionContext::InvokeInDedicatedThread(System.Object,System.Action)
DA:35,0
FN:13,System.Void Paillave.Etl.GetDefinitionExecutionContext::.ctor(Paillave.Etl.Core.INodeContext)
FNDA:0,System.Void Paillave.Etl.GetDefinitionExecutionContext::.ctor(Paillave.Etl.Core.INodeContext)
DA:14,0
DA:15,0
DA:20,0
DA:21,0
DA:22,0
DA:23,0
DA:24,0
LF:21
LH:0
BRF:0
BRH:0
FNF:13
FNH:0
end_of_record
SF:C:\Users\sroyer\Source\Repos\Etl.Net\src\Paillave.Etl\JobDefinitionStructure.cs
FN:28,System.Collections.Generic.List`1<Paillave.Etl.Core.StreamToNodeLink> Paillave.Etl.JobDefinitionStructure::get_StreamToNodeLinks()
FNDA:0,System.Collections.Generic.List`1<Paillave.Etl.Core.StreamToNodeLink> Paillave.Etl.JobDefinitionStructure::get_StreamToNodeLinks()
DA:29,0
FN:29,System.Collections.Generic.List`1<Paillave.Etl.Core.INodeContext> Paillave.Etl.JobDefinitionStructure::get_Nodes()
FNDA:0,System.Collections.Generic.List`1<Paillave.Etl.Core.INodeContext> Paillave.Etl.JobDefinitionStructure::get_Nodes()
DA:30,0
FN:23,System.Void Paillave.Etl.JobDefinitionStructure::.ctor(System.Collections.Generic.List`1<Paillave.Etl.Core.StreamToNodeLink>,System.Collections.Generic.List`1<Paillave.Etl.Core.INodeContext>,System.String)
FNDA:0,System.Void Paillave.Etl.JobDefinitionStructure::.ctor(System.Collections.Generic.List`1<Paillave.Etl.Core.StreamToNodeLink>,System.Collections.Generic.List`1<Paillave.Etl.Core.INodeContext>,System.String)
DA:24,0
DA:25,0
DA:26,0
DA:27,0
DA:28,0
BRDA:27,23,0,0
BRDA:27,23,1,0
FN:18,System.String Paillave.Etl.JobDefinitionStructure/NodeContext::get_NodeName()
FNDA:0,System.String Paillave.Etl.JobDefinitionStructure/NodeContext::get_NodeName()
DA:19,0
FN:20,System.String Paillave.Etl.JobDefinitionStructure/NodeContext::get_TypeName()
FNDA:0,System.String Paillave.Etl.JobDefinitionStructure/NodeContext::get_TypeName()
DA:21,0
FN:12,System.Void Paillave.Etl.JobDefinitionStructure/NodeContext::.ctor(Paillave.Etl.Core.INodeContext)
FNDA:0,System.Void Paillave.Etl.JobDefinitionStructure/NodeContext::.ctor(Paillave.Etl.Core.INodeContext)
DA:13,0
DA:14,0
DA:15,0
DA:16,0
DA:17,0
LF:14
LH:0
BRF:2
BRH:0
FNF:6
FNH:0
end_of_record
SF:C:\Users\sroyer\Source\Repos\Etl.Net\src\Paillave.Etl\JobExecutionContext.cs
FN:14,Paillave.Etl.Core.TraceEvent Paillave.Etl.JobExecutionContext::get_EndOfProcessTraceEvent()
FNDA:0,Paillave.Etl.Core.TraceEvent Paillave.Etl.JobExecutionContext::get_EndOfProcessTraceEvent()
DA:15,0
FN:20,Paillave.Etl.JobDefinitionStructure Paillave.Etl.JobExecutionContext::GetDefinitionStructure()
FNDA:0,Paillave.Etl.JobDefinitionStructure Paillave.Etl.JobExecutionContext::GetDefinitionStructure()
DA:21,0
DA:22,0
DA:23,0
FN:26,Paillave.Etl.Reactive.Core.IPushObservable`1<Paillave.Etl.Core.TraceEvent> Paillave.Etl.JobExecutionContext::get_StopProcessEvent()
FNDA:0,Paillave.Etl.Reactive.Core.IPushObservable`1<Paillave.Etl.Core.TraceEvent> Paillave.Etl.JobExecutionContext::get_StopProcessEvent()
DA:27,0
FN:35,System.Guid Paillave.Etl.JobExecutionContext::get_ExecutionId()
FNDA:0,System.Guid Paillave.Etl.JobExecutionContext::get_ExecutionId()
DA:36,0
FN:36,System.String Paillave.Etl.JobExecutionContext::get_JobName()
FNDA:0,System.String Paillave.Etl.JobExecutionContext::get_JobName()
DA:37,0
FN:37,System.Boolean Paillave.Etl.JobExecutionContext::get_IsTracingContext()
FNDA:0,System.Boolean Paillave.Etl.JobExecutionContext::get_IsTracingContext()
DA:38,0
FN:40,System.Void Paillave.Etl.JobExecutionContext::AddNode(Paillave.Etl.Core.INodeContext,Paillave.Etl.Reactive.Core.IPushObservable`1<T>,Paillave.Etl.Reactive.Core.IPushObservable`1<Paillave.Etl.Core.TraceEvent>)
FNDA:0,System.Void Paillave.Etl.JobExecutionContext::AddNode(Paillave.Etl.Core.INodeContext,Paillave.Etl.Reactive.Core.IPushObservable`1<T>,Paillave.Etl.Reactive.Core.IPushObservable`1<Paillave.Etl.Core.TraceEvent>)
DA:41,0
DA:42,0
DA:43,0
DA:44,0
DA:46,0
FN:47,System.Void Paillave.Etl.JobExecutionContext::ReleaseResources()
FNDA:0,System.Void Paillave.Etl.JobExecutionContext::ReleaseResources()
DA:48,0
DA:49,0
DA:50,0
FN:51,System.Threading.Tasks.Task Paillave.Etl.JobExecutionContext::GetCompletionTask()
FNDA:0,System.Threading.Tasks.Task Paillave.Etl.JobExecutionContext::GetCompletionTask()
DA:52,0
DA:53,0
DA:54,0
DA:55,0
DA:56,0
FN:56,System.Void Paillave.Etl.JobExecutionContext::AddDisposable(System.IDisposable)
FNDA:0,System.Void Paillave.Etl.JobExecutionContext::AddDisposable(System.IDisposable)
DA:57,0
FN:57,System.Void Paillave.Etl.JobExecutionContext::AddStreamToNodeLink(Paillave.Etl.Core.StreamToNodeLink)
FNDA:0,System.Void Paillave.Etl.JobExecutionContext::AddStreamToNodeLink(Paillave.Etl.Core.StreamToNodeLink)
DA:58,0
FN:61,System.Int32 Paillave.Etl.JobExecutionContext::NextTraceSequence()
FNDA:0,System.Int32 Paillave.Etl.JobExecutionContext::NextTraceSequence()
DA:62,0
DA:63,0
DA:64,0
DA:65,0
FN:66,System.Void Paillave.Etl.JobExecutionContext::InvokeInDedicatedThread(System.Object,System.Action)
FNDA:0,System.Void Paillave.Etl.JobExecutionContext::InvokeInDedicatedThread(System.Object,System.Action)
DA:67,0
DA:68,0
DA:69,0
FN:33,System.Void Paillave.Etl.JobExecutionContext::<.ctor>b__14_0(Paillave.Etl.Core.TraceEvent)
FNDA:0,System.Void Paillave.Etl.JobExecutionContext::<.ctor>b__14_0(Paillave.Etl.Core.TraceEvent)
DA:34,0
FN:16,System.Void Paillave.Etl.JobExecutionContext::.ctor(System.String,System.Guid,Paillave.Etl.Reactive.Core.IPushSubject`1<Paillave.Etl.Core.TraceEvent>,System.Func`2<Paillave.Etl.Reactive.Core.IPushObservable`1<Paillave.Etl.Core.TraceEvent>,Paillave.Etl.Reactive.Core.IPushObservable`1<Paillave.Etl.Core.TraceEvent>>,Paillave.Etl.Core.JobPoolDispatcher)
FNDA:0,System.Void Paillave.Etl.JobExecutionContext::.ctor(System.String,System.Guid,Paillave.Etl.Reactive.Core.IPushSubject`1<Paillave.Etl.Core.TraceEvent>,System.Func`2<Paillave.Etl.Reactive.Core.IPushObservable`1<Paillave.Etl.Core.TraceEvent>,Paillave.Etl.Reactive.Core.IPushObservable`1<Paillave.Etl.Core.TraceEvent>>,Paillave.Etl.Core.JobPoolDispatcher)
DA:17,0
DA:19,0
DA:24,0
DA:26,0
DA:28,0
DA:29,0
DA:30,0
DA:31,0
DA:32,0
DA:33,0
DA:35,0
DA:59,0
DA:60,0
LF:44
LH:0
BRF:0
BRH:0
FNF:15
FNH:0
end_of_record
SF:C:\Users\sroyer\Source\Repos\Etl.Net\src\Paillave.Etl\StreamProcessRunner.cs
FN:19,Paillave.Etl.StreamProcessRunner`1<TConfig> Paillave.Etl.StreamProcessRunner::Create(System.Action`1<Paillave.Etl.Core.Streams.ISingleStream`1<TConfig>>,System.String)
FNDA:0,Paillave.Etl.StreamProcessRunner`1<TConfig> Paillave.Etl.StreamProcessRunner::Create(System.Action`1<Paillave.Etl.Core.Streams.ISingleStream`1<TConfig>>,System.String)
DA:20,0
FN:20,System.Threading.Tasks.Task`1<Paillave.Etl.ExecutionStatus> Paillave.Etl.StreamProcessRunner::CreateAndExecuteAsync(TConfig,System.Action`1<Paillave.Etl.Core.Streams.ISingleStream`1<TConfig>>,System.Action`1<Paillave.Etl.Core.Streams.IStream`1<Paillave.Etl.Core.TraceEvent>>,System.String)
FNDA:0,System.Threading.Tasks.Task`1<Paillave.Etl.ExecutionStatus> Paillave.Etl.StreamProcessRunner::CreateAndExecuteAsync(TConfig,System.Action`1<Paillave.Etl.Core.Streams.ISingleStream`1<TConfig>>,System.Action`1<Paillave.Etl.Core.Streams.IStream`1<Paillave.Etl.Core.TraceEvent>>,System.String)
DA:21,0
FN:21,System.Threading.Tasks.Task`1<Paillave.Etl.ExecutionStatus> Paillave.Etl.StreamProcessRunner::CreateAndExecuteWithNoFaultAsync(TConfig,System.Action`1<Paillave.Etl.Core.Streams.ISingleStream`1<TConfig>>,System.Action`1<Paillave.Etl.Core.Streams.IStream`1<Paillave.Etl.Core.TraceEvent>>,System.String)
FNDA:0,System.Threading.Tasks.Task`1<Paillave.Etl.ExecutionStatus> Paillave.Etl.StreamProcessRunner::CreateAndExecuteWithNoFaultAsync(TConfig,System.Action`1<Paillave.Etl.Core.Streams.ISingleStream`1<TConfig>>,System.Action`1<Paillave.Etl.Core.Streams.IStream`1<Paillave.Etl.Core.TraceEvent>>,System.String)
DA:22,0
FN:29,System.Func`2<Paillave.Etl.Reactive.Core.IPushObservable`1<Paillave.Etl.Core.TraceEvent>,Paillave.Etl.Reactive.Core.IPushObservable`1<Paillave.Etl.Core.TraceEvent>> Paillave.Etl.StreamProcessRunner`1::get_StopCondition()
FNDA:0,System.Func`2<Paillave.Etl.Reactive.Core.IPushObservable`1<Paillave.Etl.Core.TraceEvent>,Paillave.Etl.Reactive.Core.IPushObservable`1<Paillave.Etl.Core.TraceEvent>> Paillave.Etl.StreamProcessRunner`1::get_StopCondition()
DA:30,0
FN:36,System.Threading.Tasks.Task`1<Paillave.Etl.ExecutionStatus> Paillave.Etl.StreamProcessRunner`1::Paillave.Etl.IStreamProcessRunner.ExecuteWithNoFaultAsync(System.Object,System.Action`1<Paillave.Etl.Core.Streams.IStream`1<Paillave.Etl.Core.TraceEvent>>)
FNDA:0,System.Threading.Tasks.Task`1<Paillave.Etl.ExecutionStatus> Paillave.Etl.StreamProcessRunner`1::Paillave.Etl.IStreamProcessRunner.ExecuteWithNoFaultAsync(System.Object,System.Action`1<Paillave.Etl.Core.Streams.IStream`1<Paillave.Etl.Core.TraceEvent>>)
DA:37,0
DA:38,0
DA:39,0
FN:40,System.Threading.Tasks.Task`1<Paillave.Etl.ExecutionStatus> Paillave.Etl.StreamProcessRunner`1::ExecuteWithNoFaultAsync(TConfig,System.Action`1<Paillave.Etl.Core.Streams.IStream`1<Paillave.Etl.Core.TraceEvent>>)
FNDA:0,System.Threading.Tasks.Task`1<Paillave.Etl.ExecutionStatus> Paillave.Etl.StreamProcessRunner`1::ExecuteWithNoFaultAsync(TConfig,System.Action`1<Paillave.Etl.Core.Streams.IStream`1<Paillave.Etl.Core.TraceEvent>>)
DA:41,0
DA:42,0
DA:43,0
FN:44,System.Threading.Tasks.Task`1<Paillave.Etl.ExecutionStatus> Paillave.Etl.StreamProcessRunner`1::ExecuteAsync(TConfig,System.Action`1<Paillave.Etl.Core.Streams.IStream`1<Paillave.Etl.Core.TraceEvent>>,System.Boolean)
FNDA:0,System.Threading.Tasks.Task`1<Paillave.Etl.ExecutionStatus> Paillave.Etl.StreamProcessRunner`1::ExecuteAsync(TConfig,System.Action`1<Paillave.Etl.Core.Streams.IStream`1<Paillave.Etl.Core.TraceEvent>>,System.Boolean)
DA:45,0
DA:46,0
DA:47,0
DA:48,0
DA:49,0
DA:50,0
DA:51,0
DA:52,0
DA:53,0
DA:54,0
DA:55,0
DA:56,0
DA:57,0
DA:58,0
DA:59,0
DA:60,0
DA:61,0
DA:62,0
DA:63,0
DA:64,0
DA:65,0
DA:66,0
DA:67,0
DA:68,0
DA:69,0
DA:70,0
DA:71,0
DA:72,0
DA:73,0
DA:74,0
DA:75,0
DA:76,0
DA:77,0
DA:78,0
DA:79,0
DA:80,0
DA:81,0
BRDA:53,114,0,0
BRDA:53,114,1,0
BRDA:55,188,1,0
BRDA:55,188,0,0
FN:82,Paillave.Etl.JobDefinitionStructure Paillave.Etl.StreamProcessRunner`1::GetDefinitionStructure()
FNDA:0,Paillave.Etl.JobDefinitionStructure Paillave.Etl.StreamProcessRunner`1::GetDefinitionStructure()
DA:83,0
DA:84,0
DA:85,0
DA:86,0
DA:87,0
DA:88,0
FN:28,System.Void Paillave.Etl.StreamProcessRunner`1::.ctor(System.Action`1<Paillave.Etl.Core.Streams.ISingleStream`1<TConfig>>,System.String)
FNDA:0,System.Void Paillave.Etl.StreamProcessRunner`1::.ctor(System.Action`1<Paillave.Etl.Core.Streams.ISingleStream`1<TConfig>>,System.String)
DA:29,0
DA:31,0
DA:32,0
DA:33,0
DA:34,0
DA:35,0
BRDA:29,7,0,0
BRDA:29,7,1,0
BRDA:34,60,0,0
BRDA:34,69,0,0
BRDA:34,60,1,0
BRDA:34,69,1,0
LF:59
LH:0
BRF:14
BRH:0
FNF:9
FNH:0
end_of_record
SF:C:\Users\sroyer\Source\Repos\Etl.Net\src\Paillave.Etl\TraceExecutionContext.cs
FN:17,System.Threading.WaitHandle Paillave.Etl.TraceExecutionContext::get__startSynchronizer()
FNDA:0,System.Threading.WaitHandle Paillave.Etl.TraceExecutionContext::get__startSynchronizer()
DA:18,0
FN:29,System.Guid Paillave.Etl.TraceExecutionContext::get_ExecutionId()
FNDA:0,System.Guid Paillave.Etl.TraceExecutionContext::get_ExecutionId()
DA:30,0
FN:30,System.String Paillave.Etl.TraceExecutionContext::get_JobName()
FNDA:0,System.String Paillave.Etl.TraceExecutionContext::get_JobName()
DA:31,0
FN:31,System.Boolean Paillave.Etl.TraceExecutionContext::get_IsTracingContext()
FNDA:0,System.Boolean Paillave.Etl.TraceExecutionContext::get_IsTracingContext()
DA:32,0
FN:32,Paillave.Etl.Reactive.Core.IPushObservable`1<Paillave.Etl.Core.TraceEvent> Paillave.Etl.TraceExecutionContext::get_StopProcessEvent()
FNDA:0,Paillave.Etl.Reactive.Core.IPushObservable`1<Paillave.Etl.Core.TraceEvent> Paillave.Etl.TraceExecutionContext::get_StopProcessEvent()
DA:33,0
FN:35,System.Void Paillave.Etl.TraceExecutionContext::AddNode(Paillave.Etl.Core.INodeContext,Paillave.Etl.Reactive.Core.IPushObservable`1<T>,Paillave.Etl.Reactive.Core.IPushObservable`1<Paillave.Etl.Core.TraceEvent>)
FNDA:0,System.Void Paillave.Etl.TraceExecutionContext::AddNode(Paillave.Etl.Core.INodeContext,Paillave.Etl.Reactive.Core.IPushObservable`1<T>,Paillave.Etl.Reactive.Core.IPushObservable`1<Paillave.Etl.Core.TraceEvent>)
DA:36,0
DA:37,0
DA:38,0
FN:38,System.Threading.Tasks.Task Paillave.Etl.TraceExecutionContext::GetCompletionTask()
FNDA:0,System.Threading.Tasks.Task Paillave.Etl.TraceExecutionContext::GetCompletionTask()
DA:39,0
FN:39,System.Void Paillave.Etl.TraceExecutionContext::AddDisposable(System.IDisposable)
FNDA:0,System.Void Paillave.Etl.TraceExecutionContext::AddDisposable(System.IDisposable)
DA:40,0
FN:40,System.Void Paillave.Etl.TraceExecutionContext::AddStreamToNodeLink(Paillave.Etl.Core.StreamToNodeLink)
FNDA:0,System.Void Paillave.Etl.TraceExecutionContext::AddStreamToNodeLink(Paillave.Etl.Core.StreamToNodeLink)
DA:41,0
FN:41,System.Int32 Paillave.Etl.TraceExecutionContext::NextTraceSequence()
FNDA:0,System.Int32 Paillave.Etl.TraceExecutionContext::NextTraceSequence()
DA:42,0
FN:43,System.Void Paillave.Etl.TraceExecutionContext::InvokeInDedicatedThread(System.Object,System.Action)
FNDA:0,System.Void Paillave.Etl.TraceExecutionContext::InvokeInDedicatedThread(System.Object,System.Action)
DA:44,0
DA:45,0
DA:46,0
FN:15,System.Void Paillave.Etl.TraceExecutionContext::.ctor(System.Threading.WaitHandle,System.Guid,Paillave.Etl.Core.JobPoolDispatcher)
FNDA:0,System.Void Paillave.Etl.TraceExecutionContext::.ctor(System.Threading.WaitHandle,System.Guid,Paillave.Etl.Core.JobPoolDispatcher)
DA:16,0
DA:17,0
DA:19,0
DA:20,0
DA:21,0
DA:22,0
DA:23,0
DA:24,0
DA:25,0
DA:26,0
LF:25
LH:0
BRF:0
BRH:0
FNF:12
FNH:0
end_of_record
SF:C:\Users\sroyer\Source\Repos\Etl.Net\src\Paillave.Etl\ValuesProviders\LocalFilesValuesProvider.cs
FN:17,System.String Paillave.Etl.ValuesProviders.LocalFilesValue::get_Name()
FNDA:0,System.String Paillave.Etl.ValuesProviders.LocalFilesValue::get_Name()
DA:18,0
FN:20,System.IO.Stream Paillave.Etl.ValuesProviders.LocalFilesValue::GetContent()
FNDA:0,System.IO.Stream Paillave.Etl.ValuesProviders.LocalFilesValue::GetContent()
DA:21,0
DA:22,0
DA:23,0
FN:13,System.Void Paillave.Etl.ValuesProviders.LocalFilesValue::.ctor(System.String)
FNDA:0,System.Void Paillave.Etl.ValuesProviders.LocalFilesValue::.ctor(System.String)
DA:14,0
DA:15,0
DA:16,0
DA:17,0
FN:26,System.String Paillave.Etl.ValuesProviders.LocalFilesValuesProviderArgs::get_SearchPattern()
FNDA:0,System.String Paillave.Etl.ValuesProviders.LocalFilesValuesProviderArgs::get_SearchPattern()
DA:27,0
FN:27,System.Boolean Paillave.Etl.ValuesProviders.LocalFilesValuesProviderArgs::get_Recursive()
FNDA:0,System.Boolean Paillave.Etl.ValuesProviders.LocalFilesValuesProviderArgs::get_Recursive()
DA:28,0
FN:28,System.String Paillave.Etl.ValuesProviders.LocalFilesValuesProviderArgs::get_RootFolder()
FNDA:0,System.String Paillave.Etl.ValuesProviders.LocalFilesValuesProviderArgs::get_RootFolder()
DA:29,0
FN:33,System.Void Paillave.Etl.ValuesProviders.LocalFilesValuesProvider::PushValues(System.Action`1<Paillave.Etl.ValuesProviders.LocalFilesValue>,Paillave.Etl.ValuesProviders.LocalFilesValuesProviderArgs)
FNDA:0,System.Void Paillave.Etl.ValuesProviders.LocalFilesValuesProvider::PushValues(System.Action`1<Paillave.Etl.ValuesProviders.LocalFilesValue>,Paillave.Etl.ValuesProviders.LocalFilesValuesProviderArgs)
DA:34,0
DA:35,0
DA:36,0
DA:37,0
DA:38,0
DA:39,0
BRDA:35,32,0,0
BRDA:35,32,1,0
LF:17
LH:0
BRF:2
BRH:0
FNF:7
FNH:0
end_of_record
SF:C:\Users\sroyer\Source\Repos\Etl.Net\src\Paillave.Etl\StreamNodes\AggregateSortedStreamNode.cs
FN:12,Paillave.Etl.Core.Streams.ISortedStream`2<TIn,TKey> Paillave.Etl.StreamNodes.AggregateSortedArgs`3::get_InputStream()
FNDA:0,Paillave.Etl.Core.Streams.ISortedStream`2<TIn,TKey> Paillave.Etl.StreamNodes.AggregateSortedArgs`3::get_InputStream()
DA:13,0
FN:13,System.Func`3<TAggrRes,TIn,TAggrRes> Paillave.Etl.StreamNodes.AggregateSortedArgs`3::get_Aggregate()
FNDA:0,System.Func`3<TAggrRes,TIn,TAggrRes> Paillave.Etl.StreamNodes.AggregateSortedArgs`3::get_Aggregate()
DA:14,0
FN:14,System.Func`2<TIn,TAggrRes> Paillave.Etl.StreamNodes.AggregateSortedArgs`3::get_CreateEmptyAggregation()
FNDA:0,System.Func`2<TIn,TAggrRes> Paillave.Etl.StreamNodes.AggregateSortedArgs`3::get_CreateEmptyAggregation()
DA:15,0
FN:23,Paillave.Etl.Core.Streams.ISortedStream`2<Paillave.Etl.StreamNodes.AggregationResult`3<TIn,TKey,TAggrRes>,TKey> Paillave.Etl.StreamNodes.AggregateSortedStreamNode`3::CreateOutputStream(Paillave.Etl.StreamNodes.AggregateSortedArgs`3<TIn,TAggrRes,TKey>)
FNDA:0,Paillave.Etl.Core.Streams.ISortedStream`2<Paillave.Etl.StreamNodes.AggregationResult`3<TIn,TKey,TAggrRes>,TKey> Paillave.Etl.StreamNodes.AggregateSortedStreamNode`3::CreateOutputStream(Paillave.Etl.StreamNodes.AggregateSortedArgs`3<TIn,TAggrRes,TKey>)
DA:24,0
DA:25,0
DA:26,0
DA:27,0
DA:28,0
DA:29,0
DA:30,0
DA:31,0
DA:32,0
DA:33,0
DA:34,0
DA:35,0
DA:36,0
DA:37,0
BRDA:25,92,0,0
BRDA:25,92,1,0
FN:18,System.Void Paillave.Etl.StreamNodes.AggregateSortedStreamNode`3::.ctor(System.String,Paillave.Etl.StreamNodes.AggregateSortedArgs`3<TIn,TAggrRes,TKey>)
FNDA:0,System.Void Paillave.Etl.StreamNodes.AggregateSortedStreamNode`3::.ctor(System.String,Paillave.Etl.StreamNodes.AggregateSortedArgs`3<TIn,TAggrRes,TKey>)
DA:19,0
DA:20,0
DA:21,0
LF:20
LH:0
BRF:2
BRH:0
FNF:5
FNH:0
end_of_record
SF:C:\Users\sroyer\Source\Repos\Etl.Net\src\Paillave.Etl\StreamNodes\AggregateStreamNode.cs
FN:10,Paillave.Etl.Core.Streams.IStream`1<TIn> Paillave.Etl.StreamNodes.AggregateArgs`3::get_InputStream()
FNDA:0,Paillave.Etl.Core.Streams.IStream`1<TIn> Paillave.Etl.StreamNodes.AggregateArgs`3::get_InputStream()
DA:11,0
FN:11,System.Func`3<TAggrRes,TIn,TAggrRes> Paillave.Etl.StreamNodes.AggregateArgs`3::get_Aggregate()
FNDA:0,System.Func`3<TAggrRes,TIn,TAggrRes> Paillave.Etl.StreamNodes.AggregateArgs`3::get_Aggregate()
DA:12,0
FN:12,System.Func`2<TIn,TKey> Paillave.Etl.StreamNodes.AggregateArgs`3::get_GetKey()
FNDA:0,System.Func`2<TIn,TKey> Paillave.Etl.StreamNodes.AggregateArgs`3::get_GetKey()
DA:13,0
FN:13,System.Func`2<TIn,TAggrRes> Paillave.Etl.StreamNodes.AggregateArgs`3::get_CreateEmptyAggregation()
FNDA:0,System.Func`2<TIn,TAggrRes> Paillave.Etl.StreamNodes.AggregateArgs`3::get_CreateEmptyAggregation()
DA:14,0
FN:22,Paillave.Etl.Core.Streams.IStream`1<Paillave.Etl.StreamNodes.AggregationResult`3<TIn,TKey,TAggrRes>> Paillave.Etl.StreamNodes.AggregateStreamNode`3::CreateOutputStream(Paillave.Etl.StreamNodes.AggregateArgs`3<TIn,TAggrRes,TKey>)
FNDA:0,Paillave.Etl.Core.Streams.IStream`1<Paillave.Etl.StreamNodes.AggregationResult`3<TIn,TKey,TAggrRes>> Paillave.Etl.StreamNodes.AggregateStreamNode`3::CreateOutputStream(Paillave.Etl.StreamNodes.AggregateArgs`3<TIn,TAggrRes,TKey>)
DA:23,0
DA:24,0
DA:25,0
DA:26,0
DA:27,0
DA:28,0
DA:29,0
DA:30,0
DA:31,0
DA:32,0
DA:33,0
DA:34,0
DA:35,0
BRDA:24,37,0,0
BRDA:24,37,1,0
FN:17,System.Void Paillave.Etl.StreamNodes.AggregateStreamNode`3::.ctor(System.String,Paillave.Etl.StreamNodes.AggregateArgs`3<TIn,TAggrRes,TKey>)
FNDA:0,System.Void Paillave.Etl.StreamNodes.AggregateStreamNode`3::.ctor(System.String,Paillave.Etl.StreamNodes.AggregateArgs`3<TIn,TAggrRes,TKey>)
DA:18,0
DA:19,0
DA:20,0
LF:20
LH:0
BRF:2
BRH:0
FNF:6
FNH:0
end_of_record
SF:C:\Users\sroyer\Source\Repos\Etl.Net\src\Paillave.Etl\StreamNodes\ApplyStreamNode.cs
FN:12,Paillave.Etl.Core.Streams.IStream`1<TInMain> Paillave.Etl.StreamNodes.ApplyArgs`3::get_MainStream()
FNDA:0,Paillave.Etl.Core.Streams.IStream`1<TInMain> Paillave.Etl.StreamNodes.ApplyArgs`3::get_MainStream()
DA:13,0
FN:13,Paillave.Etl.Core.Streams.ISingleStream`1<TInToApply> Paillave.Etl.StreamNodes.ApplyArgs`3::get_StreamToApply()
FNDA:0,Paillave.Etl.Core.Streams.ISingleStream`1<TInToApply> Paillave.Etl.StreamNodes.ApplyArgs`3::get_StreamToApply()
DA:14,0
FN:14,System.Func`3<TInMain,TInToApply,TOut> Paillave.Etl.StreamNodes.ApplyArgs`3::get_Selector()
FNDA:0,System.Func`3<TInMain,TInToApply,TOut> Paillave.Etl.StreamNodes.ApplyArgs`3::get_Selector()
DA:15,0
FN:15,System.Func`4<TInMain,TInToApply,System.Int32,TOut> Paillave.Etl.StreamNodes.ApplyArgs`3::get_IndexSelector()
FNDA:0,System.Func`4<TInMain,TInToApply,System.Int32,TOut> Paillave.Etl.StreamNodes.ApplyArgs`3::get_IndexSelector()
DA:16,0
FN:16,System.Boolean Paillave.Etl.StreamNodes.ApplyArgs`3::get_ExcludeNull()
FNDA:0,System.Boolean Paillave.Etl.StreamNodes.ApplyArgs`3::get_ExcludeNull()
DA:17,0
FN:17,System.Boolean Paillave.Etl.StreamNodes.ApplyArgs`3::get_WithNoDispose()
FNDA:0,System.Boolean Paillave.Etl.StreamNodes.ApplyArgs`3::get_WithNoDispose()
DA:18,0
FN:21,Paillave.Etl.Core.Streams.ISingleStream`1<TInMain> Paillave.Etl.StreamNodes.ApplySingleArgs`3::get_MainStream()
FNDA:0,Paillave.Etl.Core.Streams.ISingleStream`1<TInMain> Paillave.Etl.StreamNodes.ApplySingleArgs`3::get_MainStream()
DA:22,0
FN:22,Paillave.Etl.Core.Streams.ISingleStream`1<TInToApply> Paillave.Etl.StreamNodes.ApplySingleArgs`3::get_StreamToApply()
FNDA:0,Paillave.Etl.Core.Streams.ISingleStream`1<TInToApply> Paillave.Etl.StreamNodes.ApplySingleArgs`3::get_StreamToApply()
DA:23,0
FN:23,System.Func`3<TInMain,TInToApply,TOut> Paillave.Etl.StreamNodes.ApplySingleArgs`3::get_Selector()
FNDA:0,System.Func`3<TInMain,TInToApply,TOut> Paillave.Etl.StreamNodes.ApplySingleArgs`3::get_Selector()
DA:24,0
FN:24,System.Func`4<TInMain,TInToApply,System.Int32,TOut> Paillave.Etl.StreamNodes.ApplySingleArgs`3::get_IndexSelector()
FNDA:0,System.Func`4<TInMain,TInToApply,System.Int32,TOut> Paillave.Etl.StreamNodes.ApplySingleArgs`3::get_IndexSelector()
DA:25,0
FN:25,System.Boolean Paillave.Etl.StreamNodes.ApplySingleArgs`3::get_ExcludeNull()
FNDA:0,System.Boolean Paillave.Etl.StreamNodes.ApplySingleArgs`3::get_ExcludeNull()
DA:26,0
FN:26,System.Boolean Paillave.Etl.StreamNodes.ApplySingleArgs`3::get_WithNoDispose()
FNDA:0,System.Boolean Paillave.Etl.StreamNodes.ApplySingleArgs`3::get_WithNoDispose()
DA:27,0
FN:35,Paillave.Etl.Core.Streams.ISingleStream`1<TOut> Paillave.Etl.StreamNodes.ApplySingleStreamNode`3::CreateOutputStream(Paillave.Etl.StreamNodes.ApplySingleArgs`3<TInMain,TInToApply,TOut>)
FNDA:0,Paillave.Etl.Core.Streams.ISingleStream`1<TOut> Paillave.Etl.StreamNodes.ApplySingleStreamNode`3::CreateOutputStream(Paillave.Etl.StreamNodes.ApplySingleArgs`3<TInMain,TInToApply,TOut>)
DA:36,0
DA:38,0
DA:39,0
DA:41,0
DA:42,0
DA:43,0
DA:44,0
DA:45,0
BRDA:38,12,0,0
BRDA:38,12,1,0
BRDA:41,85,0,0
BRDA:41,85,1,0
BRDA:42,164,0,0
BRDA:43,173,0,0
BRDA:43,173,1,0
BRDA:42,164,1,0
FN:30,System.Void Paillave.Etl.StreamNodes.ApplySingleStreamNode`3::.ctor(System.String,Paillave.Etl.StreamNodes.ApplySingleArgs`3<TInMain,TInToApply,TOut>)
FNDA:0,System.Void Paillave.Etl.StreamNodes.ApplySingleStreamNode`3::.ctor(System.String,Paillave.Etl.StreamNodes.ApplySingleArgs`3<TInMain,TInToApply,TOut>)
DA:31,0
DA:32,0
DA:33,0
FN:54,Paillave.Etl.Core.Streams.IStream`1<TOut> Paillave.Etl.StreamNodes.ApplyStreamNode`3::CreateOutputStream(Paillave.Etl.StreamNodes.ApplyArgs`3<TInMain,TInToApply,TOut>)
FNDA:0,Paillave.Etl.Core.Streams.IStream`1<TOut> Paillave.Etl.StreamNodes.ApplyStreamNode`3::CreateOutputStream(Paillave.Etl.StreamNodes.ApplyArgs`3<TInMain,TInToApply,TOut>)
DA:55,0
DA:57,0
DA:58,0
DA:60,0
DA:61,0
DA:62,0
DA:63,0
DA:64,0
BRDA:57,12,0,0
BRDA:57,12,1,0
BRDA:60,85,0,0
BRDA:60,85,1,0
BRDA:61,164,0,0
BRDA:62,173,0,0
BRDA:62,173,1,0
BRDA:61,164,1,0
FN:49,System.Void Paillave.Etl.StreamNodes.ApplyStreamNode`3::.ctor(System.String,Paillave.Etl.StreamNodes.ApplyArgs`3<TInMain,TInToApply,TOut>)
FNDA:0,System.Void Paillave.Etl.StreamNodes.ApplyStreamNode`3::.ctor(System.String,Paillave.Etl.StreamNodes.ApplyArgs`3<TInMain,TInToApply,TOut>)
DA:50,0
DA:51,0
DA:52,0
LF:34
LH:0
BRF:16
BRH:0
FNF:16
FNH:0
end_of_record
SF:C:\Users\sroyer\Source\Repos\Etl.Net\src\Paillave.Etl\StreamNodes\CrossApplyStreamNode.cs
FN:12,System.Boolean Paillave.Etl.StreamNodes.CrossApplyArgs`5::get_NoParallelisation()
FNDA:0,System.Boolean Paillave.Etl.StreamNodes.CrossApplyArgs`5::get_NoParallelisation()
DA:13,0
FN:13,Paillave.Etl.Core.Streams.IStream`1<TInMain> Paillave.Etl.StreamNodes.CrossApplyArgs`5::get_MainStream()
FNDA:0,Paillave.Etl.Core.Streams.IStream`1<TInMain> Paillave.Etl.StreamNodes.CrossApplyArgs`5::get_MainStream()
DA:14,0
FN:14,Paillave.Etl.Core.Streams.ISingleStream`1<TInToApply> Paillave.Etl.StreamNodes.CrossApplyArgs`5::get_StreamToApply()
FNDA:0,Paillave.Etl.Core.Streams.ISingleStream`1<TInToApply> Paillave.Etl.StreamNodes.CrossApplyArgs`5::get_StreamToApply()
DA:15,0
FN:15,System.Func`3<TInMain,TInToApply,TValueIn> Paillave.Etl.StreamNodes.CrossApplyArgs`5::get_GetValueIn()
FNDA:0,System.Func`3<TInMain,TInToApply,TValueIn> Paillave.Etl.StreamNodes.CrossApplyArgs`5::get_GetValueIn()
DA:16,0
FN:16,System.Func`4<TValueOut,TInMain,TInToApply,TOut> Paillave.Etl.StreamNodes.CrossApplyArgs`5::get_GetValueOut()
FNDA:0,System.Func`4<TValueOut,TInMain,TInToApply,TOut> Paillave.Etl.StreamNodes.CrossApplyArgs`5::get_GetValueOut()
DA:17,0
FN:17,System.Action`3<TValueIn,TInToApply,System.Action`1<TValueOut>> Paillave.Etl.StreamNodes.CrossApplyArgs`5::get_ValuesProvider()
FNDA:0,System.Action`3<TValueIn,TInToApply,System.Action`1<TValueOut>> Paillave.Etl.StreamNodes.CrossApplyArgs`5::get_ValuesProvider()
DA:18,0
FN:21,System.Boolean Paillave.Etl.StreamNodes.CrossApplyArgs`4::get_NoParallelisation()
FNDA:0,System.Boolean Paillave.Etl.StreamNodes.CrossApplyArgs`4::get_NoParallelisation()
DA:22,0
FN:22,Paillave.Etl.Core.Streams.IStream`1<TIn> Paillave.Etl.StreamNodes.CrossApplyArgs`4::get_Stream()
FNDA:0,Paillave.Etl.Core.Streams.IStream`1<TIn> Paillave.Etl.StreamNodes.CrossApplyArgs`4::get_Stream()
DA:23,0
FN:23,System.Func`2<TIn,TValueIn> Paillave.Etl.StreamNodes.CrossApplyArgs`4::get_GetValueIn()
FNDA:0,System.Func`2<TIn,TValueIn> Paillave.Etl.StreamNodes.CrossApplyArgs`4::get_GetValueIn()
DA:24,0
FN:24,System.Func`3<TValueOut,TIn,TOut> Paillave.Etl.StreamNodes.CrossApplyArgs`4::get_GetValueOut()
FNDA:0,System.Func`3<TValueOut,TIn,TOut> Paillave.Etl.StreamNodes.CrossApplyArgs`4::get_GetValueOut()
DA:25,0
FN:25,System.Action`2<TValueIn,System.Action`1<TValueOut>> Paillave.Etl.StreamNodes.CrossApplyArgs`4::get_ValuesProvider()
FNDA:0,System.Action`2<TValueIn,System.Action`1<TValueOut>> Paillave.Etl.StreamNodes.CrossApplyArgs`4::get_ValuesProvider()
DA:26,0
FN:34,Paillave.Etl.Core.Streams.IStream`1<TOut> Paillave.Etl.StreamNodes.CrossApplyStreamNode`5::CreateOutputStream(Paillave.Etl.StreamNodes.CrossApplyArgs`5<TInMain,TInToApply,TValueIn,TValueOut,TOut>)
FNDA:0,Paillave.Etl.Core.Streams.IStream`1<TOut> Paillave.Etl.StreamNodes.CrossApplyStreamNode`5::CreateOutputStream(Paillave.Etl.StreamNodes.CrossApplyArgs`5<TInMain,TInToApply,TValueIn,TValueOut,TOut>)
DA:35,0
DA:36,0
DA:37,0
DA:38,0
DA:39,0
DA:40,0
DA:41,0
DA:42,0
DA:43,0
DA:44,0
DA:47,0
DA:48,0
DA:49,0
DA:50,0
DA:51,0
DA:52,0
DA:53,0
DA:54,0
DA:55,0
DA:56,0
DA:58,0
BRDA:36,57,0,0
BRDA:36,57,1,0
BRDA:37,102,0,0
BRDA:37,102,1,0
FN:29,System.Void Paillave.Etl.StreamNodes.CrossApplyStreamNode`5::.ctor(System.String,Paillave.Etl.StreamNodes.CrossApplyArgs`5<TInMain,TInToApply,TValueIn,TValueOut,TOut>)
FNDA:0,System.Void Paillave.Etl.StreamNodes.CrossApplyStreamNode`5::.ctor(System.String,Paillave.Etl.StreamNodes.CrossApplyArgs`5<TInMain,TInToApply,TValueIn,TValueOut,TOut>)
DA:30,0
DA:31,0
DA:32,0
FN:66,Paillave.Etl.Core.Streams.IStream`1<TOut> Paillave.Etl.StreamNodes.CrossApplyStreamNode`4::CreateOutputStream(Paillave.Etl.StreamNodes.CrossApplyArgs`4<TInMain,TValueIn,TValueOut,TOut>)
FNDA:0,Paillave.Etl.Core.Streams.IStream`1<TOut> Paillave.Etl.StreamNodes.CrossApplyStreamNode`4::CreateOutputStream(Paillave.Etl.StreamNodes.CrossApplyArgs`4<TInMain,TValueIn,TValueOut,TOut>)
DA:67,0
DA:68,0
DA:69,0
DA:70,0
DA:71,0
DA:72,0
DA:73,0
DA:74,0
DA:75,0
DA:78,0
DA:79,0
DA:80,0
DA:81,0
DA:82,0
DA:83,0
DA:84,0
DA:85,0
DA:86,0
DA:87,0
DA:88,0
DA:89,0
DA:90,0
DA:92,0
BRDA:68,27,0,0
BRDA:68,27,1,0
FN:61,System.Void Paillave.Etl.StreamNodes.CrossApplyStreamNode`4::.ctor(System.String,Paillave.Etl.StreamNodes.CrossApplyArgs`4<TInMain,TValueIn,TValueOut,TOut>)
FNDA:0,System.Void Paillave.Etl.StreamNodes.CrossApplyStreamNode`4::.ctor(System.String,Paillave.Etl.StreamNodes.CrossApplyArgs`4<TInMain,TValueIn,TValueOut,TOut>)
DA:62,0
DA:63,0
DA:64,0
LF:61
LH:0
BRF:6
BRH:0
FNF:15
FNH:0
end_of_record
SF:C:\Users\sroyer\Source\Repos\Etl.Net\src\Paillave.Etl\StreamNodes\DistinctSortedStreamNode.cs
FN:8,Paillave.Etl.Core.Streams.ISortedStream`2<TIn,TKey> Paillave.Etl.StreamNodes.DistinctSortedArgs`2::get_InputStream()
FNDA:0,Paillave.Etl.Core.Streams.ISortedStream`2<TIn,TKey> Paillave.Etl.StreamNodes.DistinctSortedArgs`2::get_InputStream()
DA:9,0
FN:17,Paillave.Etl.Core.Streams.IKeyedStream`2<TIn,TKey> Paillave.Etl.StreamNodes.DistinctSortedStreamNode`2::CreateOutputStream(Paillave.Etl.StreamNodes.DistinctSortedArgs`2<TIn,TKey>)
FNDA:0,Paillave.Etl.Core.Streams.IKeyedStream`2<TIn,TKey> Paillave.Etl.StreamNodes.DistinctSortedStreamNode`2::CreateOutputStream(Paillave.Etl.StreamNodes.DistinctSortedArgs`2<TIn,TKey>)
DA:18,0
DA:19,0
DA:20,0
FN:12,System.Void Paillave.Etl.StreamNodes.DistinctSortedStreamNode`2::.ctor(System.String,Paillave.Etl.StreamNodes.DistinctSortedArgs`2<TIn,TKey>)
FNDA:0,System.Void Paillave.Etl.StreamNodes.DistinctSortedStreamNode`2::.ctor(System.String,Paillave.Etl.StreamNodes.DistinctSortedArgs`2<TIn,TKey>)
DA:13,0
DA:14,0
DA:15,0
LF:7
LH:0
BRF:0
BRH:0
FNF:3
FNH:0
end_of_record
SF:C:\Users\sroyer\Source\Repos\Etl.Net\src\Paillave.Etl\StreamNodes\DistinctStreamNode.cs
FN:12,Paillave.Etl.Core.Streams.IStream`1<TIn> Paillave.Etl.StreamNodes.DistinctArgs`2::get_InputStream()
FNDA:0,Paillave.Etl.Core.Streams.IStream`1<TIn> Paillave.Etl.StreamNodes.DistinctArgs`2::get_InputStream()
DA:13,0
FN:13,System.Func`2<TIn,TKey> Paillave.Etl.StreamNodes.DistinctArgs`2::get_GetKey()
FNDA:0,System.Func`2<TIn,TKey> Paillave.Etl.StreamNodes.DistinctArgs`2::get_GetKey()
DA:14,0
FN:22,Paillave.Etl.Core.Streams.IStream`1<TIn> Paillave.Etl.StreamNodes.DistinctStreamNode`2::CreateOutputStream(Paillave.Etl.StreamNodes.DistinctArgs`2<TIn,TKey>)
FNDA:0,Paillave.Etl.Core.Streams.IStream`1<TIn> Paillave.Etl.StreamNodes.DistinctStreamNode`2::CreateOutputStream(Paillave.Etl.StreamNodes.DistinctArgs`2<TIn,TKey>)
DA:23,0
DA:24,0
DA:25,0
FN:17,System.Void Paillave.Etl.StreamNodes.DistinctStreamNode`2::.ctor(System.String,Paillave.Etl.StreamNodes.DistinctArgs`2<TIn,TKey>)
FNDA:0,System.Void Paillave.Etl.StreamNodes.DistinctStreamNode`2::.ctor(System.String,Paillave.Etl.StreamNodes.DistinctArgs`2<TIn,TKey>)
DA:18,0
DA:19,0
DA:20,0
LF:8
LH:0
BRF:0
BRH:0
FNF:4
FNH:0
end_of_record
SF:C:\Users\sroyer\Source\Repos\Etl.Net\src\Paillave.Etl\StreamNodes\EnsureKeyedStreamNode.cs
FN:13,Paillave.Etl.Core.Streams.IStream`1<T> Paillave.Etl.StreamNodes.EnsureKeyedArgs`2::get_Input()
FNDA:0,Paillave.Etl.Core.Streams.IStream`1<T> Paillave.Etl.StreamNodes.EnsureKeyedArgs`2::get_Input()
DA:14,0
FN:14,Paillave.Etl.Reactive.Core.SortDefinition`2<T,TKey> Paillave.Etl.StreamNodes.EnsureKeyedArgs`2::get_SortDefinition()
FNDA:0,Paillave.Etl.Reactive.Core.SortDefinition`2<T,TKey> Paillave.Etl.StreamNodes.EnsureKeyedArgs`2::get_SortDefinition()
DA:15,0
FN:23,Paillave.Etl.Core.Streams.IKeyedStream`2<TOut,TKey> Paillave.Etl.StreamNodes.EnsureKeyedStreamNode`2::CreateOutputStream(Paillave.Etl.StreamNodes.EnsureKeyedArgs`2<TOut,TKey>)
FNDA:0,Paillave.Etl.Core.Streams.IKeyedStream`2<TOut,TKey> Paillave.Etl.StreamNodes.EnsureKeyedStreamNode`2::CreateOutputStream(Paillave.Etl.StreamNodes.EnsureKeyedArgs`2<TOut,TKey>)
DA:24,0
DA:25,0
DA:26,0
FN:18,System.Void Paillave.Etl.StreamNodes.EnsureKeyedStreamNode`2::.ctor(System.String,Paillave.Etl.StreamNodes.EnsureKeyedArgs`2<TOut,TKey>)
FNDA:0,System.Void Paillave.Etl.StreamNodes.EnsureKeyedStreamNode`2::.ctor(System.String,Paillave.Etl.StreamNodes.EnsureKeyedArgs`2<TOut,TKey>)
DA:19,0
DA:20,0
DA:21,0
LF:8
LH:0
BRF:0
BRH:0
FNF:4
FNH:0
end_of_record
SF:C:\Users\sroyer\Source\Repos\Etl.Net\src\Paillave.Etl\StreamNodes\EnsureSingleStreamNode.cs
FN:13,Paillave.Etl.Core.Streams.IStream`1<T> Paillave.Etl.StreamNodes.EnsureSingleArgs`1::get_Input()
FNDA:0,Paillave.Etl.Core.Streams.IStream`1<T> Paillave.Etl.StreamNodes.EnsureSingleArgs`1::get_Input()
DA:14,0
FN:22,Paillave.Etl.Core.Streams.ISingleStream`1<TOut> Paillave.Etl.StreamNodes.EnsureSingleStreamNode`1::CreateOutputStream(Paillave.Etl.StreamNodes.EnsureSingleArgs`1<TOut>)
FNDA:0,Paillave.Etl.Core.Streams.ISingleStream`1<TOut> Paillave.Etl.StreamNodes.EnsureSingleStreamNode`1::CreateOutputStream(Paillave.Etl.StreamNodes.EnsureSingleArgs`1<TOut>)
DA:23,0
DA:24,0
DA:25,0
DA:26,0
DA:27,0
DA:28,0
DA:29,0
FN:17,System.Void Paillave.Etl.StreamNodes.EnsureSingleStreamNode`1::.ctor(System.String,Paillave.Etl.StreamNodes.EnsureSingleArgs`1<TOut>)
FNDA:0,System.Void Paillave.Etl.StreamNodes.EnsureSingleStreamNode`1::.ctor(System.String,Paillave.Etl.StreamNodes.EnsureSingleArgs`1<TOut>)
DA:18,0
DA:19,0
DA:20,0
LF:11
LH:0
BRF:2
BRH:0
FNF:3
FNH:0
end_of_record
SF:C:\Users\sroyer\Source\Repos\Etl.Net\src\Paillave.Etl\StreamNodes\EnsureSortedStreamNode.cs
FN:13,Paillave.Etl.Core.Streams.IStream`1<T> Paillave.Etl.StreamNodes.EnsureSortedArgs`2::get_Input()
FNDA:0,Paillave.Etl.Core.Streams.IStream`1<T> Paillave.Etl.StreamNodes.EnsureSortedArgs`2::get_Input()
DA:14,0
FN:14,Paillave.Etl.Reactive.Core.SortDefinition`2<T,TKey> Paillave.Etl.StreamNodes.EnsureSortedArgs`2::get_SortDefinition()
FNDA:0,Paillave.Etl.Reactive.Core.SortDefinition`2<T,TKey> Paillave.Etl.StreamNodes.EnsureSortedArgs`2::get_SortDefinition()
DA:15,0
FN:23,Paillave.Etl.Core.Streams.ISortedStream`2<TOut,TKey> Paillave.Etl.StreamNodes.EnsureSortedStreamNode`2::CreateOutputStream(Paillave.Etl.StreamNodes.EnsureSortedArgs`2<TOut,TKey>)
FNDA:0,Paillave.Etl.Core.Streams.ISortedStream`2<TOut,TKey> Paillave.Etl.StreamNodes.EnsureSortedStreamNode`2::CreateOutputStream(Paillave.Etl.StreamNodes.EnsureSortedArgs`2<TOut,TKey>)
DA:24,0
DA:25,0
DA:26,0
FN:18,System.Void Paillave.Etl.StreamNodes.EnsureSortedStreamNode`2::.ctor(System.String,Paillave.Etl.StreamNodes.EnsureSortedArgs`2<TOut,TKey>)
FNDA:0,System.Void Paillave.Etl.StreamNodes.EnsureSortedStreamNode`2::.ctor(System.String,Paillave.Etl.StreamNodes.EnsureSortedArgs`2<TOut,TKey>)
DA:19,0
DA:20,0
DA:21,0
LF:8
LH:0
BRF:0
BRH:0
FNF:4
FNH:0
end_of_record
SF:C:\Users\sroyer\Source\Repos\Etl.Net\src\Paillave.Etl\StreamNodes\FirstStreamNode.cs
FN:11,Paillave.Etl.Core.Streams.IStream`1<TOut> Paillave.Etl.StreamNodes.FirstArgs`1::get_Input()
FNDA:0,Paillave.Etl.Core.Streams.IStream`1<TOut> Paillave.Etl.StreamNodes.FirstArgs`1::get_Input()
DA:12,0
FN:20,Paillave.Etl.Core.Streams.ISingleStream`1<TOut> Paillave.Etl.StreamNodes.FirstStreamNode`1::CreateOutputStream(Paillave.Etl.StreamNodes.FirstArgs`1<TOut>)
FNDA:0,Paillave.Etl.Core.Streams.ISingleStream`1<TOut> Paillave.Etl.StreamNodes.FirstStreamNode`1::CreateOutputStream(Paillave.Etl.StreamNodes.FirstArgs`1<TOut>)
DA:21,0
DA:22,0
DA:23,0
FN:15,System.Void Paillave.Etl.StreamNodes.FirstStreamNode`1::.ctor(System.String,Paillave.Etl.StreamNodes.FirstArgs`1<TOut>)
FNDA:0,System.Void Paillave.Etl.StreamNodes.FirstStreamNode`1::.ctor(System.String,Paillave.Etl.StreamNodes.FirstArgs`1<TOut>)
DA:16,0
DA:17,0
DA:18,0
LF:7
LH:0
BRF:0
BRH:0
FNF:3
FNH:0
end_of_record
SF:C:\Users\sroyer\Source\Repos\Etl.Net\src\Paillave.Etl\StreamNodes\GroupByStreamNode.cs
FN:13,Paillave.Etl.Core.Streams.IStream`1<TIn> Paillave.Etl.StreamNodes.GroupArgs`3::get_Stream()
FNDA:0,Paillave.Etl.Core.Streams.IStream`1<TIn> Paillave.Etl.StreamNodes.GroupArgs`3::get_Stream()
DA:14,0
FN:14,System.Func`2<TIn,TKey> Paillave.Etl.StreamNodes.GroupArgs`3::get_GetKey()
FNDA:0,System.Func`2<TIn,TKey> Paillave.Etl.StreamNodes.GroupArgs`3::get_GetKey()
DA:15,0
FN:15,System.Func`2<Paillave.Etl.Core.Streams.IStream`1<TIn>,Paillave.Etl.Core.Streams.IStream`1<TOut>> Paillave.Etl.StreamNodes.GroupArgs`3::get_SubProcess()
FNDA:0,System.Func`2<Paillave.Etl.Core.Streams.IStream`1<TIn>,Paillave.Etl.Core.Streams.IStream`1<TOut>> Paillave.Etl.StreamNodes.GroupArgs`3::get_SubProcess()
DA:16,0
FN:23,Paillave.Etl.Core.Streams.IStream`1<TOut> Paillave.Etl.StreamNodes.GroupByStreamNode`3::CreateOutputStream(Paillave.Etl.StreamNodes.GroupArgs`3<TIn,TKey,TOut>)
FNDA:0,Paillave.Etl.Core.Streams.IStream`1<TOut> Paillave.Etl.StreamNodes.GroupByStreamNode`3::CreateOutputStream(Paillave.Etl.StreamNodes.GroupArgs`3<TIn,TKey,TOut>)
DA:24,0
DA:25,0
DA:26,0
DA:27,0
DA:28,0
DA:29,0
DA:30,0
DA:31,0
DA:32,0
DA:33,0
BRDA:25,37,0,0
BRDA:25,37,1,0
FN:19,System.Void Paillave.Etl.StreamNodes.GroupByStreamNode`3::.ctor(System.String,Paillave.Etl.StreamNodes.GroupArgs`3<TIn,TKey,TOut>)
FNDA:0,System.Void Paillave.Etl.StreamNodes.GroupByStreamNode`3::.ctor(System.String,Paillave.Etl.StreamNodes.GroupArgs`3<TIn,TKey,TOut>)
DA:20,0
DA:21,0
DA:22,0
LF:16
LH:0
BRF:2
BRH:0
FNF:5
FNH:0
end_of_record
SF:C:\Users\sroyer\Source\Repos\Etl.Net\src\Paillave.Etl\StreamNodes\JoinStreamNode.cs
FN:13,Paillave.Etl.Core.Streams.ISortedStream`2<TInLeft,TKey> Paillave.Etl.StreamNodes.JoinArgs`4::get_LeftInputStream()
FNDA:0,Paillave.Etl.Core.Streams.ISortedStream`2<TInLeft,TKey> Paillave.Etl.StreamNodes.JoinArgs`4::get_LeftInputStream()
DA:14,0
FN:14,Paillave.Etl.Core.Streams.IKeyedStream`2<TInRight,TKey> Paillave.Etl.StreamNodes.JoinArgs`4::get_RightInputStream()
FNDA:0,Paillave.Etl.Core.Streams.IKeyedStream`2<TInRight,TKey> Paillave.Etl.StreamNodes.JoinArgs`4::get_RightInputStream()
DA:15,0
FN:15,System.Func`3<TInLeft,TInRight,TOut> Paillave.Etl.StreamNodes.JoinArgs`4::get_ResultSelector()
FNDA:0,System.Func`3<TInLeft,TInRight,TOut> Paillave.Etl.StreamNodes.JoinArgs`4::get_ResultSelector()
DA:16,0
FN:16,System.Boolean Paillave.Etl.StreamNodes.JoinArgs`4::get_RedirectErrorsInsteadOfFail()
FNDA:0,System.Boolean Paillave.Etl.StreamNodes.JoinArgs`4::get_RedirectErrorsInsteadOfFail()
DA:17,0
FN:25,Paillave.Etl.Core.Streams.IStream`1<TOut> Paillave.Etl.StreamNodes.JoinStreamNode`4::CreateOutputStream(Paillave.Etl.StreamNodes.JoinArgs`4<TInLeft,TInRight,TOut,TKey>)
FNDA:0,Paillave.Etl.Core.Streams.IStream`1<TOut> Paillave.Etl.StreamNodes.JoinStreamNode`4::CreateOutputStream(Paillave.Etl.StreamNodes.JoinArgs`4<TInLeft,TInRight,TOut,TKey>)
DA:26,0
DA:27,0
DA:28,0
FN:20,System.Void Paillave.Etl.StreamNodes.JoinStreamNode`4::.ctor(System.String,Paillave.Etl.StreamNodes.JoinArgs`4<TInLeft,TInRight,TOut,TKey>)
FNDA:0,System.Void Paillave.Etl.StreamNodes.JoinStreamNode`4::.ctor(System.String,Paillave.Etl.StreamNodes.JoinArgs`4<TInLeft,TInRight,TOut,TKey>)
DA:21,0
DA:22,0
DA:23,0
LF:10
LH:0
BRF:0
BRH:0
FNF:6
FNH:0
end_of_record
SF:C:\Users\sroyer\Source\Repos\Etl.Net\src\Paillave.Etl\StreamNodes\LastStreamNode.cs
FN:11,Paillave.Etl.Core.Streams.IStream`1<TOut> Paillave.Etl.StreamNodes.LastArgs`1::get_Input()
FNDA:0,Paillave.Etl.Core.Streams.IStream`1<TOut> Paillave.Etl.StreamNodes.LastArgs`1::get_Input()
DA:12,0
FN:20,Paillave.Etl.Core.Streams.ISingleStream`1<TOut> Paillave.Etl.StreamNodes.LastStreamNode`1::CreateOutputStream(Paillave.Etl.StreamNodes.LastArgs`1<TOut>)
FNDA:0,Paillave.Etl.Core.Streams.ISingleStream`1<TOut> Paillave.Etl.StreamNodes.LastStreamNode`1::CreateOutputStream(Paillave.Etl.StreamNodes.LastArgs`1<TOut>)
DA:21,0
DA:22,0
DA:23,0
FN:15,System.Void Paillave.Etl.StreamNodes.LastStreamNode`1::.ctor(System.String,Paillave.Etl.StreamNodes.LastArgs`1<TOut>)
FNDA:0,System.Void Paillave.Etl.StreamNodes.LastStreamNode`1::.ctor(System.String,Paillave.Etl.StreamNodes.LastArgs`1<TOut>)
DA:16,0
DA:17,0
DA:18,0
LF:7
LH:0
BRF:0
BRH:0
FNF:3
FNH:0
end_of_record
SF:C:\Users\sroyer\Source\Repos\Etl.Net\src\Paillave.Etl\StreamNodes\LookupStreamNode.cs
FN:12,Paillave.Etl.Core.Streams.IStream`1<TInLeft> Paillave.Etl.StreamNodes.LookupArgs`4::get_LeftInputStream()
FNDA:0,Paillave.Etl.Core.Streams.IStream`1<TInLeft> Paillave.Etl.StreamNodes.LookupArgs`4::get_LeftInputStream()
DA:13,0
FN:13,Paillave.Etl.Core.Streams.IStream`1<TInRight> Paillave.Etl.StreamNodes.LookupArgs`4::get_RightInputStream()
FNDA:0,Paillave.Etl.Core.Streams.IStream`1<TInRight> Paillave.Etl.StreamNodes.LookupArgs`4::get_RightInputStream()
DA:14,0
FN:14,System.Func`2<TInLeft,TKey> Paillave.Etl.StreamNodes.LookupArgs`4::get_GetLeftStreamKey()
FNDA:0,System.Func`2<TInLeft,TKey> Paillave.Etl.StreamNodes.LookupArgs`4::get_GetLeftStreamKey()
DA:15,0
FN:15,System.Func`2<TInRight,TKey> Paillave.Etl.StreamNodes.LookupArgs`4::get_GetRightStreamKey()
FNDA:0,System.Func`2<TInRight,TKey> Paillave.Etl.StreamNodes.LookupArgs`4::get_GetRightStreamKey()
DA:16,0
FN:16,System.Func`3<TInLeft,TInRight,TOut> Paillave.Etl.StreamNodes.LookupArgs`4::get_ResultSelector()
FNDA:0,System.Func`3<TInLeft,TInRight,TOut> Paillave.Etl.StreamNodes.LookupArgs`4::get_ResultSelector()
DA:17,0
FN:25,Paillave.Etl.Core.Streams.IStream`1<TOut> Paillave.Etl.StreamNodes.LookupStreamNode`4::CreateOutputStream(Paillave.Etl.StreamNodes.LookupArgs`4<TInLeft,TInRight,TOut,TKey>)
FNDA:0,Paillave.Etl.Core.Streams.IStream`1<TOut> Paillave.Etl.StreamNodes.LookupStreamNode`4::CreateOutputStream(Paillave.Etl.StreamNodes.LookupArgs`4<TInLeft,TInRight,TOut,TKey>)
DA:26,0
DA:27,0
DA:28,0
DA:29,0
DA:30,0
FN:31,TInRight Paillave.Etl.StreamNodes.LookupStreamNode`4::HandleMatching(TInLeft,System.Collections.Generic.Dictionary`2<TKey,TInRight>,System.Func`2<TInLeft,TKey>)
FNDA:0,TInRight Paillave.Etl.StreamNodes.LookupStreamNode`4::HandleMatching(TInLeft,System.Collections.Generic.Dictionary`2<TKey,TInRight>,System.Func`2<TInLeft,TKey>)
DA:32,0
DA:33,0
DA:34,0
DA:35,0
DA:36,0
DA:37,0
BRDA:34,20,0,0
BRDA:34,20,1,0
FN:20,System.Void Paillave.Etl.StreamNodes.LookupStreamNode`4::.ctor(System.String,Paillave.Etl.StreamNodes.LookupArgs`4<TInLeft,TInRight,TOut,TKey>)
FNDA:0,System.Void Paillave.Etl.StreamNodes.LookupStreamNode`4::.ctor(System.String,Paillave.Etl.StreamNodes.LookupArgs`4<TInLeft,TInRight,TOut,TKey>)
DA:21,0
DA:22,0
DA:23,0
LF:19
LH:0
BRF:10
BRH:0
FNF:8
FNH:0
end_of_record
SF:C:\Users\sroyer\Source\Repos\Etl.Net\src\Paillave.Etl\StreamNodes\PivotSortedStreamNode.cs
FN:14,Paillave.Etl.Core.Streams.ISortedStream`2<TIn,TKey> Paillave.Etl.StreamNodes.PivotSortedArgs`3::get_InputStream()
FNDA:0,Paillave.Etl.Core.Streams.ISortedStream`2<TIn,TKey> Paillave.Etl.StreamNodes.PivotSortedArgs`3::get_InputStream()
DA:15,0
FN:24,Paillave.Etl.Core.Streams.ISortedStream`2<Paillave.Etl.StreamNodes.AggregationResult`3<TIn,TKey,TAggrRes>,TKey> Paillave.Etl.StreamNodes.PivotSortedStreamNode`3::CreateOutputStream(Paillave.Etl.StreamNodes.PivotSortedArgs`3<TIn,TAggrRes,TKey>)
FNDA:0,Paillave.Etl.Core.Streams.ISortedStream`2<Paillave.Etl.StreamNodes.AggregationResult`3<TIn,TKey,TAggrRes>,TKey> Paillave.Etl.StreamNodes.PivotSortedStreamNode`3::CreateOutputStream(Paillave.Etl.StreamNodes.PivotSortedArgs`3<TIn,TAggrRes,TKey>)
DA:25,0
DA:26,0
DA:27,0
DA:28,0
DA:29,0
DA:30,0
DA:31,0
DA:32,0
DA:33,0
DA:34,0
DA:35,0
DA:36,0
DA:37,0
DA:38,0
DA:39,0
BRDA:27,109,0,0
BRDA:27,109,1,0
FN:19,System.Void Paillave.Etl.StreamNodes.PivotSortedStreamNode`3::.ctor(System.String,Paillave.Etl.StreamNodes.PivotSortedArgs`3<TIn,TAggrRes,TKey>)
FNDA:0,System.Void Paillave.Etl.StreamNodes.PivotSortedStreamNode`3::.ctor(System.String,Paillave.Etl.StreamNodes.PivotSortedArgs`3<TIn,TAggrRes,TKey>)
DA:20,0
DA:21,0
DA:22,0
FN:42,TIn Paillave.Etl.StreamNodes.AggregationResult`3::get_FirstValue()
FNDA:0,TIn Paillave.Etl.StreamNodes.AggregationResult`3::get_FirstValue()
DA:43,0
FN:43,TKey Paillave.Etl.StreamNodes.AggregationResult`3::get_Key()
FNDA:0,TKey Paillave.Etl.StreamNodes.AggregationResult`3::get_Key()
DA:44,0
FN:44,TAggrRes Paillave.Etl.StreamNodes.AggregationResult`3::get_Aggregation()
FNDA:0,TAggrRes Paillave.Etl.StreamNodes.AggregationResult`3::get_Aggregation()
DA:45,0
LF:22
LH:0
BRF:2
BRH:0
FNF:6
FNH:0
end_of_record
SF:C:\Users\sroyer\Source\Repos\Etl.Net\src\Paillave.Etl\StreamNodes\PivotStreamNode.cs
FN:12,Paillave.Etl.Core.Streams.IStream`1<TIn> Paillave.Etl.StreamNodes.PivotArgs`3::get_InputStream()
FNDA:0,Paillave.Etl.Core.Streams.IStream`1<TIn> Paillave.Etl.StreamNodes.PivotArgs`3::get_InputStream()
DA:13,0
FN:13,System.Func`2<TIn,TKey> Paillave.Etl.StreamNodes.PivotArgs`3::get_GetKey()
FNDA:0,System.Func`2<TIn,TKey> Paillave.Etl.StreamNodes.PivotArgs`3::get_GetKey()
DA:14,0
FN:23,Paillave.Etl.Core.Streams.IStream`1<Paillave.Etl.StreamNodes.AggregationResult`3<TIn,TKey,TAggrRes>> Paillave.Etl.StreamNodes.PivotStreamNode`3::CreateOutputStream(Paillave.Etl.StreamNodes.PivotArgs`3<TIn,TAggrRes,TKey>)
FNDA:0,Paillave.Etl.Core.Streams.IStream`1<Paillave.Etl.StreamNodes.AggregationResult`3<TIn,TKey,TAggrRes>> Paillave.Etl.StreamNodes.PivotStreamNode`3::CreateOutputStream(Paillave.Etl.StreamNodes.PivotArgs`3<TIn,TAggrRes,TKey>)
DA:24,0
DA:25,0
DA:26,0
DA:27,0
DA:28,0
DA:29,0
DA:30,0
DA:31,0
DA:32,0
DA:33,0
DA:34,0
DA:35,0
DA:36,0
FN:18,System.Void Paillave.Etl.StreamNodes.PivotStreamNode`3::.ctor(System.String,Paillave.Etl.StreamNodes.PivotArgs`3<TIn,TAggrRes,TKey>)
FNDA:0,System.Void Paillave.Etl.StreamNodes.PivotStreamNode`3::.ctor(System.String,Paillave.Etl.StreamNodes.PivotArgs`3<TIn,TAggrRes,TKey>)
DA:19,0
DA:20,0
DA:21,0
LF:18
LH:0
BRF:0
BRH:0
FNF:4
FNH:0
end_of_record
SF:C:\Users\sroyer\Source\Repos\Etl.Net\src\Paillave.Etl\StreamNodes\SelectProcessor.cs
FN:48,TOut Paillave.Etl.StreamNodes.SimpleSelectProcessor`2::ProcessRow(TIn)
FNDA:0,TOut Paillave.Etl.StreamNodes.SimpleSelectProcessor`2::ProcessRow(TIn)
DA:49,0
DA:50,0
DA:51,0
FN:38,System.Void Paillave.Etl.StreamNodes.SimpleSelectProcessor`2::.ctor(System.Func`2<TIn,TOut>)
FNDA:0,System.Void Paillave.Etl.StreamNodes.SimpleSelectProcessor`2::.ctor(System.Func`2<TIn,TOut>)
DA:39,0
DA:40,0
DA:41,0
DA:42,0
FN:78,TOut Paillave.Etl.StreamNodes.ContextSelectProcessor`3::ProcessRow(TIn)
FNDA:0,TOut Paillave.Etl.StreamNodes.ContextSelectProcessor`3::ProcessRow(TIn)
DA:79,0
DA:80,0
DA:81,0
FN:82,System.Void Paillave.Etl.StreamNodes.ContextSelectProcessor`3::SetContext(TCtx)
FNDA:0,System.Void Paillave.Etl.StreamNodes.ContextSelectProcessor`3::SetContext(TCtx)
DA:83,0
DA:84,0
DA:85,0
FN:67,System.Void Paillave.Etl.StreamNodes.ContextSelectProcessor`3::.ctor(System.Func`4<TIn,TCtx,System.Action`1<TCtx>,TOut>,TCtx)
FNDA:0,System.Void Paillave.Etl.StreamNodes.ContextSelectProcessor`3::.ctor(System.Func`4<TIn,TCtx,System.Action`1<TCtx>,TOut>,TCtx)
DA:68,0
DA:69,0
DA:70,0
DA:71,0
DA:72,0
FN:128,TOut Paillave.Etl.StreamNodes.SimpleSelectWithIndexProcessor`2::ProcessRow(TIn,System.Int32)
FNDA:0,TOut Paillave.Etl.StreamNodes.SimpleSelectWithIndexProcessor`2::ProcessRow(TIn,System.Int32)
DA:129,0
DA:130,0
DA:131,0
FN:117,System.Void Paillave.Etl.StreamNodes.SimpleSelectWithIndexProcessor`2::.ctor(System.Func`3<TIn,System.Int32,TOut>)
FNDA:0,System.Void Paillave.Etl.StreamNodes.SimpleSelectWithIndexProcessor`2::.ctor(System.Func`3<TIn,System.Int32,TOut>)
DA:118,0
DA:119,0
DA:120,0
DA:121,0
FN:159,TOut Paillave.Etl.StreamNodes.ContextSelectWithIndexProcessor`3::ProcessRow(TIn,System.Int32)
FNDA:0,TOut Paillave.Etl.StreamNodes.ContextSelectWithIndexProcessor`3::ProcessRow(TIn,System.Int32)
DA:160,0
DA:161,0
DA:162,0
FN:163,System.Void Paillave.Etl.StreamNodes.ContextSelectWithIndexProcessor`3::SetContext(TCtx)
FNDA:0,System.Void Paillave.Etl.StreamNodes.ContextSelectWithIndexProcessor`3::SetContext(TCtx)
DA:164,0
DA:165,0
DA:166,0
FN:147,System.Void Paillave.Etl.StreamNodes.ContextSelectWithIndexProcessor`3::.ctor(System.Func`5<TIn,System.Int32,TCtx,System.Action`1<TCtx>,TOut>,TCtx)
FNDA:0,System.Void Paillave.Etl.StreamNodes.ContextSelectWithIndexProcessor`3::.ctor(System.Func`5<TIn,System.Int32,TCtx,System.Action`1<TCtx>,TOut>,TCtx)
DA:148,0
DA:149,0
DA:150,0
DA:151,0
DA:152,0
LF:36
LH:0
BRF:0
BRH:0
FNF:10
FNH:0
end_of_record
SF:C:\Users\sroyer\Source\Repos\Etl.Net\src\Paillave.Etl\StreamNodes\SelectSectionStreamNode.cs
FN:12,Paillave.Etl.Core.Streams.IStream`1<TIn> Paillave.Etl.StreamNodes.SelectSectionArgs`1::get_Stream()
FNDA:0,Paillave.Etl.Core.Streams.IStream`1<TIn> Paillave.Etl.StreamNodes.SelectSectionArgs`1::get_Stream()
DA:13,0
FN:13,System.Nullable`1<Paillave.Etl.Reactive.Operators.KeepingState> Paillave.Etl.StreamNodes.SelectSectionArgs`1::get_InitialState()
FNDA:0,System.Nullable`1<Paillave.Etl.Reactive.Operators.KeepingState> Paillave.Etl.StreamNodes.SelectSectionArgs`1::get_InitialState()
DA:14,0
FN:14,System.Func`2<TIn,Paillave.Etl.Reactive.Operators.SwitchBehavior> Paillave.Etl.StreamNodes.SelectSectionArgs`1::get_SwitchToKeep()
FNDA:0,System.Func`2<TIn,Paillave.Etl.Reactive.Operators.SwitchBehavior> Paillave.Etl.StreamNodes.SelectSectionArgs`1::get_SwitchToKeep()
DA:15,0
FN:15,System.Func`2<TIn,Paillave.Etl.Reactive.Operators.SwitchBehavior> Paillave.Etl.StreamNodes.SelectSectionArgs`1::get_SwitchToIgnore()
FNDA:0,System.Func`2<TIn,Paillave.Etl.Reactive.Operators.SwitchBehavior> Paillave.Etl.StreamNodes.SelectSectionArgs`1::get_SwitchToIgnore()
DA:16,0
FN:19,Paillave.Etl.Core.Streams.IStream`1<TIn> Paillave.Etl.StreamNodes.SelectSectionArgs`2::get_Stream()
FNDA:0,Paillave.Etl.Core.Streams.IStream`1<TIn> Paillave.Etl.StreamNodes.SelectSectionArgs`2::get_Stream()
DA:20,0
FN:20,System.Nullable`1<Paillave.Etl.Reactive.Operators.KeepingState> Paillave.Etl.StreamNodes.SelectSectionArgs`2::get_InitialState()
FNDA:0,System.Nullable`1<Paillave.Etl.Reactive.Operators.KeepingState> Paillave.Etl.StreamNodes.SelectSectionArgs`2::get_InitialState()
DA:21,0
FN:21,System.Func`2<TIn,Paillave.Etl.Reactive.Operators.SwitchBehavior> Paillave.Etl.StreamNodes.SelectSectionArgs`2::get_SwitchToKeep()
FNDA:0,System.Func`2<TIn,Paillave.Etl.Reactive.Operators.SwitchBehavior> Paillave.Etl.StreamNodes.SelectSectionArgs`2::get_SwitchToKeep()
DA:22,0
FN:22,System.Func`2<TIn,Paillave.Etl.Reactive.Operators.SwitchBehavior> Paillave.Etl.StreamNodes.SelectSectionArgs`2::get_SwitchToIgnore()
FNDA:0,System.Func`2<TIn,Paillave.Etl.Reactive.Operators.SwitchBehavior> Paillave.Etl.StreamNodes.SelectSectionArgs`2::get_SwitchToIgnore()
DA:23,0
FN:23,System.Func`3<TIn,System.Int32,TOut> Paillave.Etl.StreamNodes.SelectSectionArgs`2::get_ResultSelector()
FNDA:0,System.Func`3<TIn,System.Int32,TOut> Paillave.Etl.StreamNodes.SelectSectionArgs`2::get_ResultSelector()
DA:24,0
FN:32,Paillave.Etl.Core.Streams.IStream`1<TIn> Paillave.Etl.StreamNodes.SelectSectionStreamNode`1::CreateOutputStream(Paillave.Etl.StreamNodes.SelectSectionArgs`1<TIn>)
FNDA:0,Paillave.Etl.Core.Streams.IStream`1<TIn> Paillave.Etl.StreamNodes.SelectSectionStreamNode`1::CreateOutputStream(Paillave.Etl.StreamNodes.SelectSectionArgs`1<TIn>)
DA:33,0
DA:35,0
DA:36,0
DA:37,0
DA:38,0
DA:40,0
DA:41,0
DA:43,0
DA:44,0
DA:45,0
DA:47,0
DA:48,0
DA:49,0
DA:50,0
BRDA:35,20,0,0
BRDA:37,34,0,0
BRDA:37,34,1,0
BRDA:35,20,1,0
BRDA:44,107,0,0
BRDA:44,107,1,0
FN:27,System.Void Paillave.Etl.StreamNodes.SelectSectionStreamNode`1::.ctor(System.String,Paillave.Etl.StreamNodes.SelectSectionArgs`1<TIn>)
FNDA:0,System.Void Paillave.Etl.StreamNodes.SelectSectionStreamNode`1::.ctor(System.String,Paillave.Etl.StreamNodes.SelectSectionArgs`1<TIn>)
DA:28,0
DA:29,0
DA:30,0
FN:60,Paillave.Etl.Core.Streams.IStream`1<TOut> Paillave.Etl.StreamNodes.SelectSectionStreamNode`2::CreateOutputStream(Paillave.Etl.StreamNodes.SelectSectionArgs`2<TIn,TOut>)
FNDA:0,Paillave.Etl.Core.Streams.IStream`1<TOut> Paillave.Etl.StreamNodes.SelectSectionStreamNode`2::CreateOutputStream(Paillave.Etl.StreamNodes.SelectSectionArgs`2<TIn,TOut>)
DA:61,0
DA:63,0
DA:64,0
DA:65,0
DA:66,0
DA:68,0
DA:69,0
DA:71,0
DA:72,0
DA:73,0
DA:75,0
DA:76,0
DA:77,0
DA:78,0
BRDA:63,20,0,0
BRDA:65,34,0,0
BRDA:65,34,1,0
BRDA:63,20,1,0
BRDA:72,119,0,0
BRDA:72,119,1,0
FN:55,System.Void Paillave.Etl.StreamNodes.SelectSectionStreamNode`2::.ctor(System.String,Paillave.Etl.StreamNodes.SelectSectionArgs`2<TIn,TOut>)
FNDA:0,System.Void Paillave.Etl.StreamNodes.SelectSectionStreamNode`2::.ctor(System.String,Paillave.Etl.StreamNodes.SelectSectionArgs`2<TIn,TOut>)
DA:56,0
DA:57,0
DA:58,0
LF:43
LH:0
BRF:12
BRH:0
FNF:13
FNH:0
end_of_record
SF:C:\Users\sroyer\Source\Repos\Etl.Net\src\Paillave.Etl\StreamNodes\SelectStreamNode.cs
FN:13,Paillave.Etl.Core.Streams.IStream`1<TIn> Paillave.Etl.StreamNodes.SelectArgs`2::get_Stream()
FNDA:0,Paillave.Etl.Core.Streams.IStream`1<TIn> Paillave.Etl.StreamNodes.SelectArgs`2::get_Stream()
DA:14,0
FN:14,Paillave.Etl.StreamNodes.ISelectProcessor`2<TIn,TOut> Paillave.Etl.StreamNodes.SelectArgs`2::get_Processor()
FNDA:0,Paillave.Etl.StreamNodes.ISelectProcessor`2<TIn,TOut> Paillave.Etl.StreamNodes.SelectArgs`2::get_Processor()
DA:15,0
FN:15,System.Boolean Paillave.Etl.StreamNodes.SelectArgs`2::get_WithNoDispose()
FNDA:0,System.Boolean Paillave.Etl.StreamNodes.SelectArgs`2::get_WithNoDispose()
DA:16,0
FN:24,Paillave.Etl.Core.Streams.IStream`1<TOut> Paillave.Etl.StreamNodes.SelectStreamNode`2::CreateOutputStream(Paillave.Etl.StreamNodes.SelectArgs`2<TIn,TOut>)
FNDA:0,Paillave.Etl.Core.Streams.IStream`1<TOut> Paillave.Etl.StreamNodes.SelectStreamNode`2::CreateOutputStream(Paillave.Etl.StreamNodes.SelectArgs`2<TIn,TOut>)
DA:25,0
DA:26,0
DA:27,0
DA:28,0
FN:19,System.Void Paillave.Etl.StreamNodes.SelectStreamNode`2::.ctor(System.String,Paillave.Etl.StreamNodes.SelectArgs`2<TIn,TOut>)
FNDA:0,System.Void Paillave.Etl.StreamNodes.SelectStreamNode`2::.ctor(System.String,Paillave.Etl.StreamNodes.SelectArgs`2<TIn,TOut>)
DA:20,0
DA:21,0
DA:22,0
FN:34,Paillave.Etl.Core.Streams.IStream`1<TIn> Paillave.Etl.StreamNodes.SelectWithIndexArgs`2::get_Stream()
FNDA:0,Paillave.Etl.Core.Streams.IStream`1<TIn> Paillave.Etl.StreamNodes.SelectWithIndexArgs`2::get_Stream()
DA:35,0
FN:35,Paillave.Etl.StreamNodes.ISelectWithIndexProcessor`2<TIn,TOut> Paillave.Etl.StreamNodes.SelectWithIndexArgs`2::get_Processor()
FNDA:0,Paillave.Etl.StreamNodes.ISelectWithIndexProcessor`2<TIn,TOut> Paillave.Etl.StreamNodes.SelectWithIndexArgs`2::get_Processor()
DA:36,0
FN:36,System.Boolean Paillave.Etl.StreamNodes.SelectWithIndexArgs`2::get_WithNoDispose()
FNDA:0,System.Boolean Paillave.Etl.StreamNodes.SelectWithIndexArgs`2::get_WithNoDispose()
DA:37,0
FN:45,Paillave.Etl.Core.Streams.IStream`1<TOut> Paillave.Etl.StreamNodes.SelectWithIndexStreamNode`2::CreateOutputStream(Paillave.Etl.StreamNodes.SelectWithIndexArgs`2<TIn,TOut>)
FNDA:0,Paillave.Etl.Core.Streams.IStream`1<TOut> Paillave.Etl.StreamNodes.SelectWithIndexStreamNode`2::CreateOutputStream(Paillave.Etl.StreamNodes.SelectWithIndexArgs`2<TIn,TOut>)
DA:46,0
DA:47,0
DA:48,0
DA:49,0
FN:40,System.Void Paillave.Etl.StreamNodes.SelectWithIndexStreamNode`2::.ctor(System.String,Paillave.Etl.StreamNodes.SelectWithIndexArgs`2<TIn,TOut>)
FNDA:0,System.Void Paillave.Etl.StreamNodes.SelectWithIndexStreamNode`2::.ctor(System.String,Paillave.Etl.StreamNodes.SelectWithIndexArgs`2<TIn,TOut>)
DA:41,0
DA:42,0
DA:43,0
FN:55,Paillave.Etl.Core.Streams.ISingleStream`1<TIn> Paillave.Etl.StreamNodes.SelectSingleArgs`2::get_Stream()
FNDA:0,Paillave.Etl.Core.Streams.ISingleStream`1<TIn> Paillave.Etl.StreamNodes.SelectSingleArgs`2::get_Stream()
DA:56,0
FN:56,Paillave.Etl.StreamNodes.ISelectProcessor`2<TIn,TOut> Paillave.Etl.StreamNodes.SelectSingleArgs`2::get_Processor()
FNDA:0,Paillave.Etl.StreamNodes.ISelectProcessor`2<TIn,TOut> Paillave.Etl.StreamNodes.SelectSingleArgs`2::get_Processor()
DA:57,0
FN:57,System.Boolean Paillave.Etl.StreamNodes.SelectSingleArgs`2::get_WithNoDispose()
FNDA:0,System.Boolean Paillave.Etl.StreamNodes.SelectSingleArgs`2::get_WithNoDispose()
DA:58,0
FN:66,Paillave.Etl.Core.Streams.ISingleStream`1<TOut> Paillave.Etl.StreamNodes.SelectSingleStreamNode`2::CreateOutputStream(Paillave.Etl.StreamNodes.SelectSingleArgs`2<TIn,TOut>)
FNDA:0,Paillave.Etl.Core.Streams.ISingleStream`1<TOut> Paillave.Etl.StreamNodes.SelectSingleStreamNode`2::CreateOutputStream(Paillave.Etl.StreamNodes.SelectSingleArgs`2<TIn,TOut>)
DA:67,0
DA:68,0
DA:69,0
DA:70,0
FN:61,System.Void Paillave.Etl.StreamNodes.SelectSingleStreamNode`2::.ctor(System.String,Paillave.Etl.StreamNodes.SelectSingleArgs`2<TIn,TOut>)
FNDA:0,System.Void Paillave.Etl.StreamNodes.SelectSingleStreamNode`2::.ctor(System.String,Paillave.Etl.StreamNodes.SelectSingleArgs`2<TIn,TOut>)
DA:62,0
DA:63,0
DA:64,0
LF:30
LH:0
BRF:0
BRH:0
FNF:15
FNH:0
end_of_record
SF:C:\Users\sroyer\Source\Repos\Etl.Net\src\Paillave.Etl\StreamNodes\SkipStreamNode.cs
FN:11,TOutStream Paillave.Etl.StreamNodes.SkipArgs`2::get_Input()
FNDA:0,TOutStream Paillave.Etl.StreamNodes.SkipArgs`2::get_Input()
DA:12,0
FN:12,System.Int32 Paillave.Etl.StreamNodes.SkipArgs`2::get_Count()
FNDA:0,System.Int32 Paillave.Etl.StreamNodes.SkipArgs`2::get_Count()
DA:13,0
FN:21,TOutStream Paillave.Etl.StreamNodes.SkipStreamNode`2::CreateOutputStream(Paillave.Etl.StreamNodes.SkipArgs`2<TOut,TOutStream>)
FNDA:0,TOutStream Paillave.Etl.StreamNodes.SkipStreamNode`2::CreateOutputStream(Paillave.Etl.StreamNodes.SkipArgs`2<TOut,TOutStream>)
DA:22,0
DA:23,0
DA:24,0
FN:16,System.Void Paillave.Etl.StreamNodes.SkipStreamNode`2::.ctor(System.String,Paillave.Etl.StreamNodes.SkipArgs`2<TOut,TOutStream>)
FNDA:0,System.Void Paillave.Etl.StreamNodes.SkipStreamNode`2::.ctor(System.String,Paillave.Etl.StreamNodes.SkipArgs`2<TOut,TOutStream>)
DA:17,0
DA:18,0
DA:19,0
LF:8
LH:0
BRF:0
BRH:0
FNF:4
FNH:0
end_of_record
SF:C:\Users\sroyer\Source\Repos\Etl.Net\src\Paillave.Etl\StreamNodes\SortStreamNode.cs
FN:13,Paillave.Etl.Core.Streams.IStream`1<T> Paillave.Etl.StreamNodes.SortArgs`2::get_Input()
FNDA:0,Paillave.Etl.Core.Streams.IStream`1<T> Paillave.Etl.StreamNodes.SortArgs`2::get_Input()
DA:14,0
FN:14,Paillave.Etl.Reactive.Core.SortDefinition`2<T,TKey> Paillave.Etl.StreamNodes.SortArgs`2::get_SortDefinition()
FNDA:0,Paillave.Etl.Reactive.Core.SortDefinition`2<T,TKey> Paillave.Etl.StreamNodes.SortArgs`2::get_SortDefinition()
DA:15,0
FN:23,Paillave.Etl.Core.Streams.ISortedStream`2<TOut,TKey> Paillave.Etl.StreamNodes.SortStreamNode`2::CreateOutputStream(Paillave.Etl.StreamNodes.SortArgs`2<TOut,TKey>)
FNDA:0,Paillave.Etl.Core.Streams.ISortedStream`2<TOut,TKey> Paillave.Etl.StreamNodes.SortStreamNode`2::CreateOutputStream(Paillave.Etl.StreamNodes.SortArgs`2<TOut,TKey>)
DA:24,0
DA:25,0
DA:26,0
DA:27,0
DA:28,0
DA:29,0
DA:30,0
FN:18,System.Void Paillave.Etl.StreamNodes.SortStreamNode`2::.ctor(System.String,Paillave.Etl.StreamNodes.SortArgs`2<TOut,TKey>)
FNDA:0,System.Void Paillave.Etl.StreamNodes.SortStreamNode`2::.ctor(System.String,Paillave.Etl.StreamNodes.SortArgs`2<TOut,TKey>)
DA:19,0
DA:20,0
DA:21,0
LF:12
LH:0
BRF:0
BRH:0
FNF:4
FNH:0
end_of_record
SF:C:\Users\sroyer\Source\Repos\Etl.Net\src\Paillave.Etl\StreamNodes\SubProcessStreamNode.cs
FN:13,Paillave.Etl.Core.Streams.IStream`1<TIn> Paillave.Etl.StreamNodes.SubProcessArgs`2::get_Stream()
FNDA:0,Paillave.Etl.Core.Streams.IStream`1<TIn> Paillave.Etl.StreamNodes.SubProcessArgs`2::get_Stream()
DA:14,0
FN:14,System.Func`2<Paillave.Etl.Core.Streams.ISingleStream`1<TIn>,Paillave.Etl.Core.Streams.IStream`1<TOut>> Paillave.Etl.StreamNodes.SubProcessArgs`2::get_SubProcess()
FNDA:0,System.Func`2<Paillave.Etl.Core.Streams.ISingleStream`1<TIn>,Paillave.Etl.Core.Streams.IStream`1<TOut>> Paillave.Etl.StreamNodes.SubProcessArgs`2::get_SubProcess()
DA:15,0
FN:15,System.Boolean Paillave.Etl.StreamNodes.SubProcessArgs`2::get_NoParallelisation()
FNDA:0,System.Boolean Paillave.Etl.StreamNodes.SubProcessArgs`2::get_NoParallelisation()
DA:16,0
FN:24,Paillave.Etl.Core.Streams.IStream`1<TOut> Paillave.Etl.StreamNodes.SubProcessStreamNode`2::CreateOutputStream(Paillave.Etl.StreamNodes.SubProcessArgs`2<TIn,TOut>)
FNDA:0,Paillave.Etl.Core.Streams.IStream`1<TOut> Paillave.Etl.StreamNodes.SubProcessStreamNode`2::CreateOutputStream(Paillave.Etl.StreamNodes.SubProcessArgs`2<TIn,TOut>)
DA:25,0
DA:26,0
DA:27,0
DA:28,0
DA:29,0
DA:30,0
DA:31,0
DA:32,0
DA:33,0
DA:34,0
DA:35,0
DA:36,0
DA:37,0
DA:38,0
DA:39,0
DA:40,0
DA:41,0
DA:42,0
DA:43,0
DA:44,0
DA:45,0
DA:46,0
DA:47,0
DA:48,0
DA:49,0
BRDA:26,37,0,0
BRDA:26,37,1,0
FN:19,System.Void Paillave.Etl.StreamNodes.SubProcessStreamNode`2::.ctor(System.String,Paillave.Etl.StreamNodes.SubProcessArgs`2<TIn,TOut>)
FNDA:0,System.Void Paillave.Etl.StreamNodes.SubProcessStreamNode`2::.ctor(System.String,Paillave.Etl.StreamNodes.SubProcessArgs`2<TIn,TOut>)
DA:20,0
DA:21,0
DA:22,0
LF:31
LH:0
BRF:4
BRH:0
FNF:5
FNH:0
end_of_record
SF:C:\Users\sroyer\Source\Repos\Etl.Net\src\Paillave.Etl\StreamNodes\SubstractStreamNode.cs
FN:13,Paillave.Etl.Core.Streams.ISortedStream`2<TInLeft,TKey> Paillave.Etl.StreamNodes.SubstractArgs`3::get_LeftInputStream()
FNDA:0,Paillave.Etl.Core.Streams.ISortedStream`2<TInLeft,TKey> Paillave.Etl.StreamNodes.SubstractArgs`3::get_LeftInputStream()
DA:14,0
FN:14,Paillave.Etl.Core.Streams.ISortedStream`2<TInRight,TKey> Paillave.Etl.StreamNodes.SubstractArgs`3::get_RightInputStream()
FNDA:0,Paillave.Etl.Core.Streams.ISortedStream`2<TInRight,TKey> Paillave.Etl.StreamNodes.SubstractArgs`3::get_RightInputStream()
DA:15,0
FN:18,TStream Paillave.Etl.StreamNodes.SubstractUnsortedArgs`4::get_LeftInputStream()
FNDA:0,TStream Paillave.Etl.StreamNodes.SubstractUnsortedArgs`4::get_LeftInputStream()
DA:19,0
FN:19,Paillave.Etl.Core.Streams.IStream`1<TInRight> Paillave.Etl.StreamNodes.SubstractUnsortedArgs`4::get_RightInputStream()
FNDA:0,Paillave.Etl.Core.Streams.IStream`1<TInRight> Paillave.Etl.StreamNodes.SubstractUnsortedArgs`4::get_RightInputStream()
DA:20,0
FN:20,System.Func`2<TInLeft,TKey> Paillave.Etl.StreamNodes.SubstractUnsortedArgs`4::get_GetLeftKey()
FNDA:0,System.Func`2<TInLeft,TKey> Paillave.Etl.StreamNodes.SubstractUnsortedArgs`4::get_GetLeftKey()
DA:21,0
FN:21,System.Func`2<TInRight,TKey> Paillave.Etl.StreamNodes.SubstractUnsortedArgs`4::get_GetRightKey()
FNDA:0,System.Func`2<TInRight,TKey> Paillave.Etl.StreamNodes.SubstractUnsortedArgs`4::get_GetRightKey()
DA:22,0
FN:29,Paillave.Etl.Core.Streams.IStream`1<TInLeft> Paillave.Etl.StreamNodes.SubstractStreamNode`3::CreateOutputStream(Paillave.Etl.StreamNodes.SubstractArgs`3<TInLeft,TInRight,TKey>)
FNDA:0,Paillave.Etl.Core.Streams.IStream`1<TInLeft> Paillave.Etl.StreamNodes.SubstractStreamNode`3::CreateOutputStream(Paillave.Etl.StreamNodes.SubstractArgs`3<TInLeft,TInRight,TKey>)
DA:30,0
DA:31,0
DA:32,0
FN:25,System.Void Paillave.Etl.StreamNodes.SubstractStreamNode`3::.ctor(System.String,Paillave.Etl.StreamNodes.SubstractArgs`3<TInLeft,TInRight,TKey>)
FNDA:0,System.Void Paillave.Etl.StreamNodes.SubstractStreamNode`3::.ctor(System.String,Paillave.Etl.StreamNodes.SubstractArgs`3<TInLeft,TInRight,TKey>)
DA:26,0
DA:27,0
DA:28,0
FN:39,TStream Paillave.Etl.StreamNodes.SubstractUnsortedStreamNode`4::CreateOutputStream(Paillave.Etl.StreamNodes.SubstractUnsortedArgs`4<TStream,TInLeft,TInRight,TKey>)
FNDA:0,TStream Paillave.Etl.StreamNodes.SubstractUnsortedStreamNode`4::CreateOutputStream(Paillave.Etl.StreamNodes.SubstractUnsortedArgs`4<TStream,TInLeft,TInRight,TKey>)
DA:40,0
DA:41,0
DA:42,0
DA:43,0
DA:44,0
DA:45,0
DA:46,0
DA:47,0
DA:48,0
DA:49,0
DA:50,0
DA:51,0
DA:52,0
DA:53,0
BRDA:42,103,0,0
BRDA:42,103,1,0
BRDA:42,139,0,0
BRDA:42,139,1,0
FN:35,System.Void Paillave.Etl.StreamNodes.SubstractUnsortedStreamNode`4::.ctor(System.String,Paillave.Etl.StreamNodes.SubstractUnsortedArgs`4<TStream,TInLeft,TInRight,TKey>)
FNDA:0,System.Void Paillave.Etl.StreamNodes.SubstractUnsortedStreamNode`4::.ctor(System.String,Paillave.Etl.StreamNodes.SubstractUnsortedArgs`4<TStream,TInLeft,TInRight,TKey>)
DA:36,0
DA:37,0
DA:38,0
LF:29
LH:0
BRF:6
BRH:0
FNF:10
FNH:0
end_of_record
SF:C:\Users\sroyer\Source\Repos\Etl.Net\src\Paillave.Etl\StreamNodes\ThroughActionStreamNode.cs
FN:22,System.Void Paillave.Etl.StreamNodes.SimpleThroughActionProcessor`1::ProcessRow(TIn)
FNDA:0,System.Void Paillave.Etl.StreamNodes.SimpleThroughActionProcessor`1::ProcessRow(TIn)
DA:23,0
DA:24,0
DA:25,0
FN:17,System.Void Paillave.Etl.StreamNodes.SimpleThroughActionProcessor`1::.ctor(System.Action`1<TIn>)
FNDA:0,System.Void Paillave.Etl.StreamNodes.SimpleThroughActionProcessor`1::.ctor(System.Action`1<TIn>)
DA:18,0
DA:19,0
DA:20,0
DA:21,0
FN:36,System.Void Paillave.Etl.StreamNodes.ContextThroughActionProcessor`2::ProcessRow(TIn)
FNDA:0,System.Void Paillave.Etl.StreamNodes.ContextThroughActionProcessor`2::ProcessRow(TIn)
DA:37,0
DA:38,0
DA:39,0
FN:40,System.Void Paillave.Etl.StreamNodes.ContextThroughActionProcessor`2::SetContext(TCtx)
FNDA:0,System.Void Paillave.Etl.StreamNodes.ContextThroughActionProcessor`2::SetContext(TCtx)
DA:41,0
DA:42,0
DA:43,0
FN:30,System.Void Paillave.Etl.StreamNodes.ContextThroughActionProcessor`2::.ctor(System.Action`3<TIn,TCtx,System.Action`1<TCtx>>,TCtx)
FNDA:0,System.Void Paillave.Etl.StreamNodes.ContextThroughActionProcessor`2::.ctor(System.Action`3<TIn,TCtx,System.Action`1<TCtx>>,TCtx)
DA:31,0
DA:32,0
DA:33,0
DA:34,0
DA:35,0
FN:46,TStream Paillave.Etl.StreamNodes.ThroughActionArgs`2::get_Stream()
FNDA:0,TStream Paillave.Etl.StreamNodes.ThroughActionArgs`2::get_Stream()
DA:47,0
FN:47,Paillave.Etl.StreamNodes.IThroughActionProcessor`1<TIn> Paillave.Etl.StreamNodes.ThroughActionArgs`2::get_Processor()
FNDA:0,Paillave.Etl.StreamNodes.IThroughActionProcessor`1<TIn> Paillave.Etl.StreamNodes.ThroughActionArgs`2::get_Processor()
DA:48,0
FN:56,TStream Paillave.Etl.StreamNodes.ThroughActionStreamNode`2::CreateOutputStream(Paillave.Etl.StreamNodes.ThroughActionArgs`2<TIn,TStream>)
FNDA:0,TStream Paillave.Etl.StreamNodes.ThroughActionStreamNode`2::CreateOutputStream(Paillave.Etl.StreamNodes.ThroughActionArgs`2<TIn,TStream>)
DA:57,0
DA:58,0
DA:59,0
FN:51,System.Void Paillave.Etl.StreamNodes.ThroughActionStreamNode`2::.ctor(System.String,Paillave.Etl.StreamNodes.ThroughActionArgs`2<TIn,TStream>)
FNDA:0,System.Void Paillave.Etl.StreamNodes.ThroughActionStreamNode`2::.ctor(System.String,Paillave.Etl.StreamNodes.ThroughActionArgs`2<TIn,TStream>)
DA:52,0
DA:53,0
DA:54,0
FN:78,System.Void Paillave.Etl.StreamNodes.SimpleThroughActionProcessor`2::PreProcess(TResource)
FNDA:0,System.Void Paillave.Etl.StreamNodes.SimpleThroughActionProcessor`2::PreProcess(TResource)
DA:79,0
DA:80,0
DA:81,0
BRDA:80,8,0,0
BRDA:80,8,1,0
FN:83,System.Void Paillave.Etl.StreamNodes.SimpleThroughActionProcessor`2::ProcessRow(TIn,TResource)
FNDA:0,System.Void Paillave.Etl.StreamNodes.SimpleThroughActionProcessor`2::ProcessRow(TIn,TResource)
DA:84,0
DA:85,0
DA:86,0
FN:72,System.Void Paillave.Etl.StreamNodes.SimpleThroughActionProcessor`2::.ctor(System.Action`2<TIn,TResource>,System.Action`1<TResource>)
FNDA:0,System.Void Paillave.Etl.StreamNodes.SimpleThroughActionProcessor`2::.ctor(System.Action`2<TIn,TResource>,System.Action`1<TResource>)
DA:73,0
DA:74,0
DA:75,0
DA:76,0
DA:77,0
FN:99,System.Void Paillave.Etl.StreamNodes.ContextThroughActionProcessor`3::ProcessRow(TIn,TResource)
FNDA:0,System.Void Paillave.Etl.StreamNodes.ContextThroughActionProcessor`3::ProcessRow(TIn,TResource)
DA:100,0
DA:101,0
DA:102,0
FN:103,System.Void Paillave.Etl.StreamNodes.ContextThroughActionProcessor`3::PreProcess(TResource)
FNDA:0,System.Void Paillave.Etl.StreamNodes.ContextThroughActionProcessor`3::PreProcess(TResource)
DA:104,0
DA:105,0
DA:106,0
BRDA:105,8,0,0
BRDA:105,8,1,0
FN:107,System.Void Paillave.Etl.StreamNodes.ContextThroughActionProcessor`3::SetContext(TCtx)
FNDA:0,System.Void Paillave.Etl.StreamNodes.ContextThroughActionProcessor`3::SetContext(TCtx)
DA:108,0
DA:109,0
DA:110,0
FN:92,System.Void Paillave.Etl.StreamNodes.ContextThroughActionProcessor`3::.ctor(System.Action`4<TIn,TResource,TCtx,System.Action`1<TCtx>>,System.Action`2<TResource,System.Action`1<TCtx>>)
FNDA:0,System.Void Paillave.Etl.StreamNodes.ContextThroughActionProcessor`3::.ctor(System.Action`4<TIn,TResource,TCtx,System.Action`1<TCtx>>,System.Action`2<TResource,System.Action`1<TCtx>>)
DA:93,0
DA:94,0
DA:95,0
DA:96,0
DA:97,0
DA:98,0
FN:113,TStream Paillave.Etl.StreamNodes.ThroughActionArgs`3::get_Stream()
FNDA:0,TStream Paillave.Etl.StreamNodes.ThroughActionArgs`3::get_Stream()
DA:114,0
FN:114,Paillave.Etl.Core.Streams.ISingleStream`1<TResource> Paillave.Etl.StreamNodes.ThroughActionArgs`3::get_ResourceStream()
FNDA:0,Paillave.Etl.Core.Streams.ISingleStream`1<TResource> Paillave.Etl.StreamNodes.ThroughActionArgs`3::get_ResourceStream()
DA:115,0
FN:115,Paillave.Etl.StreamNodes.IThroughActionProcessor`2<TIn,TResource> Paillave.Etl.StreamNodes.ThroughActionArgs`3::get_Processor()
FNDA:0,Paillave.Etl.StreamNodes.IThroughActionProcessor`2<TIn,TResource> Paillave.Etl.StreamNodes.ThroughActionArgs`3::get_Processor()
DA:116,0
FN:123,TStream Paillave.Etl.StreamNodes.ThroughActionStreamNode`3::CreateOutputStream(Paillave.Etl.StreamNodes.ThroughActionArgs`3<TIn,TStream,TResource>)
FNDA:0,TStream Paillave.Etl.StreamNodes.ThroughActionStreamNode`3::CreateOutputStream(Paillave.Etl.StreamNodes.ThroughActionArgs`3<TIn,TStream,TResource>)
DA:124,0
DA:125,0
DA:127,0
DA:128,0
DA:129,0
DA:130,0
DA:131,0
DA:132,0
DA:133,0
FN:119,System.Void Paillave.Etl.StreamNodes.ThroughActionStreamNode`3::.ctor(System.String,Paillave.Etl.StreamNodes.ThroughActionArgs`3<TIn,TStream,TResource>)
FNDA:0,System.Void Paillave.Etl.StreamNodes.ThroughActionStreamNode`3::.ctor(System.String,Paillave.Etl.StreamNodes.ThroughActionArgs`3<TIn,TStream,TResource>)
DA:120,0
DA:121,0
DA:122,0
LF:67
LH:0
BRF:4
BRH:0
FNF:21
FNH:0
end_of_record
SF:C:\Users\sroyer\Source\Repos\Etl.Net\src\Paillave.Etl\StreamNodes\ThroughLocalFileStreamNode.cs
FN:14,Paillave.Etl.Core.Streams.IStream`1<System.IO.Stream> Paillave.Etl.StreamNodes.ThroughLocalFileArgs`1::get_Stream()
FNDA:0,Paillave.Etl.Core.Streams.IStream`1<System.IO.Stream> Paillave.Etl.StreamNodes.ThroughLocalFileArgs`1::get_Stream()
DA:15,0
FN:15,Paillave.Etl.Core.Streams.IStream`1<TParams> Paillave.Etl.StreamNodes.ThroughLocalFileArgs`1::get_ParamStream()
FNDA:0,Paillave.Etl.Core.Streams.IStream`1<TParams> Paillave.Etl.StreamNodes.ThroughLocalFileArgs`1::get_ParamStream()
DA:16,0
FN:16,System.Func`2<TParams,System.String> Paillave.Etl.StreamNodes.ThroughLocalFileArgs`1::get_GetOutputFilePath()
FNDA:0,System.Func`2<TParams,System.String> Paillave.Etl.StreamNodes.ThroughLocalFileArgs`1::get_GetOutputFilePath()
DA:17,0
FN:24,Paillave.Etl.Core.Streams.IStream`1<System.IO.Stream> Paillave.Etl.StreamNodes.ThroughLocalFileStreamNode`1::CreateOutputStream(Paillave.Etl.StreamNodes.ThroughLocalFileArgs`1<TParams>)
FNDA:0,Paillave.Etl.Core.Streams.IStream`1<System.IO.Stream> Paillave.Etl.StreamNodes.ThroughLocalFileStreamNode`1::CreateOutputStream(Paillave.Etl.StreamNodes.ThroughLocalFileArgs`1<TParams>)
DA:25,0
DA:26,0
DA:27,0
DA:28,0
DA:29,0
DA:30,0
DA:31,0
DA:32,0
DA:33,0
DA:34,0
DA:35,0
BRDA:27,42,0,0
BRDA:27,42,1,0
FN:20,System.Void Paillave.Etl.StreamNodes.ThroughLocalFileStreamNode`1::.ctor(System.String,Paillave.Etl.StreamNodes.ThroughLocalFileArgs`1<TParams>)
FNDA:0,System.Void Paillave.Etl.StreamNodes.ThroughLocalFileStreamNode`1::.ctor(System.String,Paillave.Etl.StreamNodes.ThroughLocalFileArgs`1<TParams>)
DA:21,0
DA:22,0
DA:23,0
LF:17
LH:0
BRF:2
BRH:0
FNF:5
FNH:0
end_of_record
SF:C:\Users\sroyer\Source\Repos\Etl.Net\src\Paillave.Etl\StreamNodes\TopStreamNode.cs
FN:11,TOutStream Paillave.Etl.StreamNodes.TopArgs`2::get_Input()
FNDA:0,TOutStream Paillave.Etl.StreamNodes.TopArgs`2::get_Input()
DA:12,0
FN:12,System.Int32 Paillave.Etl.StreamNodes.TopArgs`2::get_Count()
FNDA:0,System.Int32 Paillave.Etl.StreamNodes.TopArgs`2::get_Count()
DA:13,0
FN:21,TOutStream Paillave.Etl.StreamNodes.TopStreamNode`2::CreateOutputStream(Paillave.Etl.StreamNodes.TopArgs`2<TOut,TOutStream>)
FNDA:0,TOutStream Paillave.Etl.StreamNodes.TopStreamNode`2::CreateOutputStream(Paillave.Etl.StreamNodes.TopArgs`2<TOut,TOutStream>)
DA:22,0
DA:23,0
DA:24,0
FN:16,System.Void Paillave.Etl.StreamNodes.TopStreamNode`2::.ctor(System.String,Paillave.Etl.StreamNodes.TopArgs`2<TOut,TOutStream>)
FNDA:0,System.Void Paillave.Etl.StreamNodes.TopStreamNode`2::.ctor(System.String,Paillave.Etl.StreamNodes.TopArgs`2<TOut,TOutStream>)
DA:17,0
DA:18,0
DA:19,0
LF:8
LH:0
BRF:0
BRH:0
FNF:4
FNH:0
end_of_record
SF:C:\Users\sroyer\Source\Repos\Etl.Net\src\Paillave.Etl\StreamNodes\ToSubProcessesStreamNode.cs
FN:14,Paillave.Etl.Core.Streams.IStream`1<TIn> Paillave.Etl.StreamNodes.ToSubProcessesArgs`2::get_Stream()
FNDA:0,Paillave.Etl.Core.Streams.IStream`1<TIn> Paillave.Etl.StreamNodes.ToSubProcessesArgs`2::get_Stream()
DA:15,0
FN:15,System.Collections.Generic.IEnumerable`1<System.Func`2<Paillave.Etl.Core.Streams.ISingleStream`1<TIn>,Paillave.Etl.Core.Streams.IStream`1<TOut>>> Paillave.Etl.StreamNodes.ToSubProcessesArgs`2::get_SubProcesses()
FNDA:0,System.Collections.Generic.IEnumerable`1<System.Func`2<Paillave.Etl.Core.Streams.ISingleStream`1<TIn>,Paillave.Etl.Core.Streams.IStream`1<TOut>>> Paillave.Etl.StreamNodes.ToSubProcessesArgs`2::get_SubProcesses()
DA:16,0
FN:16,System.Boolean Paillave.Etl.StreamNodes.ToSubProcessesArgs`2::get_NoParallelisation()
FNDA:0,System.Boolean Paillave.Etl.StreamNodes.ToSubProcessesArgs`2::get_NoParallelisation()
DA:17,0
[...]
DA:28,0
DA:29,0
DA:30,0
BRDA:28,34,0,0
BRDA:28,34,1,0
FN:32,System.Void Paillave.Etl.EntityFrameworkCore.BulkSave.SqlServerSaveContextQuery`1::IndexStagingTable()
FNDA:0,System.Void Paillave.Etl.EntityFrameworkCore.BulkSave.SqlServerSaveContextQuery`1::IndexStagingTable()
DA:33,0
FN:35,System.String Paillave.Etl.EntityFrameworkCore.BulkSave.SqlServerSaveContextQuery`1::IndexStagingTableSql()
FNDA:0,System.String Paillave.Etl.EntityFrameworkCore.BulkSave.SqlServerSaveContextQuery`1::IndexStagingTableSql()
DA:36,0
BRDA:36,85,0,0
BRDA:36,85,1,0
FN:38,System.Void Paillave.Etl.EntityFrameworkCore.BulkSave.SqlServerSaveContextQuery`1::DeleteStagingTable()
FNDA:0,System.Void Paillave.Etl.EntityFrameworkCore.BulkSave.SqlServerSaveContextQuery`1::DeleteStagingTable()
DA:39,0
FN:41,System.String Paillave.Etl.EntityFrameworkCore.BulkSave.SqlServerSaveContextQuery`1::DeleteStagingTableSql()
FNDA:0,System.String Paillave.Etl.EntityFrameworkCore.BulkSave.SqlServerSaveContextQuery`1::DeleteStagingTableSql()
DA:42,0
FN:44,System.Void Paillave.Etl.EntityFrameworkCore.BulkSave.SqlServerSaveContextQuery`1::DeleteOutputStagingTable()
FNDA:0,System.Void Paillave.Etl.EntityFrameworkCore.BulkSave.SqlServerSaveContextQuery`1::DeleteOutputStagingTable()
DA:45,0
FN:47,System.String Paillave.Etl.EntityFrameworkCore.BulkSave.SqlServerSaveContextQuery`1::DeleteOutputStagingTableSql()
FNDA:0,System.String Paillave.Etl.EntityFrameworkCore.BulkSave.SqlServerSaveContextQuery`1::DeleteOutputStagingTableSql()
DA:48,0
FN:50,System.Void Paillave.Etl.EntityFrameworkCore.BulkSave.SqlServerSaveContextQuery`1::CreateOutputStagingTable()
FNDA:0,System.Void Paillave.Etl.EntityFrameworkCore.BulkSave.SqlServerSaveContextQuery`1::CreateOutputStagingTable()
DA:51,0
FN:53,System.String Paillave.Etl.EntityFrameworkCore.BulkSave.SqlServerSaveContextQuery`1::CreateOutputStagingTableSql()
FNDA:0,System.String Paillave.Etl.EntityFrameworkCore.BulkSave.SqlServerSaveContextQuery`1::CreateOutputStagingTableSql()
DA:54,0
DA:55,0
DA:56,0
FN:58,System.Void Paillave.Etl.EntityFrameworkCore.BulkSave.SqlServerSaveContextQuery`1::IndexOutputStagingTable()
FNDA:0,System.Void Paillave.Etl.EntityFrameworkCore.BulkSave.SqlServerSaveContextQuery`1::IndexOutputStagingTable()
DA:59,0
FN:61,System.String Paillave.Etl.EntityFrameworkCore.BulkSave.SqlServerSaveContextQuery`1::IndexOutputStagingTableSql()
FNDA:0,System.String Paillave.Etl.EntityFrameworkCore.BulkSave.SqlServerSaveContextQuery`1::IndexOutputStagingTableSql()
DA:62,0
FN:64,System.Void Paillave.Etl.EntityFrameworkCore.BulkSave.SqlServerSaveContextQuery`1::BulkSaveInStaging(System.Collections.Generic.IEnumerable`1<T>)
FNDA:0,System.Void Paillave.Etl.EntityFrameworkCore.BulkSave.SqlServerSaveContextQuery`1::BulkSaveInStaging(System.Collections.Generic.IEnumerable`1<T>)
DA:65,0
DA:66,0
DA:67,0
DA:68,0
DA:69,0
DA:70,0
DA:71,0
DA:74,0
DA:75,0
DA:76,0
DA:77,0
DA:78,0
DA:79,0
DA:80,0
DA:81,0
DA:82,0
BRDA:69,100,1,0
BRDA:69,100,0,0
FN:83,System.Data.SqlClient.SqlConnection Paillave.Etl.EntityFrameworkCore.BulkSave.SqlServerSaveContextQuery`1::OpenAndGetSqlConnection()
FNDA:0,System.Data.SqlClient.SqlConnection Paillave.Etl.EntityFrameworkCore.BulkSave.SqlServerSaveContextQuery`1::OpenAndGetSqlConnection()
DA:84,0
DA:85,0
DA:86,0
DA:87,0
DA:88,0
BRDA:86,32,0,0
BRDA:86,32,1,0
FN:90,System.Collections.Generic.IList`1<T> Paillave.Etl.EntityFrameworkCore.BulkSave.SqlServerSaveContextQuery`1::GetOutputStaging()
FNDA:0,System.Collections.Generic.IList`1<T> Paillave.Etl.EntityFrameworkCore.BulkSave.SqlServerSaveContextQuery`1::GetOutputStaging()
DA:91,0
FN:93,System.Collections.Generic.IList`1<T> Paillave.Etl.EntityFrameworkCore.BulkSave.SqlServerSaveContextQuery`1::GetOutputStagingForComputedColumns()
FNDA:0,System.Collections.Generic.IList`1<T> Paillave.Etl.EntityFrameworkCore.BulkSave.SqlServerSaveContextQuery`1::GetOutputStagingForComputedColumns()
DA:94,0
FN:97,System.String Paillave.Etl.EntityFrameworkCore.BulkSave.SqlServerSaveContextQuery`1::GetOutputStagingSql()
FNDA:0,System.String Paillave.Etl.EntityFrameworkCore.BulkSave.SqlServerSaveContextQuery`1::GetOutputStagingSql()
DA:98,0
FN:101,System.String Paillave.Etl.EntityFrameworkCore.BulkSave.SqlServerSaveContextQuery`1::GetOutputStagingForComputedColumnsSql()
FNDA:0,System.String Paillave.Etl.EntityFrameworkCore.BulkSave.SqlServerSaveContextQuery`1::GetOutputStagingForComputedColumnsSql()
DA:102,0
FN:104,System.Void Paillave.Etl.EntityFrameworkCore.BulkSave.SqlServerSaveContextQuery`1::MergeFromStaging()
FNDA:0,System.Void Paillave.Etl.EntityFrameworkCore.BulkSave.SqlServerSaveContextQuery`1::MergeFromStaging()
DA:105,0
FN:107,System.String Paillave.Etl.EntityFrameworkCore.BulkSave.SqlServerSaveContextQuery`1::CreateEqualityConditionSql(System.String,System.String,Microsoft.EntityFrameworkCore.Metadata.IProperty)
FNDA:0,System.String Paillave.Etl.EntityFrameworkCore.BulkSave.SqlServerSaveContextQuery`1::CreateEqualityConditionSql(System.String,System.String,Microsoft.EntityFrameworkCore.Metadata.IProperty)
DA:108,0
DA:109,0
DA:110,0
DA:111,0
DA:113,0
DA:114,0
BRDA:110,81,0,0
BRDA:110,81,1,0
FN:115,System.String Paillave.Etl.EntityFrameworkCore.BulkSave.SqlServerSaveContextQuery`1::MergeFromStagingSql()
FNDA:0,System.String Paillave.Etl.EntityFrameworkCore.BulkSave.SqlServerSaveContextQuery`1::MergeFromStagingSql()
DA:116,0
DA:117,0
DA:118,0
DA:119,0
DA:120,0
DA:121,0
DA:122,0
DA:123,0
DA:124,0
DA:125,0
DA:126,0
DA:127,0
DA:128,0
DA:129,0
BRDA:117,34,0,0
BRDA:117,34,1,0
BRDA:117,97,0,0
BRDA:117,97,1,0
BRDA:120,158,0,0
BRDA:120,182,0,0
BRDA:120,182,1,0
BRDA:120,158,1,0
FN:19,System.Void Paillave.Etl.EntityFrameworkCore.BulkSave.SqlServerSaveContextQuery`1::.ctor(Microsoft.EntityFrameworkCore.DbContext,System.String,System.String,System.Collections.Generic.List`1<Microsoft.EntityFrameworkCore.Metadata.IProperty>,System.Collections.Generic.List`1<Microsoft.EntityFrameworkCore.Metadata.IProperty>,System.Collections.Generic.List`1<Microsoft.EntityFrameworkCore.Metadata.IProperty>,System.Collections.Generic.List`1<Microsoft.EntityFrameworkCore.Metadata.IProperty>,System.Collections.Generic.List`1<Microsoft.EntityFrameworkCore.Metadata.IEntityType>)
FNDA:0,System.Void Paillave.Etl.EntityFrameworkCore.BulkSave.SqlServerSaveContextQuery`1::.ctor(Microsoft.EntityFrameworkCore.DbContext,System.String,System.String,System.Collections.Generic.List`1<Microsoft.EntityFrameworkCore.Metadata.IProperty>,System.Collections.Generic.List`1<Microsoft.EntityFrameworkCore.Metadata.IProperty>,System.Collections.Generic.List`1<Microsoft.EntityFrameworkCore.Metadata.IProperty>,System.Collections.Generic.List`1<Microsoft.EntityFrameworkCore.Metadata.IProperty>,System.Collections.Generic.List`1<Microsoft.EntityFrameworkCore.Metadata.IEntityType>)
DA:20,0
DA:21,0
DA:22,0
BRDA:20,4,0,0
BRDA:20,4,1,0
LF:68
LH:0
BRF:20
BRH:0
FNF:25
FNH:0
end_of_record
SF:C:\Users\sroyer\Source\Repos\Etl.Net\src\Paillave.Etl.EntityFrameworkCore\BulkSave\SqlServerUpdateContextQuery.cs
FN:14,System.String Paillave.Etl.EntityFrameworkCore.BulkSave.SqlServerUpdateContextQuery`1::get_SqlTargetTable()
FNDA:0,System.String Paillave.Etl.EntityFrameworkCore.BulkSave.SqlServerUpdateContextQuery`1::get_SqlTargetTable()
DA:15,0
FN:15,System.String Paillave.Etl.EntityFrameworkCore.BulkSave.SqlServerUpdateContextQuery`1::get_SqlStagingTableName()
FNDA:0,System.String Paillave.Etl.EntityFrameworkCore.BulkSave.SqlServerUpdateContextQuery`1::get_SqlStagingTableName()
DA:16,0
FN:23,System.String Paillave.Etl.EntityFrameworkCore.BulkSave.SqlServerUpdateContextQuery`1::CreateStagingTableSql()
FNDA:0,System.String Paillave.Etl.EntityFrameworkCore.BulkSave.SqlServerUpdateContextQuery`1::CreateStagingTableSql()
DA:24,0
DA:25,0
DA:26,0
BRDA:24,34,0,0
BRDA:24,34,1,0
FN:28,System.Void Paillave.Etl.EntityFrameworkCore.BulkSave.SqlServerUpdateContextQuery`1::CreateStagingTable()
FNDA:0,System.Void Paillave.Etl.EntityFrameworkCore.BulkSave.SqlServerUpdateContextQuery`1::CreateStagingTable()
DA:29,0
FN:31,System.Void Paillave.Etl.EntityFrameworkCore.BulkSave.SqlServerUpdateContextQuery`1::BulkSaveInStaging(System.Collections.Generic.IEnumerable`1<T>)
FNDA:0,System.Void Paillave.Etl.EntityFrameworkCore.BulkSave.SqlServerUpdateContextQuery`1::BulkSaveInStaging(System.Collections.Generic.IEnumerable`1<T>)
DA:32,0
DA:33,0
DA:34,0
DA:35,0
DA:36,0
DA:37,0
DA:40,0
DA:41,0
DA:42,0
DA:43,0
DA:44,0
DA:45,0
DA:46,0
DA:47,0
DA:48,0
BRDA:36,116,1,0
BRDA:36,116,0,0
FN:50,System.Void Paillave.Etl.EntityFrameworkCore.BulkSave.SqlServerUpdateContextQuery`1::IndexStagingTable()
FNDA:0,System.Void Paillave.Etl.EntityFrameworkCore.BulkSave.SqlServerUpdateContextQuery`1::IndexStagingTable()
DA:51,0
FN:53,System.String Paillave.Etl.EntityFrameworkCore.BulkSave.SqlServerUpdateContextQuery`1::IndexStagingTableSql()
FNDA:0,System.String Paillave.Etl.EntityFrameworkCore.BulkSave.SqlServerUpdateContextQuery`1::IndexStagingTableSql()
DA:54,0
BRDA:54,85,0,0
BRDA:54,85,1,0
FN:56,System.Void Paillave.Etl.EntityFrameworkCore.BulkSave.SqlServerUpdateContextQuery`1::DeleteStagingTable()
FNDA:0,System.Void Paillave.Etl.EntityFrameworkCore.BulkSave.SqlServerUpdateContextQuery`1::DeleteStagingTable()
DA:57,0
FN:59,System.String Paillave.Etl.EntityFrameworkCore.BulkSave.SqlServerUpdateContextQuery`1::DeleteStagingTableSql()
FNDA:0,System.String Paillave.Etl.EntityFrameworkCore.BulkSave.SqlServerUpdateContextQuery`1::DeleteStagingTableSql()
DA:60,0
FN:63,System.Data.SqlClient.SqlConnection Paillave.Etl.EntityFrameworkCore.BulkSave.SqlServerUpdateContextQuery`1::OpenAndGetSqlConnection()
FNDA:0,System.Data.SqlClient.SqlConnection Paillave.Etl.EntityFrameworkCore.BulkSave.SqlServerUpdateContextQuery`1::OpenAndGetSqlConnection()
DA:64,0
DA:65,0
DA:66,0
DA:67,0
DA:68,0
BRDA:66,32,0,0
BRDA:66,32,1,0
FN:70,System.Void Paillave.Etl.EntityFrameworkCore.BulkSave.SqlServerUpdateContextQuery`1::MergeFromStaging()
FNDA:0,System.Void Paillave.Etl.EntityFrameworkCore.BulkSave.SqlServerUpdateContextQuery`1::MergeFromStaging()
DA:71,0
FN:73,System.String Paillave.Etl.EntityFrameworkCore.BulkSave.SqlServerUpdateContextQuery`1::CreateEqualityConditionSql(System.String,System.String,Microsoft.EntityFrameworkCore.Metadata.IProperty)
FNDA:0,System.String Paillave.Etl.EntityFrameworkCore.BulkSave.SqlServerUpdateContextQuery`1::CreateEqualityConditionSql(System.String,System.String,Microsoft.EntityFrameworkCore.Metadata.IProperty)
DA:74,0
DA:75,0
DA:76,0
DA:77,0
DA:79,0
DA:80,0
BRDA:76,81,0,0
BRDA:76,81,1,0
FN:81,System.String Paillave.Etl.EntityFrameworkCore.BulkSave.SqlServerUpdateContextQuery`1::CreateSetValueSql(System.String,Microsoft.EntityFrameworkCore.Metadata.IProperty)
FNDA:0,System.String Paillave.Etl.EntityFrameworkCore.BulkSave.SqlServerUpdateContextQuery`1::CreateSetValueSql(System.String,Microsoft.EntityFrameworkCore.Metadata.IProperty)
DA:82,0
FN:84,System.String Paillave.Etl.EntityFrameworkCore.BulkSave.SqlServerUpdateContextQuery`1::MergeFromStagingSql()
FNDA:0,System.String Paillave.Etl.EntityFrameworkCore.BulkSave.SqlServerUpdateContextQuery`1::MergeFromStagingSql()
DA:85,0
DA:86,0
DA:87,0
DA:88,0
DA:89,0
DA:90,0
FN:18,System.Void Paillave.Etl.EntityFrameworkCore.BulkSave.SqlServerUpdateContextQuery`1::.ctor(Microsoft.EntityFrameworkCore.DbContext,System.String,System.String,System.Collections.Generic.List`1<Microsoft.EntityFrameworkCore.Metadata.IProperty>,System.Collections.Generic.List`1<Microsoft.EntityFrameworkCore.Metadata.IProperty>,System.Collections.Generic.List`1<Microsoft.EntityFrameworkCore.Metadata.IProperty>,Microsoft.EntityFrameworkCore.Metadata.IEntityType,System.Collections.Generic.IDictionary`2<System.String,System.Reflection.MemberInfo>)
FNDA:0,System.Void Paillave.Etl.EntityFrameworkCore.BulkSave.SqlServerUpdateContextQuery`1::.ctor(Microsoft.EntityFrameworkCore.DbContext,System.String,System.String,System.Collections.Generic.List`1<Microsoft.EntityFrameworkCore.Metadata.IProperty>,System.Collections.Generic.List`1<Microsoft.EntityFrameworkCore.Metadata.IProperty>,System.Collections.Generic.List`1<Microsoft.EntityFrameworkCore.Metadata.IProperty>,Microsoft.EntityFrameworkCore.Metadata.IEntityType,System.Collections.Generic.IDictionary`2<System.String,System.Reflection.MemberInfo>)
DA:19,0
DA:20,0
DA:21,0
BRDA:19,4,0,0
BRDA:19,4,1,0
LF:47
LH:0
BRF:12
BRH:0
FNF:15
FNH:0
end_of_record
SF:C:\Users\sroyer\Source\Repos\Etl.Net\src\Paillave.Etl.EntityFrameworkCore\BulkSave\UpdateContextQueryBase.cs
FN:13,System.String Paillave.Etl.EntityFrameworkCore.BulkSave.UpdateContextQueryBase`1::get_Table()
FNDA:0,System.String Paillave.Etl.EntityFrameworkCore.BulkSave.UpdateContextQueryBase`1::get_Table()
DA:14,0
FN:14,System.String Paillave.Etl.EntityFrameworkCore.BulkSave.UpdateContextQueryBase`1::get_StagingId()
FNDA:0,System.String Paillave.Etl.EntityFrameworkCore.BulkSave.UpdateContextQueryBase`1::get_StagingId()
DA:15,0
FN:15,System.String Paillave.Etl.EntityFrameworkCore.BulkSave.UpdateContextQueryBase`1::get_Schema()
FNDA:0,System.String Paillave.Etl.EntityFrameworkCore.BulkSave.UpdateContextQueryBase`1::get_Schema()
DA:16,0
FN:16,Microsoft.EntityFrameworkCore.Metadata.IEntityType Paillave.Etl.EntityFrameworkCore.BulkSave.UpdateContextQueryBase`1::get_BaseType()
FNDA:0,Microsoft.EntityFrameworkCore.Metadata.IEntityType Paillave.Etl.EntityFrameworkCore.BulkSave.UpdateContextQueryBase`1::get_BaseType()
DA:17,0
FN:17,System.Collections.Generic.IDictionary`2<System.String,System.Reflection.MemberInfo> Paillave.Etl.EntityFrameworkCore.BulkSave.UpdateContextQueryBase`1::get_PropertyGetters()
FNDA:0,System.Collections.Generic.IDictionary`2<System.String,System.Reflection.MemberInfo> Paillave.Etl.EntityFrameworkCore.BulkSave.UpdateContextQueryBase`1::get_PropertyGetters()
DA:18,0
FN:21,System.Collections.Generic.List`1<Microsoft.EntityFrameworkCore.Metadata.IProperty> Paillave.Etl.EntityFrameworkCore.BulkSave.UpdateContextQueryBase`1::get_PropertiesToUpdate()
FNDA:0,System.Collections.Generic.List`1<Microsoft.EntityFrameworkCore.Metadata.IProperty> Paillave.Etl.EntityFrameworkCore.BulkSave.UpdateContextQueryBase`1::get_PropertiesToUpdate()
DA:22,0
FN:25,System.Collections.Generic.List`1<Microsoft.EntityFrameworkCore.Metadata.IProperty> Paillave.Etl.EntityFrameworkCore.BulkSave.UpdateContextQueryBase`1::get_PropertiesForPivot()
FNDA:0,System.Collections.Generic.List`1<Microsoft.EntityFrameworkCore.Metadata.IProperty> Paillave.Etl.EntityFrameworkCore.BulkSave.UpdateContextQueryBase`1::get_PropertiesForPivot()
DA:26,0
FN:30,System.Collections.Generic.List`1<Microsoft.EntityFrameworkCore.Metadata.IProperty> Paillave.Etl.EntityFrameworkCore.BulkSave.UpdateContextQueryBase`1::get_PropertiesToBulkLoad()
FNDA:0,System.Collections.Generic.List`1<Microsoft.EntityFrameworkCore.Metadata.IProperty> Paillave.Etl.EntityFrameworkCore.BulkSave.UpdateContextQueryBase`1::get_PropertiesToBulkLoad()
DA:31,0
FN:32,Microsoft.EntityFrameworkCore.DbContext Paillave.Etl.EntityFrameworkCore.BulkSave.UpdateContextQueryBase`1::get_Context()
FNDA:0,Microsoft.EntityFrameworkCore.DbContext Paillave.Etl.EntityFrameworkCore.BulkSave.UpdateContextQueryBase`1::get_Context()
DA:33,0
FN:33,System.Void Paillave.Etl.EntityFrameworkCore.BulkSave.UpdateContextQueryBase`1::.ctor(Microsoft.EntityFrameworkCore.DbContext,System.String,System.String,System.Collections.Generic.List`1<Microsoft.EntityFrameworkCore.Metadata.IProperty>,System.Collections.Generic.List`1<Microsoft.EntityFrameworkCore.Metadata.IProperty>,System.Collections.Generic.List`1<Microsoft.EntityFrameworkCore.Metadata.IProperty>,Microsoft.EntityFrameworkCore.Metadata.IEntityType,System.Collections.Generic.IDictionary`2<System.String,System.Reflection.MemberInfo>)
FNDA:0,System.Void Paillave.Etl.EntityFrameworkCore.BulkSave.UpdateContextQueryBase`1::.ctor(Microsoft.EntityFrameworkCore.DbContext,System.String,System.String,System.Collections.Generic.List`1<Microsoft.EntityFrameworkCore.Metadata.IProperty>,System.Collections.Generic.List`1<Microsoft.EntityFrameworkCore.Metadata.IProperty>,System.Collections.Generic.List`1<Microsoft.EntityFrameworkCore.Metadata.IProperty>,Microsoft.EntityFrameworkCore.Metadata.IEntityType,System.Collections.Generic.IDictionary`2<System.String,System.Reflection.MemberInfo>)
DA:34,0
DA:35,0
DA:36,0
DA:37,0
DA:38,0
DA:39,0
DA:41,0
DA:42,0
DA:43,0
DA:44,0
DA:45,0
LF:20
LH:0
BRF:0
BRH:0
FNF:10
FNH:0
end_of_record
SF:C:\Users\sroyer\Source\Repos\Etl.Net\src\Paillave.Etl.EntityFrameworkCoreTests\obj\Debug\netcoreapp2.2\Paillave.Etl.EntityFrameworkCoreTests.Program.cs
FN:3,System.Void AutoGeneratedProgram::Main(System.String[])
FNDA:0,System.Void AutoGeneratedProgram::Main(System.String[])
DA:4,0
LF:1
LH:0
BRF:0
BRH:0
FNF:1
FNH:0
end_of_record
SF:C:\Users\sroyer\Source\Repos\Etl.Net\src\Paillave.Etl.EntityFrameworkCoreTests\UnitTest1.cs
FN:33,System.Void Paillave.Etl.EntityFrameworkCoreTests.UnitTest1::TestMethod1()
FNDA:1,System.Void Paillave.Etl.EntityFrameworkCoreTests.UnitTest1::TestMethod1()
DA:34,1
DA:35,2
DA:36,2
DA:37,2
DA:38,2
DA:39,2
DA:40,2
DA:41,1
DA:42,1
DA:43,1
DA:44,1
DA:45,1
DA:46,1
DA:47,1
DA:48,1
DA:49,1
DA:50,1
BRDA:35,21,0,1
BRDA:35,21,1,1
FN:52,System.Void Paillave.Etl.EntityFrameworkCoreTests.UnitTest1::TestMethodWithDefaultCriteria1()
FNDA:1,System.Void Paillave.Etl.EntityFrameworkCoreTests.UnitTest1::TestMethodWithDefaultCriteria1()
DA:53,1
DA:54,103
DA:55,103
DA:56,103
DA:57,103
DA:58,103
DA:59,103
DA:60,1
DA:61,1
DA:62,1
DA:63,1
DA:64,1
DA:65,1
DA:67,1
DA:68,1
DA:70,1
DA:71,1
DA:72,1
DA:73,1
BRDA:54,15,0,1
BRDA:54,15,1,1
FN:75,System.Void Paillave.Etl.EntityFrameworkCoreTests.UnitTest1::TestGetSetters()
FNDA:1,System.Void Paillave.Etl.EntityFrameworkCoreTests.UnitTest1::TestGetSetters()
DA:76,1
DA:77,1
DA:78,1
DA:79,1
DA:80,1
DA:81,1
DA:82,1
DA:83,1
DA:84,1
FN:14,System.Int32 Paillave.Etl.EntityFrameworkCoreTests.UnitTest1/Class1::get_MyProperty1()
FNDA:208,System.Int32 Paillave.Etl.EntityFrameworkCoreTests.UnitTest1/Class1::get_MyProperty1()
DA:15,208
FN:15,System.String Paillave.Etl.EntityFrameworkCoreTests.UnitTest1/Class1::get_MyProperty2()
FNDA:106,System.String Paillave.Etl.EntityFrameworkCoreTests.UnitTest1/Class1::get_MyProperty2()
DA:16,106
FN:16,System.DateTime Paillave.Etl.EntityFrameworkCoreTests.UnitTest1/Class1::get_MyProperty3()
FNDA:105,System.DateTime Paillave.Etl.EntityFrameworkCoreTests.UnitTest1/Class1::get_MyProperty3()
DA:17,105
FN:20,System.Int32 Paillave.Etl.EntityFrameworkCoreTests.UnitTest1/Class2::get_MyProperty4()
FNDA:106,System.Int32 Paillave.Etl.EntityFrameworkCoreTests.UnitTest1/Class2::get_MyProperty4()
DA:21,106
FN:21,System.String Paillave.Etl.EntityFrameworkCoreTests.UnitTest1/Class2::get_MyProperty5()
FNDA:0,System.String Paillave.Etl.EntityFrameworkCoreTests.UnitTest1/Class2::get_MyProperty5()
DA:22,0
FN:22,System.DateTime Paillave.Etl.EntityFrameworkCoreTests.UnitTest1/Class2::get_MyProperty6()
FNDA:0,System.DateTime Paillave.Etl.EntityFrameworkCoreTests.UnitTest1/Class2::get_MyProperty6()
DA:23,0
FN:26,System.Int32 Paillave.Etl.EntityFrameworkCoreTests.UnitTest1/Class3::get_MyProperty7()
FNDA:0,System.Int32 Paillave.Etl.EntityFrameworkCoreTests.UnitTest1/Class3::get_MyProperty7()
DA:27,0
FN:27,System.String Paillave.Etl.EntityFrameworkCoreTests.UnitTest1/Class3::get_MyProperty8()
FNDA:6,System.String Paillave.Etl.EntityFrameworkCoreTests.UnitTest1/Class3::get_MyProperty8()
DA:28,6
FN:28,System.DateTime Paillave.Etl.EntityFrameworkCoreTests.UnitTest1/Class3::get_MyProperty9()
FNDA:0,System.DateTime Paillave.Etl.EntityFrameworkCoreTests.UnitTest1/Class3::get_MyProperty9()
DA:29,0
FN:29,Paillave.Etl.EntityFrameworkCoreTests.UnitTest1/Class2 Paillave.Etl.EntityFrameworkCoreTests.UnitTest1/Class3::get_MyProperty10()
FNDA:106,Paillave.Etl.EntityFrameworkCoreTests.UnitTest1/Class2 Paillave.Etl.EntityFrameworkCoreTests.UnitTest1/Class3::get_MyProperty10()
DA:30,106
LF:55
LH:51
BRF:4
BRH:4
FNF:13
FNH:9
end_of_record