SF:C:\Users\sroyer\Source\Repos\Etl.Net\src\Paillave.Etl\AggregationOperators.cs
FN:13,TOut Paillave.Etl.AggregationOperators::For(TOut,System.Boolean)
FNDA:0,TOut Paillave.Etl.AggregationOperators::For(TOut,System.Boolean)
DA:14,0
DA:15,0
FN:19,System.Int32 Paillave.Etl.AggregationOperators::Count(TOut)
FNDA:0,System.Int32 Paillave.Etl.AggregationOperators::Count(TOut)
DA:20,0
DA:21,0
FN:25,TOut Paillave.Etl.AggregationOperators::First(TOut)
FNDA:0,TOut Paillave.Etl.AggregationOperators::First(TOut)
DA:26,0
DA:27,0
FN:31,TOut Paillave.Etl.AggregationOperators::Last(TOut)
FNDA:0,TOut Paillave.Etl.AggregationOperators::Last(TOut)
DA:32,0
DA:33,0
FN:37,System.Int32 Paillave.Etl.AggregationOperators::Count()
FNDA:0,System.Int32 Paillave.Etl.AggregationOperators::Count()
DA:38,0
DA:39,0
FN:43,TOut Paillave.Etl.AggregationOperators::Max(TOut)
FNDA:0,TOut Paillave.Etl.AggregationOperators::Max(TOut)
DA:44,0
DA:45,0
FN:49,TOut Paillave.Etl.AggregationOperators::Min(TOut)
FNDA:0,TOut Paillave.Etl.AggregationOperators::Min(TOut)
DA:50,0
DA:51,0
FN:55,TOut Paillave.Etl.AggregationOperators::Sum(TOut)
FNDA:0,TOut Paillave.Etl.AggregationOperators::Sum(TOut)
DA:56,0
DA:57,0
FN:61,TOut Paillave.Etl.AggregationOperators::Avg(TOut)
FNDA:0,TOut Paillave.Etl.AggregationOperators::Avg(TOut)
DA:62,0
DA:63,0
LF:18
LH:0
BRF:0
BRH:0
FNF:9
FNH:0
end_of_record
SF:C:\Users\sroyer\Source\Repos\Etl.Net\src\Paillave.Etl\CurrentExecutionNodeContext.cs
FN:13,System.String Paillave.Etl.CurrentExecutionNodeContext::get_NodeName()
FNDA:150,System.String Paillave.Etl.CurrentExecutionNodeContext::get_NodeName()
DA:14,150
FN:14,System.String Paillave.Etl.CurrentExecutionNodeContext::get_TypeName()
FNDA:50,System.String Paillave.Etl.CurrentExecutionNodeContext::get_TypeName()
DA:15,50
FN:15,System.Boolean Paillave.Etl.CurrentExecutionNodeContext::get_IsAwaitable()
FNDA:0,System.Boolean Paillave.Etl.CurrentExecutionNodeContext::get_IsAwaitable()
DA:16,0
FN:9,System.Void Paillave.Etl.CurrentExecutionNodeContext::.ctor(System.String)
FNDA:50,System.Void Paillave.Etl.CurrentExecutionNodeContext::.ctor(System.String)
DA:10,50
DA:11,50
DA:12,50
DA:13,50
LF:7
LH:6
BRF:0
BRH:0
FNF:4
FNH:3
end_of_record
SF:C:\Users\sroyer\Source\Repos\Etl.Net\src\Paillave.Etl\Disposable.cs
FN:7,T Paillave.Etl.Disposable`1::get_Resource()
FNDA:0,T Paillave.Etl.Disposable`1::get_Resource()
DA:8,0
FN:16,System.Void Paillave.Etl.Disposable`1::Dispose()
FNDA:0,System.Void Paillave.Etl.Disposable`1::Dispose()
DA:17,0
DA:18,0
DA:19,0
FN:8,System.Void Paillave.Etl.Disposable`1::.ctor(T,System.Action`1<T>)
FNDA:0,System.Void Paillave.Etl.Disposable`1::.ctor(T,System.Action`1<T>)
DA:9,0
DA:10,0
DA:11,0
DA:12,0
DA:13,0
DA:14,0
LF:10
LH:0
BRF:0
BRH:0
FNF:3
FNH:0
end_of_record
SF:C:\Users\sroyer\Source\Repos\Etl.Net\src\Paillave.Etl\ExecutionStatus.cs
FN:7,System.Boolean Paillave.Etl.ExecutionStatus::get_Failed()
FNDA:4,System.Boolean Paillave.Etl.ExecutionStatus::get_Failed()
DA:8,4
FN:8,Paillave.Etl.Core.TraceEvent Paillave.Etl.ExecutionStatus::get_EndOfProcessTraceEvent()
FNDA:48,Paillave.Etl.Core.TraceEvent Paillave.Etl.ExecutionStatus::get_EndOfProcessTraceEvent()
DA:9,48
FN:9,Paillave.Etl.JobDefinitionStructure Paillave.Etl.ExecutionStatus::get_JobDefinitionStructure()
FNDA:0,Paillave.Etl.JobDefinitionStructure Paillave.Etl.ExecutionStatus::get_JobDefinitionStructure()
DA:10,0
FN:11,System.Collections.Generic.List`1<Paillave.Etl.Core.StreamStatisticCounter> Paillave.Etl.ExecutionStatus::get_StreamStatisticCounters()
FNDA:44,System.Collections.Generic.List`1<Paillave.Etl.Core.StreamStatisticCounter> Paillave.Etl.ExecutionStatus::get_StreamStatisticCounters()
DA:12,44
FN:12,System.Collections.Generic.List`1<Paillave.Etl.Core.StreamStatisticError> Paillave.Etl.ExecutionStatus::get_StreamStatisticErrors()
FNDA:48,System.Collections.Generic.List`1<Paillave.Etl.Core.StreamStatisticError> Paillave.Etl.ExecutionStatus::get_StreamStatisticErrors()
DA:13,48
FN:13,System.Void Paillave.Etl.ExecutionStatus::.ctor(Paillave.Etl.JobDefinitionStructure,Paillave.Etl.Core.StreamStatistics,Paillave.Etl.Core.TraceEvent)
FNDA:44,System.Void Paillave.Etl.ExecutionStatus::.ctor(Paillave.Etl.JobDefinitionStructure,Paillave.Etl.Core.StreamStatistics,Paillave.Etl.Core.TraceEvent)
DA:14,44
DA:15,44
DA:16,44
DA:17,44
DA:18,44
DA:19,44
DA:20,44
DA:21,44
LF:13
LH:12
BRF:0
BRH:0
FNF:6
FNH:5
end_of_record
SF:C:\Users\sroyer\Source\Repos\Etl.Net\src\Paillave.Etl\GetDefinitionExecutionContext.cs
FN:16,Paillave.Etl.JobDefinitionStructure Paillave.Etl.GetDefinitionExecutionContext::GetDefinitionStructure()
FNDA:0,Paillave.Etl.JobDefinitionStructure Paillave.Etl.GetDefinitionExecutionContext::GetDefinitionStructure()
DA:17,0
DA:18,0
DA:19,0
FN:24,System.Void Paillave.Etl.GetDefinitionExecutionContext::AddStreamToNodeLink(Paillave.Etl.Core.StreamToNodeLink)
FNDA:0,System.Void Paillave.Etl.GetDefinitionExecutionContext::AddStreamToNodeLink(Paillave.Etl.Core.StreamToNodeLink)
DA:25,0
FN:25,System.Guid Paillave.Etl.GetDefinitionExecutionContext::get_ExecutionId()
FNDA:0,System.Guid Paillave.Etl.GetDefinitionExecutionContext::get_ExecutionId()
DA:26,0
FN:26,System.Threading.WaitHandle Paillave.Etl.GetDefinitionExecutionContext::get_StartSynchronizer()
FNDA:0,System.Threading.WaitHandle Paillave.Etl.GetDefinitionExecutionContext::get_StartSynchronizer()
DA:27,0
FN:27,System.String Paillave.Etl.GetDefinitionExecutionContext::get_JobName()
FNDA:0,System.String Paillave.Etl.GetDefinitionExecutionContext::get_JobName()
DA:28,0
FN:28,System.Boolean Paillave.Etl.GetDefinitionExecutionContext::get_IsTracingContext()
FNDA:0,System.Boolean Paillave.Etl.GetDefinitionExecutionContext::get_IsTracingContext()
DA:29,0
FN:29,System.Void Paillave.Etl.GetDefinitionExecutionContext::AddDisposable(System.IDisposable)
FNDA:0,System.Void Paillave.Etl.GetDefinitionExecutionContext::AddDisposable(System.IDisposable)
DA:30,0
FN:30,System.Void Paillave.Etl.GetDefinitionExecutionContext::AddNode(Paillave.Etl.Core.INodeContext,Paillave.Etl.Reactive.Core.IPushObservable`1<T>,Paillave.Etl.Reactive.Core.IPushObservable`1<Paillave.Etl.Core.TraceEvent>)
FNDA:0,System.Void Paillave.Etl.GetDefinitionExecutionContext::AddNode(Paillave.Etl.Core.INodeContext,Paillave.Etl.Reactive.Core.IPushObservable`1<T>,Paillave.Etl.Reactive.Core.IPushObservable`1<Paillave.Etl.Core.TraceEvent>)
DA:31,0
FN:31,Paillave.Etl.Reactive.Core.IPushObservable`1<Paillave.Etl.Core.TraceEvent> Paillave.Etl.GetDefinitionExecutionContext::get_StopProcessEvent()
FNDA:0,Paillave.Etl.Reactive.Core.IPushObservable`1<Paillave.Etl.Core.TraceEvent> Paillave.Etl.GetDefinitionExecutionContext::get_StopProcessEvent()
DA:32,0
FN:32,System.Threading.Tasks.Task Paillave.Etl.GetDefinitionExecutionContext::GetCompletionTask()
FNDA:0,System.Threading.Tasks.Task Paillave.Etl.GetDefinitionExecutionContext::GetCompletionTask()
DA:33,0
FN:33,System.Int32 Paillave.Etl.GetDefinitionExecutionContext::NextTraceSequence()
FNDA:0,System.Int32 Paillave.Etl.GetDefinitionExecutionContext::NextTraceSequence()
DA:34,0
FN:34,System.Void Paillave.Etl.GetDefinitionExecutionContext::InvokeInDedicatedThread(System.Object,System.Action)
FNDA:0,System.Void Paillave.Etl.GetDefinitionExecutionContext::InvokeInDedicatedThread(System.Object,System.Action)
DA:35,0
FN:13,System.Void Paillave.Etl.GetDefinitionExecutionContext::.ctor(Paillave.Etl.Core.INodeContext)
FNDA:0,System.Void Paillave.Etl.GetDefinitionExecutionContext::.ctor(Paillave.Etl.Core.INodeContext)
DA:14,0
DA:15,0
DA:20,0
DA:21,0
DA:22,0
DA:23,0
DA:24,0
LF:21
LH:0
BRF:0
BRH:0
FNF:13
FNH:0
end_of_record
SF:C:\Users\sroyer\Source\Repos\Etl.Net\src\Paillave.Etl\JobDefinitionStructure.cs
FN:28,System.Collections.Generic.List`1<Paillave.Etl.Core.StreamToNodeLink> Paillave.Etl.JobDefinitionStructure::get_StreamToNodeLinks()
FNDA:0,System.Collections.Generic.List`1<Paillave.Etl.Core.StreamToNodeLink> Paillave.Etl.JobDefinitionStructure::get_StreamToNodeLinks()
DA:29,0
FN:29,System.Collections.Generic.List`1<Paillave.Etl.Core.INodeContext> Paillave.Etl.JobDefinitionStructure::get_Nodes()
FNDA:0,System.Collections.Generic.List`1<Paillave.Etl.Core.INodeContext> Paillave.Etl.JobDefinitionStructure::get_Nodes()
DA:30,0
FN:23,System.Void Paillave.Etl.JobDefinitionStructure::.ctor(System.Collections.Generic.List`1<Paillave.Etl.Core.StreamToNodeLink>,System.Collections.Generic.List`1<Paillave.Etl.Core.INodeContext>,System.String)
FNDA:44,System.Void Paillave.Etl.JobDefinitionStructure::.ctor(System.Collections.Generic.List`1<Paillave.Etl.Core.StreamToNodeLink>,System.Collections.Generic.List`1<Paillave.Etl.Core.INodeContext>,System.String)
DA:24,44
DA:25,44
DA:26,44
DA:27,212
DA:28,44
BRDA:27,23,0,1
BRDA:27,23,1,44
FN:18,System.String Paillave.Etl.JobDefinitionStructure/NodeContext::get_NodeName()
FNDA:0,System.String Paillave.Etl.JobDefinitionStructure/NodeContext::get_NodeName()
DA:19,0
FN:20,System.String Paillave.Etl.JobDefinitionStructure/NodeContext::get_TypeName()
FNDA:0,System.String Paillave.Etl.JobDefinitionStructure/NodeContext::get_TypeName()
DA:21,0
FN:12,System.Void Paillave.Etl.JobDefinitionStructure/NodeContext::.ctor(Paillave.Etl.Core.INodeContext)
FNDA:168,System.Void Paillave.Etl.JobDefinitionStructure/NodeContext::.ctor(Paillave.Etl.Core.INodeContext)
DA:13,168
DA:14,168
DA:15,168
DA:16,168
DA:17,168
LF:14
LH:10
BRF:2
BRH:2
FNF:6
FNH:2
end_of_record
SF:C:\Users\sroyer\Source\Repos\Etl.Net\src\Paillave.Etl\JobExecutionContext.cs
FN:14,Paillave.Etl.Core.TraceEvent Paillave.Etl.JobExecutionContext::get_EndOfProcessTraceEvent()
FNDA:160,Paillave.Etl.Core.TraceEvent Paillave.Etl.JobExecutionContext::get_EndOfProcessTraceEvent()
DA:15,160
FN:20,Paillave.Etl.JobDefinitionStructure Paillave.Etl.JobExecutionContext::GetDefinitionStructure()
FNDA:44,Paillave.Etl.JobDefinitionStructure Paillave.Etl.JobExecutionContext::GetDefinitionStructure()
DA:21,44
DA:22,44
DA:23,44
FN:26,Paillave.Etl.Reactive.Core.IPushObservable`1<Paillave.Etl.Core.TraceEvent> Paillave.Etl.JobExecutionContext::get_StopProcessEvent()
FNDA:240,Paillave.Etl.Reactive.Core.IPushObservable`1<Paillave.Etl.Core.TraceEvent> Paillave.Etl.JobExecutionContext::get_StopProcessEvent()
DA:27,240
FN:35,System.Guid Paillave.Etl.JobExecutionContext::get_ExecutionId()
FNDA:5963,System.Guid Paillave.Etl.JobExecutionContext::get_ExecutionId()
DA:36,5963
FN:36,System.String Paillave.Etl.JobExecutionContext::get_JobName()
FNDA:6007,System.String Paillave.Etl.JobExecutionContext::get_JobName()
DA:37,6007
FN:37,System.Boolean Paillave.Etl.JobExecutionContext::get_IsTracingContext()
FNDA:201,System.Boolean Paillave.Etl.JobExecutionContext::get_IsTracingContext()
DA:38,201
FN:40,System.Void Paillave.Etl.JobExecutionContext::AddNode(Paillave.Etl.Core.INodeContext,Paillave.Etl.Reactive.Core.IPushObservable`1<T>,Paillave.Etl.Reactive.Core.IPushObservable`1<Paillave.Etl.Core.TraceEvent>)
FNDA:190,System.Void Paillave.Etl.JobExecutionContext::AddNode(Paillave.Etl.Core.INodeContext,Paillave.Etl.Reactive.Core.IPushObservable`1<T>,Paillave.Etl.Reactive.Core.IPushObservable`1<Paillave.Etl.Core.TraceEvent>)
DA:41,190
DA:42,190
DA:43,190
DA:44,6053
DA:46,190
FN:47,System.Void Paillave.Etl.JobExecutionContext::ReleaseResources()
FNDA:50,System.Void Paillave.Etl.JobExecutionContext::ReleaseResources()
DA:48,50
DA:49,50
DA:50,50
FN:51,System.Threading.Tasks.Task Paillave.Etl.JobExecutionContext::GetCompletionTask()
FNDA:50,System.Threading.Tasks.Task Paillave.Etl.JobExecutionContext::GetCompletionTask()
DA:52,50
DA:53,50
DA:54,50
DA:55,50
DA:56,50
FN:56,System.Void Paillave.Etl.JobExecutionContext::AddDisposable(System.IDisposable)
FNDA:0,System.Void Paillave.Etl.JobExecutionContext::AddDisposable(System.IDisposable)
DA:57,0
FN:57,System.Void Paillave.Etl.JobExecutionContext::AddStreamToNodeLink(Paillave.Etl.Core.StreamToNodeLink)
FNDA:201,System.Void Paillave.Etl.JobExecutionContext::AddStreamToNodeLink(Paillave.Etl.Core.StreamToNodeLink)
DA:58,201
FN:61,System.Int32 Paillave.Etl.JobExecutionContext::NextTraceSequence()
FNDA:5963,System.Int32 Paillave.Etl.JobExecutionContext::NextTraceSequence()
DA:62,5963
DA:63,5963
DA:64,5963
DA:65,5963
FN:66,System.Void Paillave.Etl.JobExecutionContext::InvokeInDedicatedThread(System.Object,System.Action)
FNDA:0,System.Void Paillave.Etl.JobExecutionContext::InvokeInDedicatedThread(System.Object,System.Action)
DA:67,0
DA:68,0
DA:69,0
FN:33,System.Void Paillave.Etl.JobExecutionContext::<.ctor>b__14_0(Paillave.Etl.Core.TraceEvent)
FNDA:60,System.Void Paillave.Etl.JobExecutionContext::<.ctor>b__14_0(Paillave.Etl.Core.TraceEvent)
DA:34,60
FN:16,System.Void Paillave.Etl.JobExecutionContext::.ctor(System.String,System.Guid,Paillave.Etl.Reactive.Core.IPushSubject`1<Paillave.Etl.Core.TraceEvent>,System.Func`2<Paillave.Etl.Reactive.Core.IPushObservable`1<Paillave.Etl.Core.TraceEvent>,Paillave.Etl.Reactive.Core.IPushObservable`1<Paillave.Etl.Core.TraceEvent>>,Paillave.Etl.Core.JobPoolDispatcher)
FNDA:50,System.Void Paillave.Etl.JobExecutionContext::.ctor(System.String,System.Guid,Paillave.Etl.Reactive.Core.IPushSubject`1<Paillave.Etl.Core.TraceEvent>,System.Func`2<Paillave.Etl.Reactive.Core.IPushObservable`1<Paillave.Etl.Core.TraceEvent>,Paillave.Etl.Reactive.Core.IPushObservable`1<Paillave.Etl.Core.TraceEvent>>,Paillave.Etl.Core.JobPoolDispatcher)
DA:17,50
DA:19,50
DA:24,50
DA:26,50
DA:28,50
DA:29,50
DA:30,50
DA:31,50
DA:32,50
DA:33,50
DA:35,50
DA:59,50
DA:60,50
LF:44
LH:40
BRF:0
BRH:0
FNF:15
FNH:13
end_of_record
SF:C:\Users\sroyer\Source\Repos\Etl.Net\src\Paillave.Etl\StreamProcessRunner.cs
FN:19,Paillave.Etl.StreamProcessRunner`1<TConfig> Paillave.Etl.StreamProcessRunner::Create(System.Action`1<Paillave.Etl.Core.Streams.ISingleStream`1<TConfig>>,System.String)
FNDA:0,Paillave.Etl.StreamProcessRunner`1<TConfig> Paillave.Etl.StreamProcessRunner::Create(System.Action`1<Paillave.Etl.Core.Streams.ISingleStream`1<TConfig>>,System.String)
DA:20,0
FN:20,System.Threading.Tasks.Task`1<Paillave.Etl.ExecutionStatus> Paillave.Etl.StreamProcessRunner::CreateAndExecuteAsync(TConfig,System.Action`1<Paillave.Etl.Core.Streams.ISingleStream`1<TConfig>>,System.Action`1<Paillave.Etl.Core.Streams.IStream`1<Paillave.Etl.Core.TraceEvent>>,System.String)
FNDA:46,System.Threading.Tasks.Task`1<Paillave.Etl.ExecutionStatus> Paillave.Etl.StreamProcessRunner::CreateAndExecuteAsync(TConfig,System.Action`1<Paillave.Etl.Core.Streams.ISingleStream`1<TConfig>>,System.Action`1<Paillave.Etl.Core.Streams.IStream`1<Paillave.Etl.Core.TraceEvent>>,System.String)
DA:21,46
FN:21,System.Threading.Tasks.Task`1<Paillave.Etl.ExecutionStatus> Paillave.Etl.StreamProcessRunner::CreateAndExecuteWithNoFaultAsync(TConfig,System.Action`1<Paillave.Etl.Core.Streams.ISingleStream`1<TConfig>>,System.Action`1<Paillave.Etl.Core.Streams.IStream`1<Paillave.Etl.Core.TraceEvent>>,System.String)
FNDA:4,System.Threading.Tasks.Task`1<Paillave.Etl.ExecutionStatus> Paillave.Etl.StreamProcessRunner::CreateAndExecuteWithNoFaultAsync(TConfig,System.Action`1<Paillave.Etl.Core.Streams.ISingleStream`1<TConfig>>,System.Action`1<Paillave.Etl.Core.Streams.IStream`1<Paillave.Etl.Core.TraceEvent>>,System.String)
DA:22,4
FN:29,System.Func`2<Paillave.Etl.Reactive.Core.IPushObservable`1<Paillave.Etl.Core.TraceEvent>,Paillave.Etl.Reactive.Core.IPushObservable`1<Paillave.Etl.Core.TraceEvent>> Paillave.Etl.StreamProcessRunner`1::get_StopCondition()
FNDA:50,System.Func`2<Paillave.Etl.Reactive.Core.IPushObservable`1<Paillave.Etl.Core.TraceEvent>,Paillave.Etl.Reactive.Core.IPushObservable`1<Paillave.Etl.Core.TraceEvent>> Paillave.Etl.StreamProcessRunner`1::get_StopCondition()
DA:30,50
FN:36,System.Threading.Tasks.Task`1<Paillave.Etl.ExecutionStatus> Paillave.Etl.StreamProcessRunner`1::Paillave.Etl.IStreamProcessRunner.ExecuteWithNoFaultAsync(System.Object,System.Action`1<Paillave.Etl.Core.Streams.IStream`1<Paillave.Etl.Core.TraceEvent>>)
FNDA:0,System.Threading.Tasks.Task`1<Paillave.Etl.ExecutionStatus> Paillave.Etl.StreamProcessRunner`1::Paillave.Etl.IStreamProcessRunner.ExecuteWithNoFaultAsync(System.Object,System.Action`1<Paillave.Etl.Core.Streams.IStream`1<Paillave.Etl.Core.TraceEvent>>)
DA:37,0
DA:38,0
DA:39,0
FN:40,System.Threading.Tasks.Task`1<Paillave.Etl.ExecutionStatus> Paillave.Etl.StreamProcessRunner`1::ExecuteWithNoFaultAsync(TConfig,System.Action`1<Paillave.Etl.Core.Streams.IStream`1<Paillave.Etl.Core.TraceEvent>>)
FNDA:4,System.Threading.Tasks.Task`1<Paillave.Etl.ExecutionStatus> Paillave.Etl.StreamProcessRunner`1::ExecuteWithNoFaultAsync(TConfig,System.Action`1<Paillave.Etl.Core.Streams.IStream`1<Paillave.Etl.Core.TraceEvent>>)
DA:41,4
DA:42,4
DA:43,4
FN:44,System.Threading.Tasks.Task`1<Paillave.Etl.ExecutionStatus> Paillave.Etl.StreamProcessRunner`1::ExecuteAsync(TConfig,System.Action`1<Paillave.Etl.Core.Streams.IStream`1<Paillave.Etl.Core.TraceEvent>>,System.Boolean)
FNDA:50,System.Threading.Tasks.Task`1<Paillave.Etl.ExecutionStatus> Paillave.Etl.StreamProcessRunner`1::ExecuteAsync(TConfig,System.Action`1<Paillave.Etl.Core.Streams.IStream`1<Paillave.Etl.Core.TraceEvent>>,System.Boolean)
DA:45,50
DA:46,50
DA:47,50
DA:48,50
DA:49,50
DA:50,50
DA:51,50
DA:52,50
DA:53,50
DA:54,50
DA:55,50
DA:56,50
DA:57,50
DA:58,50
DA:59,50
DA:60,50
DA:61,50
DA:62,100
DA:63,100
DA:64,100
DA:65,50
DA:66,50
DA:67,50
DA:68,50
DA:69,100
DA:70,100
DA:71,100
DA:72,56
DA:73,94
DA:74,94
DA:75,94
DA:76,94
DA:77,50
DA:78,50
DA:79,50
DA:80,50
DA:81,50
BRDA:53,114,0,50
BRDA:53,114,1,50
BRDA:55,188,1,1
BRDA:55,188,0,50
FN:82,Paillave.Etl.JobDefinitionStructure Paillave.Etl.StreamProcessRunner`1::GetDefinitionStructure()
FNDA:0,Paillave.Etl.JobDefinitionStructure Paillave.Etl.StreamProcessRunner`1::GetDefinitionStructure()
DA:83,0
DA:84,0
DA:85,0
DA:86,0
DA:87,0
DA:88,0
FN:28,System.Void Paillave.Etl.StreamProcessRunner`1::.ctor(System.Action`1<Paillave.Etl.Core.Streams.ISingleStream`1<TConfig>>,System.String)
FNDA:5963,System.Void Paillave.Etl.StreamProcessRunner`1::.ctor(System.Action`1<Paillave.Etl.Core.Streams.ISingleStream`1<TConfig>>,System.String)
DA:29,5963
DA:31,50
DA:32,50
DA:33,50
DA:34,50
DA:35,50
BRDA:29,7,0,22
BRDA:29,7,1,100
BRDA:34,60,0,0
BRDA:34,69,0,0
BRDA:34,60,1,50
BRDA:34,69,1,50
LF:59
LH:49
BRF:14
BRH:12
FNF:9
FNH:6
end_of_record
SF:C:\Users\sroyer\Source\Repos\Etl.Net\src\Paillave.Etl\TraceExecutionContext.cs
FN:17,System.Threading.WaitHandle Paillave.Etl.TraceExecutionContext::get__startSynchronizer()
FNDA:50,System.Threading.WaitHandle Paillave.Etl.TraceExecutionContext::get__startSynchronizer()
DA:18,50
FN:29,System.Guid Paillave.Etl.TraceExecutionContext::get_ExecutionId()
FNDA:484,System.Guid Paillave.Etl.TraceExecutionContext::get_ExecutionId()
DA:30,484
FN:30,System.String Paillave.Etl.TraceExecutionContext::get_JobName()
FNDA:484,System.String Paillave.Etl.TraceExecutionContext::get_JobName()
DA:31,484
FN:31,System.Boolean Paillave.Etl.TraceExecutionContext::get_IsTracingContext()
FNDA:200,System.Boolean Paillave.Etl.TraceExecutionContext::get_IsTracingContext()
DA:32,200
FN:32,Paillave.Etl.Reactive.Core.IPushObservable`1<Paillave.Etl.Core.TraceEvent> Paillave.Etl.TraceExecutionContext::get_StopProcessEvent()
FNDA:250,Paillave.Etl.Reactive.Core.IPushObservable`1<Paillave.Etl.Core.TraceEvent> Paillave.Etl.TraceExecutionContext::get_StopProcessEvent()
DA:33,250
FN:35,System.Void Paillave.Etl.TraceExecutionContext::AddNode(Paillave.Etl.Core.INodeContext,Paillave.Etl.Reactive.Core.IPushObservable`1<T>,Paillave.Etl.Reactive.Core.IPushObservable`1<Paillave.Etl.Core.TraceEvent>)
FNDA:200,System.Void Paillave.Etl.TraceExecutionContext::AddNode(Paillave.Etl.Core.INodeContext,Paillave.Etl.Reactive.Core.IPushObservable`1<T>,Paillave.Etl.Reactive.Core.IPushObservable`1<Paillave.Etl.Core.TraceEvent>)
DA:36,200
DA:37,200
DA:38,200
FN:38,System.Threading.Tasks.Task Paillave.Etl.TraceExecutionContext::GetCompletionTask()
FNDA:100,System.Threading.Tasks.Task Paillave.Etl.TraceExecutionContext::GetCompletionTask()
DA:39,100
FN:39,System.Void Paillave.Etl.TraceExecutionContext::AddDisposable(System.IDisposable)
FNDA:0,System.Void Paillave.Etl.TraceExecutionContext::AddDisposable(System.IDisposable)
DA:40,0
FN:40,System.Void Paillave.Etl.TraceExecutionContext::AddStreamToNodeLink(Paillave.Etl.Core.StreamToNodeLink)
FNDA:400,System.Void Paillave.Etl.TraceExecutionContext::AddStreamToNodeLink(Paillave.Etl.Core.StreamToNodeLink)
DA:41,400
FN:41,System.Int32 Paillave.Etl.TraceExecutionContext::NextTraceSequence()
FNDA:484,System.Int32 Paillave.Etl.TraceExecutionContext::NextTraceSequence()
DA:42,484
FN:43,System.Void Paillave.Etl.TraceExecutionContext::InvokeInDedicatedThread(System.Object,System.Action)
FNDA:0,System.Void Paillave.Etl.TraceExecutionContext::InvokeInDedicatedThread(System.Object,System.Action)
DA:44,0
DA:45,0
DA:46,0
FN:15,System.Void Paillave.Etl.TraceExecutionContext::.ctor(System.Threading.WaitHandle,System.Guid,Paillave.Etl.Core.JobPoolDispatcher)
FNDA:50,System.Void Paillave.Etl.TraceExecutionContext::.ctor(System.Threading.WaitHandle,System.Guid,Paillave.Etl.Core.JobPoolDispatcher)
DA:16,50
DA:17,50
DA:19,50
DA:20,50
DA:21,50
DA:22,50
DA:23,50
DA:24,50
DA:25,50
DA:26,50
LF:25
LH:21
BRF:0
BRH:0
FNF:12
FNH:10
end_of_record
SF:C:\Users\sroyer\Source\Repos\Etl.Net\src\Paillave.Etl\ValuesProviders\LocalFilesValuesProvider.cs
FN:17,System.String Paillave.Etl.ValuesProviders.LocalFilesValue::get_Name()
FNDA:12,System.String Paillave.Etl.ValuesProviders.LocalFilesValue::get_Name()
DA:18,12
FN:20,System.IO.Stream Paillave.Etl.ValuesProviders.LocalFilesValue::GetContent()
FNDA:0,System.IO.Stream Paillave.Etl.ValuesProviders.LocalFilesValue::GetContent()
DA:21,0
DA:22,0
DA:23,0
FN:13,System.Void Paillave.Etl.ValuesProviders.LocalFilesValue::.ctor(System.String)
FNDA:12,System.Void Paillave.Etl.ValuesProviders.LocalFilesValue::.ctor(System.String)
DA:14,12
DA:15,12
DA:16,12
DA:17,12
FN:26,System.String Paillave.Etl.ValuesProviders.LocalFilesValuesProviderArgs::get_SearchPattern()
FNDA:6,System.String Paillave.Etl.ValuesProviders.LocalFilesValuesProviderArgs::get_SearchPattern()
DA:27,6
FN:27,System.Boolean Paillave.Etl.ValuesProviders.LocalFilesValuesProviderArgs::get_Recursive()
FNDA:6,System.Boolean Paillave.Etl.ValuesProviders.LocalFilesValuesProviderArgs::get_Recursive()
DA:28,6
FN:28,System.String Paillave.Etl.ValuesProviders.LocalFilesValuesProviderArgs::get_RootFolder()
FNDA:4,System.String Paillave.Etl.ValuesProviders.LocalFilesValuesProviderArgs::get_RootFolder()
DA:29,4
FN:33,System.Void Paillave.Etl.ValuesProviders.LocalFilesValuesProvider::PushValues(System.Action`1<Paillave.Etl.ValuesProviders.LocalFilesValue>,Paillave.Etl.ValuesProviders.LocalFilesValuesProviderArgs)
FNDA:2,System.Void Paillave.Etl.ValuesProviders.LocalFilesValuesProvider::PushValues(System.Action`1<Paillave.Etl.ValuesProviders.LocalFilesValue>,Paillave.Etl.ValuesProviders.LocalFilesValuesProviderArgs)
DA:34,2
DA:35,2
DA:36,2
DA:37,2
DA:38,14
DA:39,2
BRDA:35,32,0,1
BRDA:35,32,1,1
LF:17
LH:14
BRF:2
BRH:2
FNF:7
FNH:6
end_of_record
SF:C:\Users\sroyer\Source\Repos\Etl.Net\src\Paillave.Etl\StreamNodes\AggregateSortedStreamNode.cs
FN:12,Paillave.Etl.Core.Streams.ISortedStream`2<TIn,TKey> Paillave.Etl.StreamNodes.AggregateSortedArgs`3::get_InputStream()
FNDA:0,Paillave.Etl.Core.Streams.ISortedStream`2<TIn,TKey> Paillave.Etl.StreamNodes.AggregateSortedArgs`3::get_InputStream()
DA:13,0
FN:13,System.Func`3<TAggrRes,TIn,TAggrRes> Paillave.Etl.StreamNodes.AggregateSortedArgs`3::get_Aggregate()
FNDA:0,System.Func`3<TAggrRes,TIn,TAggrRes> Paillave.Etl.StreamNodes.AggregateSortedArgs`3::get_Aggregate()
DA:14,0
FN:14,System.Func`2<TIn,TAggrRes> Paillave.Etl.StreamNodes.AggregateSortedArgs`3::get_CreateEmptyAggregation()
FNDA:0,System.Func`2<TIn,TAggrRes> Paillave.Etl.StreamNodes.AggregateSortedArgs`3::get_CreateEmptyAggregation()
DA:15,0
FN:23,Paillave.Etl.Core.Streams.ISortedStream`2<Paillave.Etl.StreamNodes.AggregationResult`3<TIn,TKey,TAggrRes>,TKey> Paillave.Etl.StreamNodes.AggregateSortedStreamNode`3::CreateOutputStream(Paillave.Etl.StreamNodes.AggregateSortedArgs`3<TIn,TAggrRes,TKey>)
FNDA:0,Paillave.Etl.Core.Streams.ISortedStream`2<Paillave.Etl.StreamNodes.AggregationResult`3<TIn,TKey,TAggrRes>,TKey> Paillave.Etl.StreamNodes.AggregateSortedStreamNode`3::CreateOutputStream(Paillave.Etl.StreamNodes.AggregateSortedArgs`3<TIn,TAggrRes,TKey>)
DA:24,0
DA:25,0
DA:26,0
DA:27,0
DA:28,0
DA:29,0
DA:30,0
DA:31,0
DA:32,0
DA:33,0
DA:34,0
DA:35,0
DA:36,0
DA:37,0
BRDA:25,92,0,0
BRDA:25,92,1,0
FN:18,System.Void Paillave.Etl.StreamNodes.AggregateSortedStreamNode`3::.ctor(System.String,Paillave.Etl.StreamNodes.AggregateSortedArgs`3<TIn,TAggrRes,TKey>)
FNDA:0,System.Void Paillave.Etl.StreamNodes.AggregateSortedStreamNode`3::.ctor(System.String,Paillave.Etl.StreamNodes.AggregateSortedArgs`3<TIn,TAggrRes,TKey>)
DA:19,0
DA:20,0
DA:21,0
LF:20
LH:0
BRF:2
BRH:0
FNF:5
FNH:0
end_of_record
SF:C:\Users\sroyer\Source\Repos\Etl.Net\src\Paillave.Etl\StreamNodes\AggregateStreamNode.cs
FN:10,Paillave.Etl.Core.Streams.IStream`1<TIn> Paillave.Etl.StreamNodes.AggregateArgs`3::get_InputStream()
FNDA:8,Paillave.Etl.Core.Streams.IStream`1<TIn> Paillave.Etl.StreamNodes.AggregateArgs`3::get_InputStream()
DA:11,8
FN:11,System.Func`3<TAggrRes,TIn,TAggrRes> Paillave.Etl.StreamNodes.AggregateArgs`3::get_Aggregate()
FNDA:8,System.Func`3<TAggrRes,TIn,TAggrRes> Paillave.Etl.StreamNodes.AggregateArgs`3::get_Aggregate()
DA:12,8
FN:12,System.Func`2<TIn,TKey> Paillave.Etl.StreamNodes.AggregateArgs`3::get_GetKey()
FNDA:8,System.Func`2<TIn,TKey> Paillave.Etl.StreamNodes.AggregateArgs`3::get_GetKey()
DA:13,8
FN:13,System.Func`2<TIn,TAggrRes> Paillave.Etl.StreamNodes.AggregateArgs`3::get_CreateEmptyAggregation()
FNDA:8,System.Func`2<TIn,TAggrRes> Paillave.Etl.StreamNodes.AggregateArgs`3::get_CreateEmptyAggregation()
DA:14,8
FN:22,Paillave.Etl.Core.Streams.IStream`1<Paillave.Etl.StreamNodes.AggregationResult`3<TIn,TKey,TAggrRes>> Paillave.Etl.StreamNodes.AggregateStreamNode`3::CreateOutputStream(Paillave.Etl.StreamNodes.AggregateArgs`3<TIn,TAggrRes,TKey>)
FNDA:2,Paillave.Etl.Core.Streams.IStream`1<Paillave.Etl.StreamNodes.AggregationResult`3<TIn,TKey,TAggrRes>> Paillave.Etl.StreamNodes.AggregateStreamNode`3::CreateOutputStream(Paillave.Etl.StreamNodes.AggregateArgs`3<TIn,TAggrRes,TKey>)
DA:23,2
DA:24,2
DA:25,2
DA:26,2
DA:27,2
DA:28,2
DA:29,6
DA:30,6
DA:31,6
DA:32,6
DA:33,6
DA:34,6
DA:35,2
BRDA:24,37,0,2
BRDA:24,37,1,2
FN:17,System.Void Paillave.Etl.StreamNodes.AggregateStreamNode`3::.ctor(System.String,Paillave.Etl.StreamNodes.AggregateArgs`3<TIn,TAggrRes,TKey>)
FNDA:2,System.Void Paillave.Etl.StreamNodes.AggregateStreamNode`3::.ctor(System.String,Paillave.Etl.StreamNodes.AggregateArgs`3<TIn,TAggrRes,TKey>)
DA:18,2
DA:19,2
DA:20,2
LF:20
LH:20
BRF:2
BRH:2
FNF:6
FNH:6
end_of_record
SF:C:\Users\sroyer\Source\Repos\Etl.Net\src\Paillave.Etl\StreamNodes\ApplyStreamNode.cs
FN:12,Paillave.Etl.Core.Streams.IStream`1<TInMain> Paillave.Etl.StreamNodes.ApplyArgs`3::get_MainStream()
FNDA:0,Paillave.Etl.Core.Streams.IStream`1<TInMain> Paillave.Etl.StreamNodes.ApplyArgs`3::get_MainStream()
DA:13,0
FN:13,Paillave.Etl.Core.Streams.ISingleStream`1<TInToApply> Paillave.Etl.StreamNodes.ApplyArgs`3::get_StreamToApply()
FNDA:0,Paillave.Etl.Core.Streams.ISingleStream`1<TInToApply> Paillave.Etl.StreamNodes.ApplyArgs`3::get_StreamToApply()
DA:14,0
FN:14,System.Func`3<TInMain,TInToApply,TOut> Paillave.Etl.StreamNodes.ApplyArgs`3::get_Selector()
FNDA:0,System.Func`3<TInMain,TInToApply,TOut> Paillave.Etl.StreamNodes.ApplyArgs`3::get_Selector()
DA:15,0
FN:15,System.Func`4<TInMain,TInToApply,System.Int32,TOut> Paillave.Etl.StreamNodes.ApplyArgs`3::get_IndexSelector()
FNDA:0,System.Func`4<TInMain,TInToApply,System.Int32,TOut> Paillave.Etl.StreamNodes.ApplyArgs`3::get_IndexSelector()
DA:16,0
FN:16,System.Boolean Paillave.Etl.StreamNodes.ApplyArgs`3::get_ExcludeNull()
FNDA:0,System.Boolean Paillave.Etl.StreamNodes.ApplyArgs`3::get_ExcludeNull()
DA:17,0
FN:17,System.Boolean Paillave.Etl.StreamNodes.ApplyArgs`3::get_WithNoDispose()
FNDA:0,System.Boolean Paillave.Etl.StreamNodes.ApplyArgs`3::get_WithNoDispose()
DA:18,0
FN:21,Paillave.Etl.Core.Streams.ISingleStream`1<TInMain> Paillave.Etl.StreamNodes.ApplySingleArgs`3::get_MainStream()
FNDA:0,Paillave.Etl.Core.Streams.ISingleStream`1<TInMain> Paillave.Etl.StreamNodes.ApplySingleArgs`3::get_MainStream()
DA:22,0
FN:22,Paillave.Etl.Core.Streams.ISingleStream`1<TInToApply> Paillave.Etl.StreamNodes.ApplySingleArgs`3::get_StreamToApply()
FNDA:0,Paillave.Etl.Core.Streams.ISingleStream`1<TInToApply> Paillave.Etl.StreamNodes.ApplySingleArgs`3::get_StreamToApply()
DA:23,0
FN:23,System.Func`3<TInMain,TInToApply,TOut> Paillave.Etl.StreamNodes.ApplySingleArgs`3::get_Selector()
FNDA:0,System.Func`3<TInMain,TInToApply,TOut> Paillave.Etl.StreamNodes.ApplySingleArgs`3::get_Selector()
DA:24,0
FN:24,System.Func`4<TInMain,TInToApply,System.Int32,TOut> Paillave.Etl.StreamNodes.ApplySingleArgs`3::get_IndexSelector()
FNDA:0,System.Func`4<TInMain,TInToApply,System.Int32,TOut> Paillave.Etl.StreamNodes.ApplySingleArgs`3::get_IndexSelector()
DA:25,0
FN:25,System.Boolean Paillave.Etl.StreamNodes.ApplySingleArgs`3::get_ExcludeNull()
FNDA:0,System.Boolean Paillave.Etl.StreamNodes.ApplySingleArgs`3::get_ExcludeNull()
DA:26,0
FN:26,System.Boolean Paillave.Etl.StreamNodes.ApplySingleArgs`3::get_WithNoDispose()
FNDA:0,System.Boolean Paillave.Etl.StreamNodes.ApplySingleArgs`3::get_WithNoDispose()
DA:27,0
FN:35,Paillave.Etl.Core.Streams.ISingleStream`1<TOut> Paillave.Etl.StreamNodes.ApplySingleStreamNode`3::CreateOutputStream(Paillave.Etl.StreamNodes.ApplySingleArgs`3<TInMain,TInToApply,TOut>)
FNDA:0,Paillave.Etl.Core.Streams.ISingleStream`1<TOut> Paillave.Etl.StreamNodes.ApplySingleStreamNode`3::CreateOutputStream(Paillave.Etl.StreamNodes.ApplySingleArgs`3<TInMain,TInToApply,TOut>)
DA:36,0
DA:38,0
DA:39,0
DA:41,0
DA:42,0
DA:43,0
DA:44,0
DA:45,0
BRDA:38,12,0,0
BRDA:38,12,1,0
BRDA:41,85,0,0
BRDA:41,85,1,0
BRDA:42,164,0,0
BRDA:43,173,0,0
BRDA:43,173,1,0
BRDA:42,164,1,0
FN:30,System.Void Paillave.Etl.StreamNodes.ApplySingleStreamNode`3::.ctor(System.String,Paillave.Etl.StreamNodes.ApplySingleArgs`3<TInMain,TInToApply,TOut>)
FNDA:0,System.Void Paillave.Etl.StreamNodes.ApplySingleStreamNode`3::.ctor(System.String,Paillave.Etl.StreamNodes.ApplySingleArgs`3<TInMain,TInToApply,TOut>)
DA:31,0
DA:32,0
DA:33,0
FN:54,Paillave.Etl.Core.Streams.IStream`1<TOut> Paillave.Etl.StreamNodes.ApplyStreamNode`3::CreateOutputStream(Paillave.Etl.StreamNodes.ApplyArgs`3<TInMain,TInToApply,TOut>)
FNDA:0,Paillave.Etl.Core.Streams.IStream`1<TOut> Paillave.Etl.StreamNodes.ApplyStreamNode`3::CreateOutputStream(Paillave.Etl.StreamNodes.ApplyArgs`3<TInMain,TInToApply,TOut>)
DA:55,0
DA:57,0
DA:58,0
DA:60,0
DA:61,0
DA:62,0
DA:63,0
DA:64,0
BRDA:57,12,0,0
BRDA:57,12,1,0
BRDA:60,85,0,0
BRDA:60,85,1,0
BRDA:61,164,0,0
BRDA:62,173,0,0
BRDA:62,173,1,0
BRDA:61,164,1,0
FN:49,System.Void Paillave.Etl.StreamNodes.ApplyStreamNode`3::.ctor(System.String,Paillave.Etl.StreamNodes.ApplyArgs`3<TInMain,TInToApply,TOut>)
FNDA:0,System.Void Paillave.Etl.StreamNodes.ApplyStreamNode`3::.ctor(System.String,Paillave.Etl.StreamNodes.ApplyArgs`3<TInMain,TInToApply,TOut>)
DA:50,0
DA:51,0
DA:52,0
LF:34
LH:0
BRF:16
BRH:0
FNF:16
FNH:0
end_of_record
SF:C:\Users\sroyer\Source\Repos\Etl.Net\src\Paillave.Etl\StreamNodes\CrossApplyStreamNode.cs
FN:12,System.Boolean Paillave.Etl.StreamNodes.CrossApplyArgs`5::get_NoParallelisation()
FNDA:25,System.Boolean Paillave.Etl.StreamNodes.CrossApplyArgs`5::get_NoParallelisation()
DA:13,25
FN:13,Paillave.Etl.Core.Streams.IStream`1<TInMain> Paillave.Etl.StreamNodes.CrossApplyArgs`5::get_MainStream()
FNDA:20,Paillave.Etl.Core.Streams.IStream`1<TInMain> Paillave.Etl.StreamNodes.CrossApplyArgs`5::get_MainStream()
DA:14,20
FN:14,Paillave.Etl.Core.Streams.ISingleStream`1<TInToApply> Paillave.Etl.StreamNodes.CrossApplyArgs`5::get_StreamToApply()
FNDA:20,Paillave.Etl.Core.Streams.ISingleStream`1<TInToApply> Paillave.Etl.StreamNodes.CrossApplyArgs`5::get_StreamToApply()
DA:15,20
FN:15,System.Func`3<TInMain,TInToApply,TValueIn> Paillave.Etl.StreamNodes.CrossApplyArgs`5::get_GetValueIn()
FNDA:416,System.Func`3<TInMain,TInToApply,TValueIn> Paillave.Etl.StreamNodes.CrossApplyArgs`5::get_GetValueIn()
DA:16,416
FN:16,System.Func`4<TValueOut,TInMain,TInToApply,TOut> Paillave.Etl.StreamNodes.CrossApplyArgs`5::get_GetValueOut()
FNDA:959,System.Func`4<TValueOut,TInMain,TInToApply,TOut> Paillave.Etl.StreamNodes.CrossApplyArgs`5::get_GetValueOut()
DA:17,959
FN:17,System.Action`3<TValueIn,TInToApply,System.Action`1<TValueOut>> Paillave.Etl.StreamNodes.CrossApplyArgs`5::get_ValuesProvider()
FNDA:416,System.Action`3<TValueIn,TInToApply,System.Action`1<TValueOut>> Paillave.Etl.StreamNodes.CrossApplyArgs`5::get_ValuesProvider()
DA:18,416
FN:21,System.Boolean Paillave.Etl.StreamNodes.CrossApplyArgs`4::get_NoParallelisation()
FNDA:295,System.Boolean Paillave.Etl.StreamNodes.CrossApplyArgs`4::get_NoParallelisation()
DA:22,295
FN:22,Paillave.Etl.Core.Streams.IStream`1<TIn> Paillave.Etl.StreamNodes.CrossApplyArgs`4::get_Stream()
FNDA:236,Paillave.Etl.Core.Streams.IStream`1<TIn> Paillave.Etl.StreamNodes.CrossApplyArgs`4::get_Stream()
DA:23,236
FN:23,System.Func`2<TIn,TValueIn> Paillave.Etl.StreamNodes.CrossApplyArgs`4::get_GetValueIn()
FNDA:272,System.Func`2<TIn,TValueIn> Paillave.Etl.StreamNodes.CrossApplyArgs`4::get_GetValueIn()
DA:24,272
FN:24,System.Func`3<TValueOut,TIn,TOut> Paillave.Etl.StreamNodes.CrossApplyArgs`4::get_GetValueOut()
FNDA:1868,System.Func`3<TValueOut,TIn,TOut> Paillave.Etl.StreamNodes.CrossApplyArgs`4::get_GetValueOut()
DA:25,1868
FN:25,System.Action`2<TValueIn,System.Action`1<TValueOut>> Paillave.Etl.StreamNodes.CrossApplyArgs`4::get_ValuesProvider()
FNDA:272,System.Action`2<TValueIn,System.Action`1<TValueOut>> Paillave.Etl.StreamNodes.CrossApplyArgs`4::get_ValuesProvider()
DA:26,272
FN:34,Paillave.Etl.Core.Streams.IStream`1<TOut> Paillave.Etl.StreamNodes.CrossApplyStreamNode`5::CreateOutputStream(Paillave.Etl.StreamNodes.CrossApplyArgs`5<TInMain,TInToApply,TValueIn,TValueOut,TOut>)
FNDA:5,Paillave.Etl.Core.Streams.IStream`1<TOut> Paillave.Etl.StreamNodes.CrossApplyStreamNode`5::CreateOutputStream(Paillave.Etl.StreamNodes.CrossApplyArgs`5<TInMain,TInToApply,TValueIn,TValueOut,TOut>)
DA:35,5
DA:36,406
DA:37,5
DA:38,0
DA:39,0
DA:40,0
DA:41,0
DA:42,0
DA:43,0
DA:44,0
DA:47,5
DA:48,5
DA:49,406
DA:50,807
DA:51,807
DA:52,1751
DA:53,807
DA:54,807
DA:55,807
DA:56,5
DA:58,5
BRDA:36,57,0,3
BRDA:36,57,1,5
BRDA:37,102,0,0
BRDA:37,102,1,5
FN:29,System.Void Paillave.Etl.StreamNodes.CrossApplyStreamNode`5::.ctor(System.String,Paillave.Etl.StreamNodes.CrossApplyArgs`5<TInMain,TInToApply,TValueIn,TValueOut,TOut>)
FNDA:5,System.Void Paillave.Etl.StreamNodes.CrossApplyStreamNode`5::.ctor(System.String,Paillave.Etl.StreamNodes.CrossApplyArgs`5<TInMain,TInToApply,TValueIn,TValueOut,TOut>)
DA:30,5
DA:31,5
DA:32,5
FN:66,Paillave.Etl.Core.Streams.IStream`1<TOut> Paillave.Etl.StreamNodes.CrossApplyStreamNode`4::CreateOutputStream(Paillave.Etl.StreamNodes.CrossApplyArgs`4<TInMain,TValueIn,TValueOut,TOut>)
FNDA:59,Paillave.Etl.Core.Streams.IStream`1<TOut> Paillave.Etl.StreamNodes.CrossApplyStreamNode`4::CreateOutputStream(Paillave.Etl.StreamNodes.CrossApplyArgs`4<TInMain,TValueIn,TValueOut,TOut>)
DA:67,59
DA:68,59
DA:69,4
DA:70,4
DA:71,8
DA:72,8
DA:73,228
DA:74,8
DA:75,8
DA:78,55
DA:79,55
DA:80,55
DA:81,146
DA:82,146
DA:83,237
DA:84,237
DA:85,1708
DA:86,237
DA:87,237
DA:88,237
DA:89,146
DA:90,55
DA:92,59
BRDA:68,27,0,4
BRDA:68,27,1,55
FN:61,System.Void Paillave.Etl.StreamNodes.CrossApplyStreamNode`4::.ctor(System.String,Paillave.Etl.StreamNodes.CrossApplyArgs`4<TInMain,TValueIn,TValueOut,TOut>)
FNDA:59,System.Void Paillave.Etl.StreamNodes.CrossApplyStreamNode`4::.ctor(System.String,Paillave.Etl.StreamNodes.CrossApplyArgs`4<TInMain,TValueIn,TValueOut,TOut>)
DA:62,59
DA:63,59
DA:64,59
LF:61
LH:54
BRF:6
BRH:5
FNF:15
FNH:15
end_of_record
SF:C:\Users\sroyer\Source\Repos\Etl.Net\src\Paillave.Etl\StreamNodes\DistinctSortedStreamNode.cs
FN:8,Paillave.Etl.Core.Streams.ISortedStream`2<TIn,TKey> Paillave.Etl.StreamNodes.DistinctSortedArgs`2::get_InputStream()
FNDA:6,Paillave.Etl.Core.Streams.ISortedStream`2<TIn,TKey> Paillave.Etl.StreamNodes.DistinctSortedArgs`2::get_InputStream()
DA:9,6
FN:17,Paillave.Etl.Core.Streams.IKeyedStream`2<TIn,TKey> Paillave.Etl.StreamNodes.DistinctSortedStreamNode`2::CreateOutputStream(Paillave.Etl.StreamNodes.DistinctSortedArgs`2<TIn,TKey>)
FNDA:1,Paillave.Etl.Core.Streams.IKeyedStream`2<TIn,TKey> Paillave.Etl.StreamNodes.DistinctSortedStreamNode`2::CreateOutputStream(Paillave.Etl.StreamNodes.DistinctSortedArgs`2<TIn,TKey>)
DA:18,1
DA:19,1
DA:20,1
FN:12,System.Void Paillave.Etl.StreamNodes.DistinctSortedStreamNode`2::.ctor(System.String,Paillave.Etl.StreamNodes.DistinctSortedArgs`2<TIn,TKey>)
FNDA:1,System.Void Paillave.Etl.StreamNodes.DistinctSortedStreamNode`2::.ctor(System.String,Paillave.Etl.StreamNodes.DistinctSortedArgs`2<TIn,TKey>)
DA:13,1
DA:14,1
DA:15,1
LF:7
LH:7
BRF:0
BRH:0
FNF:3
FNH:3
end_of_record
SF:C:\Users\sroyer\Source\Repos\Etl.Net\src\Paillave.Etl\StreamNodes\DistinctStreamNode.cs
FN:12,Paillave.Etl.Core.Streams.IStream`1<TIn> Paillave.Etl.StreamNodes.DistinctArgs`2::get_InputStream()
FNDA:4,Paillave.Etl.Core.Streams.IStream`1<TIn> Paillave.Etl.StreamNodes.DistinctArgs`2::get_InputStream()
DA:13,4
FN:13,System.Func`2<TIn,TKey> Paillave.Etl.StreamNodes.DistinctArgs`2::get_GetKey()
FNDA:4,System.Func`2<TIn,TKey> Paillave.Etl.StreamNodes.DistinctArgs`2::get_GetKey()
DA:14,4
FN:22,Paillave.Etl.Core.Streams.IStream`1<TIn> Paillave.Etl.StreamNodes.DistinctStreamNode`2::CreateOutputStream(Paillave.Etl.StreamNodes.DistinctArgs`2<TIn,TKey>)
FNDA:1,Paillave.Etl.Core.Streams.IStream`1<TIn> Paillave.Etl.StreamNodes.DistinctStreamNode`2::CreateOutputStream(Paillave.Etl.StreamNodes.DistinctArgs`2<TIn,TKey>)
DA:23,1
DA:24,1
DA:25,1
FN:17,System.Void Paillave.Etl.StreamNodes.DistinctStreamNode`2::.ctor(System.String,Paillave.Etl.StreamNodes.DistinctArgs`2<TIn,TKey>)
FNDA:1,System.Void Paillave.Etl.StreamNodes.DistinctStreamNode`2::.ctor(System.String,Paillave.Etl.StreamNodes.DistinctArgs`2<TIn,TKey>)
DA:18,1
DA:19,1
DA:20,1
LF:8
LH:8
BRF:0
BRH:0
FNF:4
FNH:4
end_of_record
SF:C:\Users\sroyer\Source\Repos\Etl.Net\src\Paillave.Etl\StreamNodes\EnsureKeyedStreamNode.cs
FN:13,Paillave.Etl.Core.Streams.IStream`1<T> Paillave.Etl.StreamNodes.EnsureKeyedArgs`2::get_Input()
FNDA:32,Paillave.Etl.Core.Streams.IStream`1<T> Paillave.Etl.StreamNodes.EnsureKeyedArgs`2::get_Input()
DA:14,32
FN:14,Paillave.Etl.Reactive.Core.SortDefinition`2<T,TKey> Paillave.Etl.StreamNodes.EnsureKeyedArgs`2::get_SortDefinition()
FNDA:40,Paillave.Etl.Reactive.Core.SortDefinition`2<T,TKey> Paillave.Etl.StreamNodes.EnsureKeyedArgs`2::get_SortDefinition()
DA:15,40
FN:23,Paillave.Etl.Core.Streams.IKeyedStream`2<TOut,TKey> Paillave.Etl.StreamNodes.EnsureKeyedStreamNode`2::CreateOutputStream(Paillave.Etl.StreamNodes.EnsureKeyedArgs`2<TOut,TKey>)
FNDA:8,Paillave.Etl.Core.Streams.IKeyedStream`2<TOut,TKey> Paillave.Etl.StreamNodes.EnsureKeyedStreamNode`2::CreateOutputStream(Paillave.Etl.StreamNodes.EnsureKeyedArgs`2<TOut,TKey>)
DA:24,8
DA:25,8
DA:26,8
FN:18,System.Void Paillave.Etl.StreamNodes.EnsureKeyedStreamNode`2::.ctor(System.String,Paillave.Etl.StreamNodes.EnsureKeyedArgs`2<TOut,TKey>)
FNDA:8,System.Void Paillave.Etl.StreamNodes.EnsureKeyedStreamNode`2::.ctor(System.String,Paillave.Etl.StreamNodes.EnsureKeyedArgs`2<TOut,TKey>)
DA:19,8
DA:20,8
DA:21,8
LF:8
LH:8
BRF:0
BRH:0
FNF:4
FNH:4
end_of_record
SF:C:\Users\sroyer\Source\Repos\Etl.Net\src\Paillave.Etl\StreamNodes\EnsureSingleStreamNode.cs
FN:13,Paillave.Etl.Core.Streams.IStream`1<T> Paillave.Etl.StreamNodes.EnsureSingleArgs`1::get_Input()
FNDA:12,Paillave.Etl.Core.Streams.IStream`1<T> Paillave.Etl.StreamNodes.EnsureSingleArgs`1::get_Input()
DA:14,12
FN:22,Paillave.Etl.Core.Streams.ISingleStream`1<TOut> Paillave.Etl.StreamNodes.EnsureSingleStreamNode`1::CreateOutputStream(Paillave.Etl.StreamNodes.EnsureSingleArgs`1<TOut>)
FNDA:3,Paillave.Etl.Core.Streams.ISingleStream`1<TOut> Paillave.Etl.StreamNodes.EnsureSingleStreamNode`1::CreateOutputStream(Paillave.Etl.StreamNodes.EnsureSingleArgs`1<TOut>)
DA:23,3
DA:24,3
DA:25,8
DA:26,10
DA:27,6
DA:28,6
DA:29,3
FN:17,System.Void Paillave.Etl.StreamNodes.EnsureSingleStreamNode`1::.ctor(System.String,Paillave.Etl.StreamNodes.EnsureSingleArgs`1<TOut>)
FNDA:3,System.Void Paillave.Etl.StreamNodes.EnsureSingleStreamNode`1::.ctor(System.String,Paillave.Etl.StreamNodes.EnsureSingleArgs`1<TOut>)
DA:18,3
DA:19,3
DA:20,3
LF:11
LH:11
BRF:2
BRH:2
FNF:3
FNH:3
end_of_record
SF:C:\Users\sroyer\Source\Repos\Etl.Net\src\Paillave.Etl\StreamNodes\EnsureSortedStreamNode.cs
FN:13,Paillave.Etl.Core.Streams.IStream`1<T> Paillave.Etl.StreamNodes.EnsureSortedArgs`2::get_Input()
FNDA:52,Paillave.Etl.Core.Streams.IStream`1<T> Paillave.Etl.StreamNodes.EnsureSortedArgs`2::get_Input()
DA:14,52
FN:14,Paillave.Etl.Reactive.Core.SortDefinition`2<T,TKey> Paillave.Etl.StreamNodes.EnsureSortedArgs`2::get_SortDefinition()
FNDA:65,Paillave.Etl.Reactive.Core.SortDefinition`2<T,TKey> Paillave.Etl.StreamNodes.EnsureSortedArgs`2::get_SortDefinition()
DA:15,65
FN:23,Paillave.Etl.Core.Streams.ISortedStream`2<TOut,TKey> Paillave.Etl.StreamNodes.EnsureSortedStreamNode`2::CreateOutputStream(Paillave.Etl.StreamNodes.EnsureSortedArgs`2<TOut,TKey>)
FNDA:13,Paillave.Etl.Core.Streams.ISortedStream`2<TOut,TKey> Paillave.Etl.StreamNodes.EnsureSortedStreamNode`2::CreateOutputStream(Paillave.Etl.StreamNodes.EnsureSortedArgs`2<TOut,TKey>)
DA:24,13
DA:25,13
DA:26,13
FN:18,System.Void Paillave.Etl.StreamNodes.EnsureSortedStreamNode`2::.ctor(System.String,Paillave.Etl.StreamNodes.EnsureSortedArgs`2<TOut,TKey>)
FNDA:13,System.Void Paillave.Etl.StreamNodes.EnsureSortedStreamNode`2::.ctor(System.String,Paillave.Etl.StreamNodes.EnsureSortedArgs`2<TOut,TKey>)
DA:19,13
DA:20,13
DA:21,13
LF:8
LH:8
BRF:0
BRH:0
FNF:4
FNH:4
end_of_record
SF:C:\Users\sroyer\Source\Repos\Etl.Net\src\Paillave.Etl\StreamNodes\FirstStreamNode.cs
FN:11,Paillave.Etl.Core.Streams.IStream`1<TOut> Paillave.Etl.StreamNodes.FirstArgs`1::get_Input()
FNDA:0,Paillave.Etl.Core.Streams.IStream`1<TOut> Paillave.Etl.StreamNodes.FirstArgs`1::get_Input()
DA:12,0
FN:20,Paillave.Etl.Core.Streams.ISingleStream`1<TOut> Paillave.Etl.StreamNodes.FirstStreamNode`1::CreateOutputStream(Paillave.Etl.StreamNodes.FirstArgs`1<TOut>)
FNDA:0,Paillave.Etl.Core.Streams.ISingleStream`1<TOut> Paillave.Etl.StreamNodes.FirstStreamNode`1::CreateOutputStream(Paillave.Etl.StreamNodes.FirstArgs`1<TOut>)
DA:21,0
DA:22,0
DA:23,0
FN:15,System.Void Paillave.Etl.StreamNodes.FirstStreamNode`1::.ctor(System.String,Paillave.Etl.StreamNodes.FirstArgs`1<TOut>)
FNDA:0,System.Void Paillave.Etl.StreamNodes.FirstStreamNode`1::.ctor(System.String,Paillave.Etl.StreamNodes.FirstArgs`1<TOut>)
DA:16,0
DA:17,0
DA:18,0
LF:7
LH:0
BRF:0
BRH:0
FNF:3
FNH:0
end_of_record
SF:C:\Users\sroyer\Source\Repos\Etl.Net\src\Paillave.Etl\StreamNodes\GroupByStreamNode.cs
FN:13,Paillave.Etl.Core.Streams.IStream`1<TIn> Paillave.Etl.StreamNodes.GroupArgs`3::get_Stream()
FNDA:0,Paillave.Etl.Core.Streams.IStream`1<TIn> Paillave.Etl.StreamNodes.GroupArgs`3::get_Stream()
DA:14,0
FN:14,System.Func`2<TIn,TKey> Paillave.Etl.StreamNodes.GroupArgs`3::get_GetKey()
FNDA:0,System.Func`2<TIn,TKey> Paillave.Etl.StreamNodes.GroupArgs`3::get_GetKey()
DA:15,0
FN:15,System.Func`2<Paillave.Etl.Core.Streams.IStream`1<TIn>,Paillave.Etl.Core.Streams.IStream`1<TOut>> Paillave.Etl.StreamNodes.GroupArgs`3::get_SubProcess()
FNDA:0,System.Func`2<Paillave.Etl.Core.Streams.IStream`1<TIn>,Paillave.Etl.Core.Streams.IStream`1<TOut>> Paillave.Etl.StreamNodes.GroupArgs`3::get_SubProcess()
DA:16,0
FN:23,Paillave.Etl.Core.Streams.IStream`1<TOut> Paillave.Etl.StreamNodes.GroupByStreamNode`3::CreateOutputStream(Paillave.Etl.StreamNodes.GroupArgs`3<TIn,TKey,TOut>)
FNDA:0,Paillave.Etl.Core.Streams.IStream`1<TOut> Paillave.Etl.StreamNodes.GroupByStreamNode`3::CreateOutputStream(Paillave.Etl.StreamNodes.GroupArgs`3<TIn,TKey,TOut>)
DA:24,0
DA:25,0
DA:26,0
DA:27,0
DA:28,0
DA:29,0
DA:30,0
DA:31,0
DA:32,0
DA:33,0
BRDA:25,37,0,0
BRDA:25,37,1,0
FN:19,System.Void Paillave.Etl.StreamNodes.GroupByStreamNode`3::.ctor(System.String,Paillave.Etl.StreamNodes.GroupArgs`3<TIn,TKey,TOut>)
FNDA:0,System.Void Paillave.Etl.StreamNodes.GroupByStreamNode`3::.ctor(System.String,Paillave.Etl.StreamNodes.GroupArgs`3<TIn,TKey,TOut>)
DA:20,0
DA:21,0
DA:22,0
LF:16
LH:0
BRF:2
BRH:0
FNF:5
FNH:0
end_of_record
SF:C:\Users\sroyer\Source\Repos\Etl.Net\src\Paillave.Etl\StreamNodes\JoinStreamNode.cs
FN:13,Paillave.Etl.Core.Streams.ISortedStream`2<TInLeft,TKey> Paillave.Etl.StreamNodes.JoinArgs`4::get_LeftInputStream()
FNDA:15,Paillave.Etl.Core.Streams.ISortedStream`2<TInLeft,TKey> Paillave.Etl.StreamNodes.JoinArgs`4::get_LeftInputStream()
DA:14,15
FN:14,Paillave.Etl.Core.Streams.IKeyedStream`2<TInRight,TKey> Paillave.Etl.StreamNodes.JoinArgs`4::get_RightInputStream()
FNDA:15,Paillave.Etl.Core.Streams.IKeyedStream`2<TInRight,TKey> Paillave.Etl.StreamNodes.JoinArgs`4::get_RightInputStream()
DA:15,15
FN:15,System.Func`3<TInLeft,TInRight,TOut> Paillave.Etl.StreamNodes.JoinArgs`4::get_ResultSelector()
FNDA:12,System.Func`3<TInLeft,TInRight,TOut> Paillave.Etl.StreamNodes.JoinArgs`4::get_ResultSelector()
DA:16,12
FN:16,System.Boolean Paillave.Etl.StreamNodes.JoinArgs`4::get_RedirectErrorsInsteadOfFail()
FNDA:9,System.Boolean Paillave.Etl.StreamNodes.JoinArgs`4::get_RedirectErrorsInsteadOfFail()
DA:17,9
FN:25,Paillave.Etl.Core.Streams.IStream`1<TOut> Paillave.Etl.StreamNodes.JoinStreamNode`4::CreateOutputStream(Paillave.Etl.StreamNodes.JoinArgs`4<TInLeft,TInRight,TOut,TKey>)
FNDA:3,Paillave.Etl.Core.Streams.IStream`1<TOut> Paillave.Etl.StreamNodes.JoinStreamNode`4::CreateOutputStream(Paillave.Etl.StreamNodes.JoinArgs`4<TInLeft,TInRight,TOut,TKey>)
DA:26,3
DA:27,3
DA:28,3
FN:20,System.Void Paillave.Etl.StreamNodes.JoinStreamNode`4::.ctor(System.String,Paillave.Etl.StreamNodes.JoinArgs`4<TInLeft,TInRight,TOut,TKey>)
FNDA:3,System.Void Paillave.Etl.StreamNodes.JoinStreamNode`4::.ctor(System.String,Paillave.Etl.StreamNodes.JoinArgs`4<TInLeft,TInRight,TOut,TKey>)
DA:21,3
DA:22,3
DA:23,3
LF:10
LH:10
BRF:0
BRH:0
FNF:6
FNH:6
end_of_record
SF:C:\Users\sroyer\Source\Repos\Etl.Net\src\Paillave.Etl\StreamNodes\LastStreamNode.cs
FN:11,Paillave.Etl.Core.Streams.IStream`1<TOut> Paillave.Etl.StreamNodes.LastArgs`1::get_Input()
FNDA:0,Paillave.Etl.Core.Streams.IStream`1<TOut> Paillave.Etl.StreamNodes.LastArgs`1::get_Input()
DA:12,0
FN:20,Paillave.Etl.Core.Streams.ISingleStream`1<TOut> Paillave.Etl.StreamNodes.LastStreamNode`1::CreateOutputStream(Paillave.Etl.StreamNodes.LastArgs`1<TOut>)
FNDA:0,Paillave.Etl.Core.Streams.ISingleStream`1<TOut> Paillave.Etl.StreamNodes.LastStreamNode`1::CreateOutputStream(Paillave.Etl.StreamNodes.LastArgs`1<TOut>)
DA:21,0
DA:22,0
DA:23,0
FN:15,System.Void Paillave.Etl.StreamNodes.LastStreamNode`1::.ctor(System.String,Paillave.Etl.StreamNodes.LastArgs`1<TOut>)
FNDA:0,System.Void Paillave.Etl.StreamNodes.LastStreamNode`1::.ctor(System.String,Paillave.Etl.StreamNodes.LastArgs`1<TOut>)
DA:16,0
DA:17,0
DA:18,0
LF:7
LH:0
BRF:0
BRH:0
FNF:3
FNH:0
end_of_record
SF:C:\Users\sroyer\Source\Repos\Etl.Net\src\Paillave.Etl\StreamNodes\LookupStreamNode.cs
FN:12,Paillave.Etl.Core.Streams.IStream`1<TInLeft> Paillave.Etl.StreamNodes.LookupArgs`4::get_LeftInputStream()
FNDA:12,Paillave.Etl.Core.Streams.IStream`1<TInLeft> Paillave.Etl.StreamNodes.LookupArgs`4::get_LeftInputStream()
DA:13,12
FN:13,Paillave.Etl.Core.Streams.IStream`1<TInRight> Paillave.Etl.StreamNodes.LookupArgs`4::get_RightInputStream()
FNDA:12,Paillave.Etl.Core.Streams.IStream`1<TInRight> Paillave.Etl.StreamNodes.LookupArgs`4::get_RightInputStream()
DA:14,12
FN:14,System.Func`2<TInLeft,TKey> Paillave.Etl.StreamNodes.LookupArgs`4::get_GetLeftStreamKey()
FNDA:309,System.Func`2<TInLeft,TKey> Paillave.Etl.StreamNodes.LookupArgs`4::get_GetLeftStreamKey()
DA:15,309
FN:15,System.Func`2<TInRight,TKey> Paillave.Etl.StreamNodes.LookupArgs`4::get_GetRightStreamKey()
FNDA:31,System.Func`2<TInRight,TKey> Paillave.Etl.StreamNodes.LookupArgs`4::get_GetRightStreamKey()
DA:16,31
FN:16,System.Func`3<TInLeft,TInRight,TOut> Paillave.Etl.StreamNodes.LookupArgs`4::get_ResultSelector()
FNDA:309,System.Func`3<TInLeft,TInRight,TOut> Paillave.Etl.StreamNodes.LookupArgs`4::get_ResultSelector()
DA:17,309
FN:25,Paillave.Etl.Core.Streams.IStream`1<TOut> Paillave.Etl.StreamNodes.LookupStreamNode`4::CreateOutputStream(Paillave.Etl.StreamNodes.LookupArgs`4<TInLeft,TInRight,TOut,TKey>)
FNDA:3,Paillave.Etl.Core.Streams.IStream`1<TOut> Paillave.Etl.StreamNodes.LookupStreamNode`4::CreateOutputStream(Paillave.Etl.StreamNodes.LookupArgs`4<TInLeft,TInRight,TOut,TKey>)
DA:26,3
DA:27,94
DA:28,303
DA:29,303
DA:30,3
FN:31,TInRight Paillave.Etl.StreamNodes.LookupStreamNode`4::HandleMatching(TInLeft,System.Collections.Generic.Dictionary`2<TKey,TInRight>,System.Func`2<TInLeft,TKey>)
FNDA:300,TInRight Paillave.Etl.StreamNodes.LookupStreamNode`4::HandleMatching(TInLeft,System.Collections.Generic.Dictionary`2<TKey,TInRight>,System.Func`2<TInLeft,TKey>)
DA:32,300
DA:33,300
DA:34,300
DA:35,300
DA:36,300
DA:37,300
BRDA:34,20,0,0
BRDA:34,20,1,300
FN:20,System.Void Paillave.Etl.StreamNodes.LookupStreamNode`4::.ctor(System.String,Paillave.Etl.StreamNodes.LookupArgs`4<TInLeft,TInRight,TOut,TKey>)
FNDA:3,System.Void Paillave.Etl.StreamNodes.LookupStreamNode`4::.ctor(System.String,Paillave.Etl.StreamNodes.LookupArgs`4<TInLeft,TInRight,TOut,TKey>)
DA:21,3
DA:22,3
DA:23,3
LF:19
LH:19
BRF:10
BRH:9
FNF:8
FNH:8
end_of_record
SF:C:\Users\sroyer\Source\Repos\Etl.Net\src\Paillave.Etl\StreamNodes\PivotSortedStreamNode.cs
FN:14,Paillave.Etl.Core.Streams.ISortedStream`2<TIn,TKey> Paillave.Etl.StreamNodes.PivotSortedArgs`3::get_InputStream()
FNDA:36,Paillave.Etl.Core.Streams.ISortedStream`2<TIn,TKey> Paillave.Etl.StreamNodes.PivotSortedArgs`3::get_InputStream()
DA:15,36
FN:24,Paillave.Etl.Core.Streams.ISortedStream`2<Paillave.Etl.StreamNodes.AggregationResult`3<TIn,TKey,TAggrRes>,TKey> Paillave.Etl.StreamNodes.PivotSortedStreamNode`3::CreateOutputStream(Paillave.Etl.StreamNodes.PivotSortedArgs`3<TIn,TAggrRes,TKey>)
FNDA:6,Paillave.Etl.Core.Streams.ISortedStream`2<Paillave.Etl.StreamNodes.AggregationResult`3<TIn,TKey,TAggrRes>,TKey> Paillave.Etl.StreamNodes.PivotSortedStreamNode`3::CreateOutputStream(Paillave.Etl.StreamNodes.PivotSortedArgs`3<TIn,TAggrRes,TKey>)
DA:25,6
DA:26,6
DA:27,6
DA:28,6
DA:29,6
DA:30,6
DA:31,6
DA:32,16
DA:33,16
DA:34,16
DA:35,16
DA:36,16
DA:37,16
DA:38,6
DA:39,6
BRDA:27,109,0,4
BRDA:27,109,1,6
FN:19,System.Void Paillave.Etl.StreamNodes.PivotSortedStreamNode`3::.ctor(System.String,Paillave.Etl.StreamNodes.PivotSortedArgs`3<TIn,TAggrRes,TKey>)
FNDA:6,System.Void Paillave.Etl.StreamNodes.PivotSortedStreamNode`3::.ctor(System.String,Paillave.Etl.StreamNodes.PivotSortedArgs`3<TIn,TAggrRes,TKey>)
DA:20,6
DA:21,6
DA:22,6
FN:42,TIn Paillave.Etl.StreamNodes.AggregationResult`3::get_FirstValue()
FNDA:44,TIn Paillave.Etl.StreamNodes.AggregationResult`3::get_FirstValue()
DA:43,44
FN:43,TKey Paillave.Etl.StreamNodes.AggregationResult`3::get_Key()
FNDA:48,TKey Paillave.Etl.StreamNodes.AggregationResult`3::get_Key()
DA:44,48
FN:44,TAggrRes Paillave.Etl.StreamNodes.AggregationResult`3::get_Aggregation()
FNDA:50,TAggrRes Paillave.Etl.StreamNodes.AggregationResult`3::get_Aggregation()
DA:45,50
LF:22
LH:22
BRF:2
BRH:2
FNF:6
FNH:6
end_of_record
SF:C:\Users\sroyer\Source\Repos\Etl.Net\src\Paillave.Etl\StreamNodes\PivotStreamNode.cs
FN:12,Paillave.Etl.Core.Streams.IStream`1<TIn> Paillave.Etl.StreamNodes.PivotArgs`3::get_InputStream()
FNDA:24,Paillave.Etl.Core.Streams.IStream`1<TIn> Paillave.Etl.StreamNodes.PivotArgs`3::get_InputStream()
DA:13,24
FN:13,System.Func`2<TIn,TKey> Paillave.Etl.StreamNodes.PivotArgs`3::get_GetKey()
FNDA:24,System.Func`2<TIn,TKey> Paillave.Etl.StreamNodes.PivotArgs`3::get_GetKey()
DA:14,24
FN:23,Paillave.Etl.Core.Streams.IStream`1<Paillave.Etl.StreamNodes.AggregationResult`3<TIn,TKey,TAggrRes>> Paillave.Etl.StreamNodes.PivotStreamNode`3::CreateOutputStream(Paillave.Etl.StreamNodes.PivotArgs`3<TIn,TAggrRes,TKey>)
FNDA:6,Paillave.Etl.Core.Streams.IStream`1<Paillave.Etl.StreamNodes.AggregationResult`3<TIn,TKey,TAggrRes>> Paillave.Etl.StreamNodes.PivotStreamNode`3::CreateOutputStream(Paillave.Etl.StreamNodes.PivotArgs`3<TIn,TAggrRes,TKey>)
DA:24,6
DA:25,6
DA:26,6
DA:27,6
DA:28,6
DA:29,6
DA:30,16
DA:31,16
DA:32,16
DA:33,16
DA:34,16
DA:35,16
DA:36,6
FN:18,System.Void Paillave.Etl.StreamNodes.PivotStreamNode`3::.ctor(System.String,Paillave.Etl.StreamNodes.PivotArgs`3<TIn,TAggrRes,TKey>)
FNDA:6,System.Void Paillave.Etl.StreamNodes.PivotStreamNode`3::.ctor(System.String,Paillave.Etl.StreamNodes.PivotArgs`3<TIn,TAggrRes,TKey>)
DA:19,6
DA:20,6
DA:21,6
LF:18
LH:18
BRF:0
BRH:0
FNF:4
FNH:4
end_of_record
SF:C:\Users\sroyer\Source\Repos\Etl.Net\src\Paillave.Etl\StreamNodes\SelectProcessor.cs
FN:48,TOut Paillave.Etl.StreamNodes.SimpleSelectProcessor`2::ProcessRow(TIn)
FNDA:248,TOut Paillave.Etl.StreamNodes.SimpleSelectProcessor`2::ProcessRow(TIn)
DA:49,248
DA:50,248
DA:51,246
FN:38,System.Void Paillave.Etl.StreamNodes.SimpleSelectProcessor`2::.ctor(System.Func`2<TIn,TOut>)
FNDA:126,System.Void Paillave.Etl.StreamNodes.SimpleSelectProcessor`2::.ctor(System.Func`2<TIn,TOut>)
DA:39,126
DA:40,126
DA:41,126
DA:42,126
FN:78,TOut Paillave.Etl.StreamNodes.ContextSelectProcessor`3::ProcessRow(TIn)
FNDA:0,TOut Paillave.Etl.StreamNodes.ContextSelectProcessor`3::ProcessRow(TIn)
DA:79,0
DA:80,0
DA:81,0
FN:82,System.Void Paillave.Etl.StreamNodes.ContextSelectProcessor`3::SetContext(TCtx)
FNDA:0,System.Void Paillave.Etl.StreamNodes.ContextSelectProcessor`3::SetContext(TCtx)
DA:83,0
DA:84,0
DA:85,0
FN:67,System.Void Paillave.Etl.StreamNodes.ContextSelectProcessor`3::.ctor(System.Func`4<TIn,TCtx,System.Action`1<TCtx>,TOut>,TCtx)
FNDA:0,System.Void Paillave.Etl.StreamNodes.ContextSelectProcessor`3::.ctor(System.Func`4<TIn,TCtx,System.Action`1<TCtx>,TOut>,TCtx)
DA:68,0
DA:69,0
DA:70,0
DA:71,0
DA:72,0
FN:128,TOut Paillave.Etl.StreamNodes.SimpleSelectWithIndexProcessor`2::ProcessRow(TIn,System.Int32)
FNDA:10,TOut Paillave.Etl.StreamNodes.SimpleSelectWithIndexProcessor`2::ProcessRow(TIn,System.Int32)
DA:129,10
DA:130,10
DA:131,10
FN:117,System.Void Paillave.Etl.StreamNodes.SimpleSelectWithIndexProcessor`2::.ctor(System.Func`3<TIn,System.Int32,TOut>)
FNDA:1,System.Void Paillave.Etl.StreamNodes.SimpleSelectWithIndexProcessor`2::.ctor(System.Func`3<TIn,System.Int32,TOut>)
DA:118,1
DA:119,1
DA:120,1
DA:121,1
FN:159,TOut Paillave.Etl.StreamNodes.ContextSelectWithIndexProcessor`3::ProcessRow(TIn,System.Int32)
FNDA:0,TOut Paillave.Etl.StreamNodes.ContextSelectWithIndexProcessor`3::ProcessRow(TIn,System.Int32)
DA:160,0
DA:161,0
DA:162,0
FN:163,System.Void Paillave.Etl.StreamNodes.ContextSelectWithIndexProcessor`3::SetContext(TCtx)
FNDA:0,System.Void Paillave.Etl.StreamNodes.ContextSelectWithIndexProcessor`3::SetContext(TCtx)
DA:164,0
DA:165,0
DA:166,0
FN:147,System.Void Paillave.Etl.StreamNodes.ContextSelectWithIndexProcessor`3::.ctor(System.Func`5<TIn,System.Int32,TCtx,System.Action`1<TCtx>,TOut>,TCtx)
FNDA:0,System.Void Paillave.Etl.StreamNodes.ContextSelectWithIndexProcessor`3::.ctor(System.Func`5<TIn,System.Int32,TCtx,System.Action`1<TCtx>,TOut>,TCtx)
DA:148,0
DA:149,0
DA:150,0
DA:151,0
DA:152,0
LF:36
LH:14
BRF:0
BRH:0
FNF:10
FNH:4
end_of_record
SF:C:\Users\sroyer\Source\Repos\Etl.Net\src\Paillave.Etl\StreamNodes\SelectSectionStreamNode.cs
FN:12,Paillave.Etl.Core.Streams.IStream`1<TIn> Paillave.Etl.StreamNodes.SelectSectionArgs`1::get_Stream()
FNDA:0,Paillave.Etl.Core.Streams.IStream`1<TIn> Paillave.Etl.StreamNodes.SelectSectionArgs`1::get_Stream()
DA:13,0
FN:13,System.Nullable`1<Paillave.Etl.Reactive.Operators.KeepingState> Paillave.Etl.StreamNodes.SelectSectionArgs`1::get_InitialState()
FNDA:0,System.Nullable`1<Paillave.Etl.Reactive.Operators.KeepingState> Paillave.Etl.StreamNodes.SelectSectionArgs`1::get_InitialState()
DA:14,0
FN:14,System.Func`2<TIn,Paillave.Etl.Reactive.Operators.SwitchBehavior> Paillave.Etl.StreamNodes.SelectSectionArgs`1::get_SwitchToKeep()
FNDA:0,System.Func`2<TIn,Paillave.Etl.Reactive.Operators.SwitchBehavior> Paillave.Etl.StreamNodes.SelectSectionArgs`1::get_SwitchToKeep()
DA:15,0
FN:15,System.Func`2<TIn,Paillave.Etl.Reactive.Operators.SwitchBehavior> Paillave.Etl.StreamNodes.SelectSectionArgs`1::get_SwitchToIgnore()
FNDA:0,System.Func`2<TIn,Paillave.Etl.Reactive.Operators.SwitchBehavior> Paillave.Etl.StreamNodes.SelectSectionArgs`1::get_SwitchToIgnore()
DA:16,0
FN:19,Paillave.Etl.Core.Streams.IStream`1<TIn> Paillave.Etl.StreamNodes.SelectSectionArgs`2::get_Stream()
FNDA:0,Paillave.Etl.Core.Streams.IStream`1<TIn> Paillave.Etl.StreamNodes.SelectSectionArgs`2::get_Stream()
DA:20,0
FN:20,System.Nullable`1<Paillave.Etl.Reactive.Operators.KeepingState> Paillave.Etl.StreamNodes.SelectSectionArgs`2::get_InitialState()
FNDA:0,System.Nullable`1<Paillave.Etl.Reactive.Operators.KeepingState> Paillave.Etl.StreamNodes.SelectSectionArgs`2::get_InitialState()
DA:21,0
FN:21,System.Func`2<TIn,Paillave.Etl.Reactive.Operators.SwitchBehavior> Paillave.Etl.StreamNodes.SelectSectionArgs`2::get_SwitchToKeep()
FNDA:0,System.Func`2<TIn,Paillave.Etl.Reactive.Operators.SwitchBehavior> Paillave.Etl.StreamNodes.SelectSectionArgs`2::get_SwitchToKeep()
DA:22,0
FN:22,System.Func`2<TIn,Paillave.Etl.Reactive.Operators.SwitchBehavior> Paillave.Etl.StreamNodes.SelectSectionArgs`2::get_SwitchToIgnore()
FNDA:0,System.Func`2<TIn,Paillave.Etl.Reactive.Operators.SwitchBehavior> Paillave.Etl.StreamNodes.SelectSectionArgs`2::get_SwitchToIgnore()
DA:23,0
FN:23,System.Func`3<TIn,System.Int32,TOut> Paillave.Etl.StreamNodes.SelectSectionArgs`2::get_ResultSelector()
FNDA:0,System.Func`3<TIn,System.Int32,TOut> Paillave.Etl.StreamNodes.SelectSectionArgs`2::get_ResultSelector()
DA:24,0
FN:32,Paillave.Etl.Core.Streams.IStream`1<TIn> Paillave.Etl.StreamNodes.SelectSectionStreamNode`1::CreateOutputStream(Paillave.Etl.StreamNodes.SelectSectionArgs`1<TIn>)
FNDA:0,Paillave.Etl.Core.Streams.IStream`1<TIn> Paillave.Etl.StreamNodes.SelectSectionStreamNode`1::CreateOutputStream(Paillave.Etl.StreamNodes.SelectSectionArgs`1<TIn>)
DA:33,0
DA:35,0
DA:36,0
DA:37,0
DA:38,0
DA:40,0
DA:41,0
DA:43,0
DA:44,0
DA:45,0
DA:47,0
DA:48,0
DA:49,0
DA:50,0
BRDA:35,20,0,0
BRDA:37,34,0,0
BRDA:37,34,1,0
BRDA:35,20,1,0
BRDA:44,107,0,0
BRDA:44,107,1,0
FN:27,System.Void Paillave.Etl.StreamNodes.SelectSectionStreamNode`1::.ctor(System.String,Paillave.Etl.StreamNodes.SelectSectionArgs`1<TIn>)
FNDA:0,System.Void Paillave.Etl.StreamNodes.SelectSectionStreamNode`1::.ctor(System.String,Paillave.Etl.StreamNodes.SelectSectionArgs`1<TIn>)
DA:28,0
DA:29,0
DA:30,0
FN:60,Paillave.Etl.Core.Streams.IStream`1<TOut> Paillave.Etl.StreamNodes.SelectSectionStreamNode`2::CreateOutputStream(Paillave.Etl.StreamNodes.SelectSectionArgs`2<TIn,TOut>)
FNDA:0,Paillave.Etl.Core.Streams.IStream`1<TOut> Paillave.Etl.StreamNodes.SelectSectionStreamNode`2::CreateOutputStream(Paillave.Etl.StreamNodes.SelectSectionArgs`2<TIn,TOut>)
DA:61,0
DA:63,0
DA:64,0
DA:65,0
DA:66,0
DA:68,0
DA:69,0
DA:71,0
DA:72,0
DA:73,0
DA:75,0
DA:76,0
DA:77,0
DA:78,0
BRDA:63,20,0,0
BRDA:65,34,0,0
BRDA:65,34,1,0
BRDA:63,20,1,0
BRDA:72,119,0,0
BRDA:72,119,1,0
FN:55,System.Void Paillave.Etl.StreamNodes.SelectSectionStreamNode`2::.ctor(System.String,Paillave.Etl.StreamNodes.SelectSectionArgs`2<TIn,TOut>)
FNDA:0,System.Void Paillave.Etl.StreamNodes.SelectSectionStreamNode`2::.ctor(System.String,Paillave.Etl.StreamNodes.SelectSectionArgs`2<TIn,TOut>)
DA:56,0
DA:57,0
DA:58,0
LF:43
LH:0
BRF:12
BRH:0
FNF:13
FNH:0
end_of_record
SF:C:\Users\sroyer\Source\Repos\Etl.Net\src\Paillave.Etl\StreamNodes\SelectStreamNode.cs
FN:13,Paillave.Etl.Core.Streams.IStream`1<TIn> Paillave.Etl.StreamNodes.SelectArgs`2::get_Stream()
FNDA:476,Paillave.Etl.Core.Streams.IStream`1<TIn> Paillave.Etl.StreamNodes.SelectArgs`2::get_Stream()
DA:14,476
FN:14,Paillave.Etl.StreamNodes.ISelectProcessor`2<TIn,TOut> Paillave.Etl.StreamNodes.SelectArgs`2::get_Processor()
FNDA:476,Paillave.Etl.StreamNodes.ISelectProcessor`2<TIn,TOut> Paillave.Etl.StreamNodes.SelectArgs`2::get_Processor()
DA:15,476
FN:15,System.Boolean Paillave.Etl.StreamNodes.SelectArgs`2::get_WithNoDispose()
FNDA:476,System.Boolean Paillave.Etl.StreamNodes.SelectArgs`2::get_WithNoDispose()
DA:16,476
FN:24,Paillave.Etl.Core.Streams.IStream`1<TOut> Paillave.Etl.StreamNodes.SelectStreamNode`2::CreateOutputStream(Paillave.Etl.StreamNodes.SelectArgs`2<TIn,TOut>)
FNDA:119,Paillave.Etl.Core.Streams.IStream`1<TOut> Paillave.Etl.StreamNodes.SelectStreamNode`2::CreateOutputStream(Paillave.Etl.StreamNodes.SelectArgs`2<TIn,TOut>)
DA:25,119
DA:26,119
DA:27,119
DA:28,119
FN:19,System.Void Paillave.Etl.StreamNodes.SelectStreamNode`2::.ctor(System.String,Paillave.Etl.StreamNodes.SelectArgs`2<TIn,TOut>)
FNDA:119,System.Void Paillave.Etl.StreamNodes.SelectStreamNode`2::.ctor(System.String,Paillave.Etl.StreamNodes.SelectArgs`2<TIn,TOut>)
DA:20,119
DA:21,119
DA:22,119
FN:34,Paillave.Etl.Core.Streams.IStream`1<TIn> Paillave.Etl.StreamNodes.SelectWithIndexArgs`2::get_Stream()
FNDA:4,Paillave.Etl.Core.Streams.IStream`1<TIn> Paillave.Etl.StreamNodes.SelectWithIndexArgs`2::get_Stream()
DA:35,4
FN:35,Paillave.Etl.StreamNodes.ISelectWithIndexProcessor`2<TIn,TOut> Paillave.Etl.StreamNodes.SelectWithIndexArgs`2::get_Processor()
FNDA:4,Paillave.Etl.StreamNodes.ISelectWithIndexProcessor`2<TIn,TOut> Paillave.Etl.StreamNodes.SelectWithIndexArgs`2::get_Processor()
DA:36,4
FN:36,System.Boolean Paillave.Etl.StreamNodes.SelectWithIndexArgs`2::get_WithNoDispose()
FNDA:4,System.Boolean Paillave.Etl.StreamNodes.SelectWithIndexArgs`2::get_WithNoDispose()
DA:37,4
FN:45,Paillave.Etl.Core.Streams.IStream`1<TOut> Paillave.Etl.StreamNodes.SelectWithIndexStreamNode`2::CreateOutputStream(Paillave.Etl.StreamNodes.SelectWithIndexArgs`2<TIn,TOut>)
FNDA:1,Paillave.Etl.Core.Streams.IStream`1<TOut> Paillave.Etl.StreamNodes.SelectWithIndexStreamNode`2::CreateOutputStream(Paillave.Etl.StreamNodes.SelectWithIndexArgs`2<TIn,TOut>)
DA:46,1
DA:47,1
DA:48,1
DA:49,1
FN:40,System.Void Paillave.Etl.StreamNodes.SelectWithIndexStreamNode`2::.ctor(System.String,Paillave.Etl.StreamNodes.SelectWithIndexArgs`2<TIn,TOut>)
FNDA:1,System.Void Paillave.Etl.StreamNodes.SelectWithIndexStreamNode`2::.ctor(System.String,Paillave.Etl.StreamNodes.SelectWithIndexArgs`2<TIn,TOut>)
DA:41,1
DA:42,1
DA:43,1
FN:55,Paillave.Etl.Core.Streams.ISingleStream`1<TIn> Paillave.Etl.StreamNodes.SelectSingleArgs`2::get_Stream()
FNDA:28,Paillave.Etl.Core.Streams.ISingleStream`1<TIn> Paillave.Etl.StreamNodes.SelectSingleArgs`2::get_Stream()
DA:56,28
FN:56,Paillave.Etl.StreamNodes.ISelectProcessor`2<TIn,TOut> Paillave.Etl.StreamNodes.SelectSingleArgs`2::get_Processor()
FNDA:28,Paillave.Etl.StreamNodes.ISelectProcessor`2<TIn,TOut> Paillave.Etl.StreamNodes.SelectSingleArgs`2::get_Processor()
DA:57,28
FN:57,System.Boolean Paillave.Etl.StreamNodes.SelectSingleArgs`2::get_WithNoDispose()
FNDA:28,System.Boolean Paillave.Etl.StreamNodes.SelectSingleArgs`2::get_WithNoDispose()
DA:58,28
FN:66,Paillave.Etl.Core.Streams.ISingleStream`1<TOut> Paillave.Etl.StreamNodes.SelectSingleStreamNode`2::CreateOutputStream(Paillave.Etl.StreamNodes.SelectSingleArgs`2<TIn,TOut>)
FNDA:7,Paillave.Etl.Core.Streams.ISingleStream`1<TOut> Paillave.Etl.StreamNodes.SelectSingleStreamNode`2::CreateOutputStream(Paillave.Etl.StreamNodes.SelectSingleArgs`2<TIn,TOut>)
DA:67,7
DA:68,7
DA:69,7
DA:70,7
FN:61,System.Void Paillave.Etl.StreamNodes.SelectSingleStreamNode`2::.ctor(System.String,Paillave.Etl.StreamNodes.SelectSingleArgs`2<TIn,TOut>)
FNDA:7,System.Void Paillave.Etl.StreamNodes.SelectSingleStreamNode`2::.ctor(System.String,Paillave.Etl.StreamNodes.SelectSingleArgs`2<TIn,TOut>)
DA:62,7
DA:63,7
DA:64,7
LF:30
LH:30
BRF:0
BRH:0
FNF:15
FNH:15
end_of_record
SF:C:\Users\sroyer\Source\Repos\Etl.Net\src\Paillave.Etl\StreamNodes\SkipStreamNode.cs
FN:11,TOutStream Paillave.Etl.StreamNodes.SkipArgs`2::get_Input()
FNDA:0,TOutStream Paillave.Etl.StreamNodes.SkipArgs`2::get_Input()
DA:12,0
FN:12,System.Int32 Paillave.Etl.StreamNodes.SkipArgs`2::get_Count()
FNDA:0,System.Int32 Paillave.Etl.StreamNodes.SkipArgs`2::get_Count()
DA:13,0
FN:21,TOutStream Paillave.Etl.StreamNodes.SkipStreamNode`2::CreateOutputStream(Paillave.Etl.StreamNodes.SkipArgs`2<TOut,TOutStream>)
FNDA:0,TOutStream Paillave.Etl.StreamNodes.SkipStreamNode`2::CreateOutputStream(Paillave.Etl.StreamNodes.SkipArgs`2<TOut,TOutStream>)
DA:22,0
DA:23,0
DA:24,0
FN:16,System.Void Paillave.Etl.StreamNodes.SkipStreamNode`2::.ctor(System.String,Paillave.Etl.StreamNodes.SkipArgs`2<TOut,TOutStream>)
FNDA:0,System.Void Paillave.Etl.StreamNodes.SkipStreamNode`2::.ctor(System.String,Paillave.Etl.StreamNodes.SkipArgs`2<TOut,TOutStream>)
DA:17,0
DA:18,0
DA:19,0
LF:8
LH:0
BRF:0
BRH:0
FNF:4
FNH:0
end_of_record
SF:C:\Users\sroyer\Source\Repos\Etl.Net\src\Paillave.Etl\StreamNodes\SortStreamNode.cs
FN:13,Paillave.Etl.Core.Streams.IStream`1<T> Paillave.Etl.StreamNodes.SortArgs`2::get_Input()
FNDA:4,Paillave.Etl.Core.Streams.IStream`1<T> Paillave.Etl.StreamNodes.SortArgs`2::get_Input()
DA:14,4
FN:14,Paillave.Etl.Reactive.Core.SortDefinition`2<T,TKey> Paillave.Etl.StreamNodes.SortArgs`2::get_SortDefinition()
FNDA:5,Paillave.Etl.Reactive.Core.SortDefinition`2<T,TKey> Paillave.Etl.StreamNodes.SortArgs`2::get_SortDefinition()
DA:15,5
FN:23,Paillave.Etl.Core.Streams.ISortedStream`2<TOut,TKey> Paillave.Etl.StreamNodes.SortStreamNode`2::CreateOutputStream(Paillave.Etl.StreamNodes.SortArgs`2<TOut,TKey>)
FNDA:1,Paillave.Etl.Core.Streams.ISortedStream`2<TOut,TKey> Paillave.Etl.StreamNodes.SortStreamNode`2::CreateOutputStream(Paillave.Etl.StreamNodes.SortArgs`2<TOut,TKey>)
DA:24,1
DA:25,1
DA:26,2
DA:27,2
DA:28,2
DA:29,2
DA:30,1
FN:18,System.Void Paillave.Etl.StreamNodes.SortStreamNode`2::.ctor(System.String,Paillave.Etl.StreamNodes.SortArgs`2<TOut,TKey>)
FNDA:1,System.Void Paillave.Etl.StreamNodes.SortStreamNode`2::.ctor(System.String,Paillave.Etl.StreamNodes.SortArgs`2<TOut,TKey>)
DA:19,1
DA:20,1
DA:21,1
LF:12
LH:12
BRF:0
BRH:0
FNF:4
FNH:4
end_of_record
SF:C:\Users\sroyer\Source\Repos\Etl.Net\src\Paillave.Etl\StreamNodes\SubProcessStreamNode.cs
FN:13,Paillave.Etl.Core.Streams.IStream`1<TIn> Paillave.Etl.StreamNodes.SubProcessArgs`2::get_Stream()
FNDA:0,Paillave.Etl.Core.Streams.IStream`1<TIn> Paillave.Etl.StreamNodes.SubProcessArgs`2::get_Stream()
DA:14,0
FN:14,System.Func`2<Paillave.Etl.Core.Streams.ISingleStream`1<TIn>,Paillave.Etl.Core.Streams.IStream`1<TOut>> Paillave.Etl.StreamNodes.SubProcessArgs`2::get_SubProcess()
FNDA:0,System.Func`2<Paillave.Etl.Core.Streams.ISingleStream`1<TIn>,Paillave.Etl.Core.Streams.IStream`1<TOut>> Paillave.Etl.StreamNodes.SubProcessArgs`2::get_SubProcess()
DA:15,0
FN:15,System.Boolean Paillave.Etl.StreamNodes.SubProcessArgs`2::get_NoParallelisation()
FNDA:0,System.Boolean Paillave.Etl.StreamNodes.SubProcessArgs`2::get_NoParallelisation()
DA:16,0
FN:24,Paillave.Etl.Core.Streams.IStream`1<TOut> Paillave.Etl.StreamNodes.SubProcessStreamNode`2::CreateOutputStream(Paillave.Etl.StreamNodes.SubProcessArgs`2<TIn,TOut>)
FNDA:0,Paillave.Etl.Core.Streams.IStream`1<TOut> Paillave.Etl.StreamNodes.SubProcessStreamNode`2::CreateOutputStream(Paillave.Etl.StreamNodes.SubProcessArgs`2<TIn,TOut>)
DA:25,0
DA:26,0
DA:27,0
DA:28,0
DA:29,0
DA:30,0
DA:31,0
DA:32,0
DA:33,0
DA:34,0
DA:35,0
DA:36,0
DA:37,0
DA:38,0
DA:39,0
DA:40,0
DA:41,0
DA:42,0
DA:43,0
DA:44,0
DA:45,0
DA:46,0
DA:47,0
DA:48,0
DA:49,0
BRDA:26,37,0,0
BRDA:26,37,1,0
FN:19,System.Void Paillave.Etl.StreamNodes.SubProcessStreamNode`2::.ctor(System.String,Paillave.Etl.StreamNodes.SubProcessArgs`2<TIn,TOut>)
FNDA:0,System.Void Paillave.Etl.StreamNodes.SubProcessStreamNode`2::.ctor(System.String,Paillave.Etl.StreamNodes.SubProcessArgs`2<TIn,TOut>)
DA:20,0
DA:21,0
DA:22,0
LF:31
LH:0
BRF:4
BRH:0
FNF:5
FNH:0
end_of_record
SF:C:\Users\sroyer\Source\Repos\Etl.Net\src\Paillave.Etl\StreamNodes\SubstractStreamNode.cs
FN:13,Paillave.Etl.Core.Streams.ISortedStream`2<TInLeft,TKey> Paillave.Etl.StreamNodes.SubstractArgs`3::get_LeftInputStream()
FNDA:0,Paillave.Etl.Core.Streams.ISortedStream`2<TInLeft,TKey> Paillave.Etl.StreamNodes.SubstractArgs`3::get_LeftInputStream()
DA:14,0
FN:14,Paillave.Etl.Core.Streams.ISortedStream`2<TInRight,TKey> Paillave.Etl.StreamNodes.SubstractArgs`3::get_RightInputStream()
FNDA:0,Paillave.Etl.Core.Streams.ISortedStream`2<TInRight,TKey> Paillave.Etl.StreamNodes.SubstractArgs`3::get_RightInputStream()
DA:15,0
FN:18,TStream Paillave.Etl.StreamNodes.SubstractUnsortedArgs`4::get_LeftInputStream()
FNDA:0,TStream Paillave.Etl.StreamNodes.SubstractUnsortedArgs`4::get_LeftInputStream()
DA:19,0
FN:19,Paillave.Etl.Core.Streams.IStream`1<TInRight> Paillave.Etl.StreamNodes.SubstractUnsortedArgs`4::get_RightInputStream()
FNDA:0,Paillave.Etl.Core.Streams.IStream`1<TInRight> Paillave.Etl.StreamNodes.SubstractUnsortedArgs`4::get_RightInputStream()
DA:20,0
FN:20,System.Func`2<TInLeft,TKey> Paillave.Etl.StreamNodes.SubstractUnsortedArgs`4::get_GetLeftKey()
FNDA:0,System.Func`2<TInLeft,TKey> Paillave.Etl.StreamNodes.SubstractUnsortedArgs`4::get_GetLeftKey()
DA:21,0
FN:21,System.Func`2<TInRight,TKey> Paillave.Etl.StreamNodes.SubstractUnsortedArgs`4::get_GetRightKey()
FNDA:0,System.Func`2<TInRight,TKey> Paillave.Etl.StreamNodes.SubstractUnsortedArgs`4::get_GetRightKey()
DA:22,0
FN:29,Paillave.Etl.Core.Streams.IStream`1<TInLeft> Paillave.Etl.StreamNodes.SubstractStreamNode`3::CreateOutputStream(Paillave.Etl.StreamNodes.SubstractArgs`3<TInLeft,TInRight,TKey>)
FNDA:0,Paillave.Etl.Core.Streams.IStream`1<TInLeft> Paillave.Etl.StreamNodes.SubstractStreamNode`3::CreateOutputStream(Paillave.Etl.StreamNodes.SubstractArgs`3<TInLeft,TInRight,TKey>)
DA:30,0
DA:31,0
DA:32,0
FN:25,System.Void Paillave.Etl.StreamNodes.SubstractStreamNode`3::.ctor(System.String,Paillave.Etl.StreamNodes.SubstractArgs`3<TInLeft,TInRight,TKey>)
FNDA:0,System.Void Paillave.Etl.StreamNodes.SubstractStreamNode`3::.ctor(System.String,Paillave.Etl.StreamNodes.SubstractArgs`3<TInLeft,TInRight,TKey>)
DA:26,0
DA:27,0
DA:28,0
FN:39,TStream Paillave.Etl.StreamNodes.SubstractUnsortedStreamNode`4::CreateOutputStream(Paillave.Etl.StreamNodes.SubstractUnsortedArgs`4<TStream,TInLeft,TInRight,TKey>)
FNDA:0,TStream Paillave.Etl.StreamNodes.SubstractUnsortedStreamNode`4::CreateOutputStream(Paillave.Etl.StreamNodes.SubstractUnsortedArgs`4<TStream,TInLeft,TInRight,TKey>)
DA:40,0
DA:41,0
DA:42,0
DA:43,0
DA:44,0
DA:45,0
DA:46,0
DA:47,0
DA:48,0
DA:49,0
DA:50,0
DA:51,0
DA:52,0
DA:53,0
BRDA:42,103,0,0
BRDA:42,103,1,0
BRDA:42,139,0,0
BRDA:42,139,1,0
FN:35,System.Void Paillave.Etl.StreamNodes.SubstractUnsortedStreamNode`4::.ctor(System.String,Paillave.Etl.StreamNodes.SubstractUnsortedArgs`4<TStream,TInLeft,TInRight,TKey>)
FNDA:0,System.Void Paillave.Etl.StreamNodes.SubstractUnsortedStreamNode`4::.ctor(System.String,Paillave.Etl.StreamNodes.SubstractUnsortedArgs`4<TStream,TInLeft,TInRight,TKey>)
DA:36,0
DA:37,0
DA:38,0
LF:29
LH:0
BRF:6
BRH:0
FNF:10
FNH:0
end_of_record
SF:C:\Users\sroyer\Source\Repos\Etl.Net\src\Paillave.Etl\StreamNodes\ThroughActionStreamNode.cs
FN:22,System.Void Paillave.Etl.StreamNodes.SimpleThroughActionProcessor`1::ProcessRow(TIn)
FNDA:1848,System.Void Paillave.Etl.StreamNodes.SimpleThroughActionProcessor`1::ProcessRow(TIn)
DA:23,1848
DA:24,1848
DA:25,1848
FN:17,System.Void Paillave.Etl.StreamNodes.SimpleThroughActionProcessor`1::.ctor(System.Action`1<TIn>)
FNDA:52,System.Void Paillave.Etl.StreamNodes.SimpleThroughActionProcessor`1::.ctor(System.Action`1<TIn>)
DA:18,52
DA:19,52
DA:20,52
DA:21,52
FN:36,System.Void Paillave.Etl.StreamNodes.ContextThroughActionProcessor`2::ProcessRow(TIn)
FNDA:0,System.Void Paillave.Etl.StreamNodes.ContextThroughActionProcessor`2::ProcessRow(TIn)
DA:37,0
DA:38,0
DA:39,0
FN:40,System.Void Paillave.Etl.StreamNodes.ContextThroughActionProcessor`2::SetContext(TCtx)
FNDA:0,System.Void Paillave.Etl.StreamNodes.ContextThroughActionProcessor`2::SetContext(TCtx)
DA:41,0
DA:42,0
DA:43,0
FN:30,System.Void Paillave.Etl.StreamNodes.ContextThroughActionProcessor`2::.ctor(System.Action`3<TIn,TCtx,System.Action`1<TCtx>>,TCtx)
FNDA:0,System.Void Paillave.Etl.StreamNodes.ContextThroughActionProcessor`2::.ctor(System.Action`3<TIn,TCtx,System.Action`1<TCtx>>,TCtx)
DA:31,0
DA:32,0
DA:33,0
DA:34,0
DA:35,0
FN:46,TStream Paillave.Etl.StreamNodes.ThroughActionArgs`2::get_Stream()
FNDA:260,TStream Paillave.Etl.StreamNodes.ThroughActionArgs`2::get_Stream()
DA:47,260
FN:47,Paillave.Etl.StreamNodes.IThroughActionProcessor`1<TIn> Paillave.Etl.StreamNodes.ThroughActionArgs`2::get_Processor()
FNDA:208,Paillave.Etl.StreamNodes.IThroughActionProcessor`1<TIn> Paillave.Etl.StreamNodes.ThroughActionArgs`2::get_Processor()
DA:48,208
FN:56,TStream Paillave.Etl.StreamNodes.ThroughActionStreamNode`2::CreateOutputStream(Paillave.Etl.StreamNodes.ThroughActionArgs`2<TIn,TStream>)
FNDA:52,TStream Paillave.Etl.StreamNodes.ThroughActionStreamNode`2::CreateOutputStream(Paillave.Etl.StreamNodes.ThroughActionArgs`2<TIn,TStream>)
DA:57,52
DA:58,52
DA:59,52
FN:51,System.Void Paillave.Etl.StreamNodes.ThroughActionStreamNode`2::.ctor(System.String,Paillave.Etl.StreamNodes.ThroughActionArgs`2<TIn,TStream>)
FNDA:52,System.Void Paillave.Etl.StreamNodes.ThroughActionStreamNode`2::.ctor(System.String,Paillave.Etl.StreamNodes.ThroughActionArgs`2<TIn,TStream>)
DA:52,52
DA:53,52
DA:54,52
FN:78,System.Void Paillave.Etl.StreamNodes.SimpleThroughActionProcessor`2::PreProcess(TResource)
FNDA:0,System.Void Paillave.Etl.StreamNodes.SimpleThroughActionProcessor`2::PreProcess(TResource)
DA:79,0
DA:80,0
DA:81,0
BRDA:80,8,0,0
BRDA:80,8,1,0
FN:83,System.Void Paillave.Etl.StreamNodes.SimpleThroughActionProcessor`2::ProcessRow(TIn,TResource)
FNDA:0,System.Void Paillave.Etl.StreamNodes.SimpleThroughActionProcessor`2::ProcessRow(TIn,TResource)
DA:84,0
DA:85,0
DA:86,0
FN:72,System.Void Paillave.Etl.StreamNodes.SimpleThroughActionProcessor`2::.ctor(System.Action`2<TIn,TResource>,System.Action`1<TResource>)
FNDA:0,System.Void Paillave.Etl.StreamNodes.SimpleThroughActionProcessor`2::.ctor(System.Action`2<TIn,TResource>,System.Action`1<TResource>)
DA:73,0
DA:74,0
DA:75,0
DA:76,0
DA:77,0
FN:99,System.Void Paillave.Etl.StreamNodes.ContextThroughActionProcessor`3::ProcessRow(TIn,TResource)
FNDA:0,System.Void Paillave.Etl.StreamNodes.ContextThroughActionProcessor`3::ProcessRow(TIn,TResource)
DA:100,0
DA:101,0
DA:102,0
FN:103,System.Void Paillave.Etl.StreamNodes.ContextThroughActionProcessor`3::PreProcess(TResource)
FNDA:0,System.Void Paillave.Etl.StreamNodes.ContextThroughActionProcessor`3::PreProcess(TResource)
DA:104,0
DA:105,0
DA:106,0
BRDA:105,8,0,0
BRDA:105,8,1,0
FN:107,System.Void Paillave.Etl.StreamNodes.ContextThroughActionProcessor`3::SetContext(TCtx)
FNDA:0,System.Void Paillave.Etl.StreamNodes.ContextThroughActionProcessor`3::SetContext(TCtx)
DA:108,0
DA:109,0
DA:110,0
FN:92,System.Void Paillave.Etl.StreamNodes.ContextThroughActionProcessor`3::.ctor(System.Action`4<TIn,TResource,TCtx,System.Action`1<TCtx>>,System.Action`2<TResource,System.Action`1<TCtx>>)
FNDA:0,System.Void Paillave.Etl.StreamNodes.ContextThroughActionProcessor`3::.ctor(System.Action`4<TIn,TResource,TCtx,System.Action`1<TCtx>>,System.Action`2<TResource,System.Action`1<TCtx>>)
DA:93,0
DA:94,0
DA:95,0
DA:96,0
DA:97,0
DA:98,0
FN:113,TStream Paillave.Etl.StreamNodes.ThroughActionArgs`3::get_Stream()
FNDA:0,TStream Paillave.Etl.StreamNodes.ThroughActionArgs`3::get_Stream()
DA:114,0
FN:114,Paillave.Etl.Core.Streams.ISingleStream`1<TResource> Paillave.Etl.StreamNodes.ThroughActionArgs`3::get_ResourceStream()
FNDA:0,Paillave.Etl.Core.Streams.ISingleStream`1<TResource> Paillave.Etl.StreamNodes.ThroughActionArgs`3::get_ResourceStream()
DA:115,0
FN:115,Paillave.Etl.StreamNodes.IThroughActionProcessor`2<TIn,TResource> Paillave.Etl.StreamNodes.ThroughActionArgs`3::get_Processor()
FNDA:0,Paillave.Etl.StreamNodes.IThroughActionProcessor`2<TIn,TResource> Paillave.Etl.StreamNodes.ThroughActionArgs`3::get_Processor()
DA:116,0
FN:123,TStream Paillave.Etl.StreamNodes.ThroughActionStreamNode`3::CreateOutputStream(Paillave.Etl.StreamNodes.ThroughActionArgs`3<TIn,TStream,TResource>)
FNDA:0,TStream Paillave.Etl.StreamNodes.ThroughActionStreamNode`3::CreateOutputStream(Paillave.Etl.StreamNodes.ThroughActionArgs`3<TIn,TStream,TResource>)
DA:124,0
DA:125,0
DA:127,0
DA:128,0
DA:129,0
DA:130,0
DA:131,0
DA:132,0
DA:133,0
FN:119,System.Void Paillave.Etl.StreamNodes.ThroughActionStreamNode`3::.ctor(System.String,Paillave.Etl.StreamNodes.ThroughActionArgs`3<TIn,TStream,TResource>)
FNDA:0,System.Void Paillave.Etl.StreamNodes.ThroughActionStreamNode`3::.ctor(System.String,Paillave.Etl.StreamNodes.ThroughActionArgs`3<TIn,TStream,TResource>)
DA:120,0
DA:121,0
DA:122,0
LF:67
LH:15
BRF:4
BRH:0
FNF:21
FNH:6
end_of_record
SF:C:\Users\sroyer\Source\Repos\Etl.Net\src\Paillave.Etl\StreamNodes\ThroughLocalFileStreamNode.cs
FN:14,Paillave.Etl.Core.Streams.IStream`1<System.IO.Stream> Paillave.Etl.StreamNodes.ThroughLocalFileArgs`1::get_Stream()
FNDA:0,Paillave.Etl.Core.Streams.IStream`1<System.IO.Stream> Paillave.Etl.StreamNodes.ThroughLocalFileArgs`1::get_Stream()
DA:15,0
FN:15,Paillave.Etl.Core.Streams.IStream`1<TParams> Paillave.Etl.StreamNodes.ThroughLocalFileArgs`1::get_ParamStream()
FNDA:0,Paillave.Etl.Core.Streams.IStream`1<TParams> Paillave.Etl.StreamNodes.ThroughLocalFileArgs`1::get_ParamStream()
DA:16,0
FN:16,System.Func`2<TParams,System.String> Paillave.Etl.StreamNodes.ThroughLocalFileArgs`1::get_GetOutputFilePath()
FNDA:0,System.Func`2<TParams,System.String> Paillave.Etl.StreamNodes.ThroughLocalFileArgs`1::get_GetOutputFilePath()
DA:17,0
FN:24,Paillave.Etl.Core.Streams.IStream`1<System.IO.Stream> Paillave.Etl.StreamNodes.ThroughLocalFileStreamNode`1::CreateOutputStream(Paillave.Etl.StreamNodes.ThroughLocalFileArgs`1<TParams>)
FNDA:0,Paillave.Etl.Core.Streams.IStream`1<System.IO.Stream> Paillave.Etl.StreamNodes.ThroughLocalFileStreamNode`1::CreateOutputStream(Paillave.Etl.StreamNodes.ThroughLocalFileArgs`1<TParams>)
DA:25,0
DA:26,0
DA:27,0
DA:28,0
DA:29,0
DA:30,0
DA:31,0
DA:32,0
DA:33,0
DA:34,0
DA:35,0
BRDA:27,42,0,0
BRDA:27,42,1,0
FN:20,System.Void Paillave.Etl.StreamNodes.ThroughLocalFileStreamNode`1::.ctor(System.String,Paillave.Etl.StreamNodes.ThroughLocalFileArgs`1<TParams>)
FNDA:0,System.Void Paillave.Etl.StreamNodes.ThroughLocalFileStreamNode`1::.ctor(System.String,Paillave.Etl.StreamNodes.ThroughLocalFileArgs`1<TParams>)
DA:21,0
DA:22,0
DA:23,0
LF:17
LH:0
BRF:2
BRH:0
FNF:5
FNH:0
end_of_record
SF:C:\Users\sroyer\Source\Repos\Etl.Net\src\Paillave.Etl\StreamNodes\TopStreamNode.cs
FN:11,TOutStream Paillave.Etl.StreamNodes.TopArgs`2::get_Input()
FNDA:0,TOutStream Paillave.Etl.StreamNodes.TopArgs`2::get_Input()
DA:12,0
FN:12,System.Int32 Paillave.Etl.StreamNodes.TopArgs`2::get_Count()
FNDA:0,System.Int32 Paillave.Etl.StreamNodes.TopArgs`2::get_Count()
DA:13,0
FN:21,TOutStream Paillave.Etl.StreamNodes.TopStreamNode`2::CreateOutputStream(Paillave.Etl.StreamNodes.TopArgs`2<TOut,TOutStream>)
FNDA:0,TOutStream Paillave.Etl.StreamNodes.TopStreamNode`2::CreateOutputStream(Paillave.Etl.StreamNodes.TopArgs`2<TOut,TOutStream>)
DA:22,0
DA:23,0
DA:24,0
FN:16,System.Void Paillave.Etl.StreamNodes.TopStreamNode`2::.ctor(System.String,Paillave.Etl.StreamNodes.TopArgs`2<TOut,TOutStream>)
FNDA:0,System.Void Paillave.Etl.StreamNodes.TopStreamNode`2::.ctor(System.String,Paillave.Etl.StreamNodes.TopArgs`2<TOut,TOutStream>)
DA:17,0
DA:18,0
DA:19,0
LF:8
LH:0
BRF:0
BRH:0
FNF:4
FNH:0
end_of_record
SF:C:\Users\sroyer\Source\Repos\Etl.Net\src\Paillave.Etl\StreamNodes\ToSubProcessesStreamNode.cs
FN:14,Paillave.Etl.Core.Streams.IStream`1<TIn> Paillave.Etl.StreamNodes.ToSubProcessesArgs`2::get_Stream()
FNDA:0,Paillave.Etl.Core.Streams.IStream`1<TIn> Paillave.Etl.StreamNodes.ToSubProcessesArgs`2::get_Stream()
DA:15,0
FN:15,System.Collections.Generic.IEnumerable`1<System.Func`2<Paillave.Etl.Core.Streams.ISingleStream`1<TIn>,Paillave.Etl.Core.Streams.IStream`1<TOut>>> Paillave.Etl.StreamNodes.ToSubProcessesArgs`2::get_SubProcesses()
[...]
DA:179,5
DA:180,5
DA:181,5
LF:124
LH:124
BRF:18
BRH:18
FNF:10
FNH:10
end_of_record
SF:C:\Users\sroyer\Source\Repos\Etl.Net\src\Paillave.EtlTests\Extensions\AggregateTests.cs
FN:15,System.Void Paillave.EtlTests.Extensions.AggregateTests::GroupElements()
FNDA:1,System.Void Paillave.EtlTests.Extensions.AggregateTests::GroupElements()
DA:16,1
DA:18,1
DA:19,1
DA:21,1
DA:22,2
DA:23,2
DA:24,3
DA:25,12
DA:26,2
DA:27,4
DA:28,12
DA:29,12
DA:30,4
DA:31,2
DA:32,2
DA:34,1
DA:36,1
FN:40,System.Void Paillave.EtlTests.Extensions.AggregateTests::ComputeAverage()
FNDA:1,System.Void Paillave.EtlTests.Extensions.AggregateTests::ComputeAverage()
DA:41,1
DA:43,1
DA:44,1
DA:46,1
DA:47,2
DA:48,2
DA:49,3
DA:50,12
DA:51,2
DA:52,4
DA:53,12
DA:54,12
DA:55,4
DA:56,2
DA:57,2
DA:59,1
DA:61,1
LF:34
LH:34
BRF:24
BRH:24
FNF:2
FNH:2
end_of_record
SF:C:\Users\sroyer\Source\Repos\Etl.Net\src\Paillave.EtlTests\Extensions\CrossApplyEnumerableTests.cs
FN:16,System.Void Paillave.EtlTests.Extensions.CrossApplyEnumerableTests::ProduceList()
FNDA:1,System.Void Paillave.EtlTests.Extensions.CrossApplyEnumerableTests::ProduceList()
DA:17,1
DA:19,1
DA:20,1
DA:22,1
DA:23,2
DA:24,2
DA:25,3
DA:26,2
DA:27,2
DA:29,1
DA:31,1
FN:35,System.Void Paillave.EtlTests.Extensions.CrossApplyEnumerableTests::ProduceListWithOneItem()
FNDA:1,System.Void Paillave.EtlTests.Extensions.CrossApplyEnumerableTests::ProduceListWithOneItem()
DA:36,1
DA:38,1
DA:39,1
DA:40,1
DA:42,1
DA:43,1
DA:44,1
DA:45,1
DA:46,1
DA:47,2
DA:48,3
DA:49,2
DA:50,103
DA:51,2
DA:52,2
DA:54,101
DA:56,1
LF:28
LH:28
BRF:6
BRH:6
FNF:2
FNH:2
end_of_record
SF:C:\Users\sroyer\Source\Repos\Etl.Net\src\Paillave.EtlTests\Extensions\CrossApplyTests.cs
FN:18,System.Void Paillave.EtlTests.Extensions.CrossApplyTests::ProduceSubValues()
FNDA:1,System.Void Paillave.EtlTests.Extensions.CrossApplyTests::ProduceSubValues()
DA:19,1
DA:21,11
DA:22,1
DA:24,1
DA:25,2
DA:26,2
DA:27,3
DA:28,32
DA:29,2
DA:30,2
DA:32,31
DA:33,1
DA:34,1
DA:36,1
BRDA:21,22,0,1
BRDA:21,22,1,1
BRDA:32,106,0,1
BRDA:32,106,1,1
FN:40,System.Void Paillave.EtlTests.Extensions.CrossApplyTests::ProduceSubValuesWithToApply()
FNDA:1,System.Void Paillave.EtlTests.Extensions.CrossApplyTests::ProduceSubValuesWithToApply()
DA:41,1
DA:43,101
DA:44,1
DA:46,1
DA:47,1
DA:48,1
DA:49,1
DA:50,1
DA:51,2
DA:52,3
DA:53,2
DA:54,3
DA:55,312
DA:56,2
DA:57,2
DA:59,311
DA:60,1
DA:61,1
DA:63,1
BRDA:43,22,0,1
BRDA:43,22,1,1
BRDA:59,112,0,1
BRDA:59,112,1,1
FN:67,System.Void Paillave.EtlTests.Extensions.CrossApplyTests::ProduceSubValuesParallelized()
FNDA:1,System.Void Paillave.EtlTests.Extensions.CrossApplyTests::ProduceSubValuesParallelized()
DA:68,1
DA:70,51
DA:71,1
DA:73,1
DA:74,2
DA:75,2
DA:76,3
DA:77,12
DA:78,2
DA:79,2
DA:81,51
DA:82,41
DA:83,1
DA:85,1
BRDA:70,22,0,2
BRDA:70,22,1,11
BRDA:81,106,0,1
BRDA:81,106,1,1
BRDA:81,142,0,1
BRDA:81,142,1,1
BRDA:82,190,0,1
BRDA:82,190,1,1
FN:89,System.Void Paillave.EtlTests.Extensions.CrossApplyTests::ProduceSubValuesWithToApplyParallelized()
FNDA:1,System.Void Paillave.EtlTests.Extensions.CrossApplyTests::ProduceSubValuesWithToApplyParallelized()
DA:90,1
DA:92,101
DA:93,1
DA:95,1
DA:96,1
DA:97,1
DA:98,1
DA:99,1
DA:100,2
DA:101,3
DA:102,2
DA:103,3
DA:104,312
DA:105,2
DA:106,2
DA:108,521
DA:109,211
DA:110,1
DA:112,1
BRDA:92,22,0,1
BRDA:92,22,1,1
BRDA:108,112,0,1
BRDA:108,112,1,1
BRDA:108,148,0,1
BRDA:108,148,1,1
BRDA:109,196,0,1
BRDA:109,196,1,1
FN:116,System.Void Paillave.EtlTests.Extensions.CrossApplyTests::ProduceSubValuesPrePost()
FNDA:1,System.Void Paillave.EtlTests.Extensions.CrossApplyTests::ProduceSubValuesPrePost()
DA:117,1
DA:119,11
DA:120,1
DA:122,1
DA:123,2
DA:124,2
DA:125,3
DA:126,62
DA:127,2
DA:128,2
DA:130,31
DA:131,1
DA:132,1
DA:134,1
BRDA:119,22,0,1
BRDA:119,22,1,1
BRDA:130,106,0,1
BRDA:130,106,1,1
FN:138,System.Void Paillave.EtlTests.Extensions.CrossApplyTests::ProduceSubValuesWithToApplyPrePost()
FNDA:1,System.Void Paillave.EtlTests.Extensions.CrossApplyTests::ProduceSubValuesWithToApplyPrePost()
DA:139,1
DA:141,101
DA:142,1
DA:144,1
DA:145,1
DA:146,1
DA:147,1
DA:148,1
DA:149,2
DA:150,3
DA:151,2
DA:152,3
DA:153,626
DA:154,2
DA:155,2
DA:157,525
DA:158,1
DA:159,1
DA:161,1
BRDA:141,22,0,1
BRDA:141,22,1,1
BRDA:157,112,0,1
BRDA:157,112,1,1
FN:165,System.Void Paillave.EtlTests.Extensions.CrossApplyTests::ProduceSubValuesPrePostParallelized()
FNDA:1,System.Void Paillave.EtlTests.Extensions.CrossApplyTests::ProduceSubValuesPrePostParallelized()
DA:166,1
DA:168,11
DA:169,1
DA:171,1
DA:172,2
DA:173,2
DA:174,3
DA:175,62
DA:176,2
DA:177,2
DA:179,51
DA:180,21
DA:181,1
DA:183,1
BRDA:168,22,0,1
BRDA:168,22,1,1
BRDA:179,106,0,1
BRDA:179,106,1,1
BRDA:179,142,0,1
BRDA:179,142,1,1
BRDA:180,190,0,1
BRDA:180,190,1,1
FN:187,System.Void Paillave.EtlTests.Extensions.CrossApplyTests::ProduceSubValuesWithToApplyPrePostParallelized()
FNDA:1,System.Void Paillave.EtlTests.Extensions.CrossApplyTests::ProduceSubValuesWithToApplyPrePostParallelized()
DA:188,1
DA:190,101
DA:191,1
DA:193,1
DA:194,1
DA:195,1
DA:196,1
DA:197,1
DA:198,2
DA:199,3
DA:200,2
DA:201,3
DA:202,626
DA:203,2
DA:204,2
DA:206,737
DA:207,213
DA:208,1
DA:210,1
BRDA:190,22,0,1
BRDA:190,22,1,1
BRDA:206,112,0,1
BRDA:206,112,1,1
BRDA:206,148,0,1
BRDA:206,148,1,1
BRDA:207,196,0,1
BRDA:207,196,1,1
LF:132
LH:132
BRF:120
BRH:120
FNF:8
FNH:8
end_of_record
SF:C:\Users\sroyer\Source\Repos\Etl.Net\src\Paillave.EtlTests\Extensions\DistinctTests.cs
FN:16,System.Void Paillave.EtlTests.Extensions.DistinctTests::SimpleDistinct()
FNDA:1,System.Void Paillave.EtlTests.Extensions.DistinctTests::SimpleDistinct()
DA:17,1
DA:19,101
DA:20,1
DA:22,1
DA:23,2
DA:24,2
DA:25,3
DA:26,102
DA:27,2
DA:28,2
DA:30,11
DA:31,1
DA:33,1
BRDA:19,21,0,1
BRDA:19,21,1,1
BRDA:30,112,0,1
BRDA:30,112,1,1
FN:36,System.Void Paillave.EtlTests.Extensions.DistinctTests::SimpleSortedDistinct()
FNDA:1,System.Void Paillave.EtlTests.Extensions.DistinctTests::SimpleSortedDistinct()
DA:37,1
DA:39,201
DA:40,1
DA:42,1
DA:43,2
DA:44,2
DA:45,3
DA:46,1094
DA:47,2
DA:48,2
DA:49,2
DA:51,11
DA:52,1
DA:54,1
BRDA:39,21,0,1
BRDA:39,21,1,1
BRDA:39,57,0,1
BRDA:39,57,1,1
BRDA:51,148,0,1
BRDA:51,148,1,1
LF:27
LH:27
BRF:18
BRH:18
FNF:2
FNH:2
end_of_record
SF:C:\Users\sroyer\Source\Repos\Etl.Net\src\Paillave.EtlTests\Extensions\EnsureKeyedTests.cs
FN:17,System.Void Paillave.EtlTests.Extensions.EnsureKeyedTests::SuccessfulEnsureKeyed()
FNDA:1,System.Void Paillave.EtlTests.Extensions.EnsureKeyedTests::SuccessfulEnsureKeyed()
DA:18,1
DA:20,1
DA:21,1
DA:23,1
DA:24,2
DA:25,2
DA:26,3
DA:27,10
DA:28,2
DA:29,2
DA:31,1
DA:33,1
FN:36,System.Void Paillave.EtlTests.Extensions.EnsureKeyedTests::FailEnsureKeyedWithDuplicateWithoutException()
FNDA:1,System.Void Paillave.EtlTests.Extensions.EnsureKeyedTests::FailEnsureKeyedWithDuplicateWithoutException()
DA:37,1
DA:39,1
DA:40,1
DA:42,1
DA:43,2
DA:44,2
DA:45,3
DA:46,6
DA:47,2
DA:48,2
DA:49,1
DA:51,1
DA:52,1
DA:53,2
DA:54,1
DA:56,1
BRDA:53,144,0,1
BRDA:53,144,1,1
FN:59,System.Void Paillave.EtlTests.Extensions.EnsureKeyedTests::FailEnsureKeyedNotSortedWithoutException()
FNDA:1,System.Void Paillave.EtlTests.Extensions.EnsureKeyedTests::FailEnsureKeyedNotSortedWithoutException()
DA:60,1
DA:62,1
DA:63,1
DA:65,1
DA:66,2
DA:67,2
DA:68,3
DA:69,4
DA:70,2
DA:71,2
DA:72,1
DA:74,1
DA:75,1
DA:76,2
DA:77,1
DA:79,1
BRDA:76,144,0,1
BRDA:76,144,1,1
FN:84,System.Void Paillave.EtlTests.Extensions.EnsureKeyedTests::FailEnsureKeyedWithDuplicate()
FNDA:1,System.Void Paillave.EtlTests.Extensions.EnsureKeyedTests::FailEnsureKeyedWithDuplicate()
DA:85,1
DA:87,1
DA:88,1
DA:90,1
DA:91,2
DA:92,2
DA:93,3
DA:94,6
DA:95,2
DA:96,2
DA:97,1
DA:99,0
FN:103,System.Void Paillave.EtlTests.Extensions.EnsureKeyedTests::FailEnsureKeyedNotSorted()
FNDA:1,System.Void Paillave.EtlTests.Extensions.EnsureKeyedTests::FailEnsureKeyedNotSorted()
DA:104,1
DA:106,1
DA:107,1
DA:109,1
DA:110,2
DA:111,2
DA:112,3
DA:113,4
DA:114,2
DA:115,2
DA:116,1
DA:118,0
LF:68
LH:66
BRF:24
BRH:24
FNF:5
FNH:5
end_of_record
SF:C:\Users\sroyer\Source\Repos\Etl.Net\src\Paillave.EtlTests\Extensions\EnsureSingleTests.cs
FN:17,System.Void Paillave.EtlTests.Extensions.EnsureSingleTests::SuccessfulEnsureSingle()
FNDA:1,System.Void Paillave.EtlTests.Extensions.EnsureSingleTests::SuccessfulEnsureSingle()
DA:18,1
DA:20,1
DA:21,1
DA:23,1
DA:24,2
DA:25,2
DA:26,3
DA:27,2
DA:28,2
DA:29,2
DA:31,1
DA:33,1
FN:36,System.Void Paillave.EtlTests.Extensions.EnsureSingleTests::FailEnsureSingleNotSortedWithNoException()
FNDA:1,System.Void Paillave.EtlTests.Extensions.EnsureSingleTests::FailEnsureSingleNotSortedWithNoException()
DA:37,1
DA:39,1
DA:40,1
DA:42,1
DA:43,2
DA:44,2
DA:45,3
DA:46,2
DA:47,2
DA:48,2
DA:49,1
DA:51,1
DA:52,1
DA:53,2
DA:54,1
DA:56,1
BRDA:53,141,0,1
BRDA:53,141,1,1
FN:60,System.Void Paillave.EtlTests.Extensions.EnsureSingleTests::FailEnsureSingleNotSorted()
FNDA:1,System.Void Paillave.EtlTests.Extensions.EnsureSingleTests::FailEnsureSingleNotSorted()
DA:61,1
DA:63,1
DA:64,1
DA:66,1
DA:67,2
DA:68,2
DA:69,3
DA:70,2
DA:71,2
DA:72,2
DA:74,0
LF:39
LH:38
BRF:8
BRH:8
FNF:3
FNH:3
end_of_record
SF:C:\Users\sroyer\Source\Repos\Etl.Net\src\Paillave.EtlTests\Extensions\EnsureSortedTests.cs
FN:17,System.Void Paillave.EtlTests.Extensions.EnsureSortedTests::SuccessfulEnsureSorted()
FNDA:1,System.Void Paillave.EtlTests.Extensions.EnsureSortedTests::SuccessfulEnsureSorted()
DA:18,1
DA:20,1
DA:21,1
DA:23,1
DA:24,2
DA:25,2
DA:26,3
DA:27,10
DA:28,2
DA:29,2
DA:31,1
DA:33,1
FN:36,System.Void Paillave.EtlTests.Extensions.EnsureSortedTests::SuccessfulEnsureSortedWithDuplicate()
FNDA:1,System.Void Paillave.EtlTests.Extensions.EnsureSortedTests::SuccessfulEnsureSortedWithDuplicate()
DA:37,1
DA:39,1
DA:40,1
DA:42,1
DA:43,2
DA:44,2
DA:45,3
DA:46,12
DA:47,2
DA:48,2
DA:50,1
DA:52,1
FN:55,System.Void Paillave.EtlTests.Extensions.EnsureSortedTests::FailEnsureSortedNotSortedWithNoException()
FNDA:1,System.Void Paillave.EtlTests.Extensions.EnsureSortedTests::FailEnsureSortedNotSortedWithNoException()
DA:56,1
DA:58,1
DA:59,1
DA:61,1
DA:62,2
DA:63,2
DA:64,3
DA:65,4
DA:66,2
DA:67,2
DA:68,1
DA:70,1
DA:71,1
DA:72,2
DA:73,1
DA:75,1
BRDA:72,144,0,1
BRDA:72,144,1,1
FN:83,System.Void Paillave.EtlTests.Extensions.EnsureSortedTests::FailEnsureSortedNotSorted()
FNDA:1,System.Void Paillave.EtlTests.Extensions.EnsureSortedTests::FailEnsureSortedNotSorted()
DA:84,1
DA:86,1
DA:87,1
DA:89,1
DA:90,2
DA:91,2
DA:92,3
DA:93,4
DA:94,2
DA:95,2
DA:97,0
LF:51
LH:50
BRF:18
BRH:18
FNF:4
FNH:4
end_of_record
SF:C:\Users\sroyer\Source\Repos\Etl.Net\src\Paillave.EtlTests\Extensions\LeftJoinTests.cs
FN:16,System.Void Paillave.EtlTests.Extensions.LeftJoinTests::SimpleLeftJoin()
FNDA:1,System.Void Paillave.EtlTests.Extensions.LeftJoinTests::SimpleLeftJoin()
DA:17,1
DA:19,101
DA:20,11
DA:21,1
DA:23,1
DA:24,1
DA:25,1
DA:26,1
DA:27,1
DA:28,2
DA:29,2
DA:30,3
DA:31,328
DA:32,2
DA:33,3
DA:34,148
DA:35,2
DA:36,102
DA:37,2
DA:38,2
DA:40,101
DA:41,1
DA:43,1
BRDA:19,21,0,1
BRDA:19,21,1,1
BRDA:20,71,0,1
BRDA:20,71,1,1
BRDA:40,168,0,1
BRDA:40,168,1,1
FN:47,System.Void Paillave.EtlTests.Extensions.LeftJoinTests::LeftJoinWithNoMatch()
FNDA:1,System.Void Paillave.EtlTests.Extensions.LeftJoinTests::LeftJoinWithNoMatch()
DA:48,1
DA:50,101
DA:51,11
DA:52,1
DA:54,1
DA:55,1
DA:56,1
DA:57,1
DA:58,1
DA:59,2
DA:60,2
DA:61,3
DA:62,301
DA:63,2
DA:64,3
DA:65,121
DA:66,2
DA:67,102
DA:68,2
DA:69,2
DA:71,101
DA:72,1
DA:74,1
BRDA:50,21,0,1
BRDA:50,21,1,1
BRDA:51,75,0,1
BRDA:51,75,1,1
BRDA:71,172,0,1
BRDA:71,172,1,1
FN:78,System.Void Paillave.EtlTests.Extensions.LeftJoinTests::LeftJoinWithSomeMatches()
FNDA:1,System.Void Paillave.EtlTests.Extensions.LeftJoinTests::LeftJoinWithSomeMatches()
DA:79,1
DA:81,101
DA:82,3
DA:83,1
DA:85,1
DA:86,1
DA:87,1
DA:88,1
DA:89,1
DA:90,2
DA:91,2
DA:92,3
DA:93,266
DA:94,2
DA:95,3
DA:96,70
DA:97,2
DA:98,102
DA:99,2
DA:100,2
DA:102,1
DA:103,101
DA:104,101
DA:105,21
DA:106,1
DA:107,81
DA:108,101
DA:109,1
DA:111,1
BRDA:81,21,0,1
BRDA:81,21,1,1
BRDA:82,77,0,1
BRDA:82,77,1,1
BRDA:102,174,0,1
BRDA:102,174,1,1
LF:75
LH:75
BRF:54
BRH:53
FNF:3
FNH:3
end_of_record
SF:C:\Users\sroyer\Source\Repos\Etl.Net\src\Paillave.EtlTests\Extensions\LookupTests.cs
FN:16,System.Void Paillave.EtlTests.Extensions.LookupTests::SimpleLookup()
FNDA:1,System.Void Paillave.EtlTests.Extensions.LookupTests::SimpleLookup()
DA:17,1
DA:19,101
DA:20,11
DA:21,1
DA:23,1
DA:24,1
DA:25,1
DA:26,1
DA:27,1
DA:28,2
DA:29,3
DA:30,3
DA:31,2
DA:32,212
DA:33,2
DA:34,2
DA:36,101
DA:37,1
DA:39,1
BRDA:19,21,0,1
BRDA:19,21,1,1
BRDA:20,71,0,1
BRDA:20,71,1,1
BRDA:36,168,0,1
BRDA:36,168,1,1
FN:43,System.Void Paillave.EtlTests.Extensions.LookupTests::LookupWithNoMatch()
FNDA:1,System.Void Paillave.EtlTests.Extensions.LookupTests::LookupWithNoMatch()
DA:44,1
DA:46,101
DA:47,11
DA:48,1
DA:51,1
DA:52,1
DA:53,1
DA:54,1
DA:55,1
DA:56,2
DA:57,3
DA:58,3
DA:59,2
DA:60,212
DA:61,2
DA:62,2
DA:64,101
DA:65,1
DA:67,1
BRDA:46,21,0,1
BRDA:46,21,1,1
BRDA:47,75,0,1
BRDA:47,75,1,1
BRDA:64,172,0,1
BRDA:64,172,1,1
FN:71,System.Void Paillave.EtlTests.Extensions.LookupTests::LookupWithSomeMatches()
FNDA:1,System.Void Paillave.EtlTests.Extensions.LookupTests::LookupWithSomeMatches()
DA:72,1
DA:74,101
DA:75,3
DA:76,1
DA:79,1
DA:80,1
DA:81,1
DA:82,1
DA:83,1
DA:84,2
DA:85,3
DA:86,3
DA:87,2
DA:88,204
DA:89,2
DA:90,2
DA:92,1
DA:93,101
DA:94,101
DA:95,21
DA:96,1
DA:97,81
DA:98,101
DA:99,1
DA:101,1
BRDA:74,21,0,1
BRDA:74,21,1,1
BRDA:75,77,0,1
BRDA:75,77,1,1
BRDA:92,174,0,1
BRDA:92,174,1,1
LF:63
LH:63
BRF:54
BRH:53
FNF:3
FNH:3
end_of_record
SF:C:\Users\sroyer\Source\Repos\Etl.Net\src\Paillave.EtlTests\Extensions\PivotSortedTests.cs
FN:17,System.Void Paillave.EtlTests.Extensions.PivotSortedTests::EmptyPivot()
FNDA:1,System.Void Paillave.EtlTests.Extensions.PivotSortedTests::EmptyPivot()
DA:18,1
DA:19,1
DA:20,1
DA:23,1
DA:24,2
DA:25,2
DA:26,3
DA:27,2
DA:28,2
DA:29,2
DA:30,2
DA:31,2
DA:32,2
DA:33,2
DA:34,2
DA:35,2
DA:37,1
DA:38,1
DA:40,1
BRDA:19,26,0,1
BRDA:19,26,1,1
BRDA:19,62,0,1
BRDA:19,62,1,1
FN:43,System.Void Paillave.EtlTests.Extensions.PivotSortedTests::SimplePivot()
FNDA:1,System.Void Paillave.EtlTests.Extensions.PivotSortedTests::SimplePivot()
DA:44,1
DA:45,21
DA:46,1
DA:49,1
DA:50,2
DA:51,2
DA:52,3
DA:53,30
DA:54,2
DA:55,2
DA:56,2
DA:57,2
DA:58,2
DA:59,2
DA:60,2
DA:61,2
DA:63,1
DA:64,1
DA:65,1
DA:66,1
DA:67,1
DA:69,1
BRDA:45,28,0,1
BRDA:45,28,1,1
BRDA:45,64,0,1
BRDA:45,64,1,1
FN:72,System.Void Paillave.EtlTests.Extensions.PivotSortedTests::MultiColumnsPivot()
FNDA:1,System.Void Paillave.EtlTests.Extensions.PivotSortedTests::MultiColumnsPivot()
DA:73,1
DA:74,21
DA:75,1
DA:78,1
DA:79,2
DA:80,2
DA:81,3
DA:82,30
DA:83,2
DA:84,2
DA:85,2
DA:86,2
DA:87,2
DA:88,2
DA:89,2
DA:90,2
DA:91,2
DA:93,1
DA:94,1
DA:95,1
DA:96,1
DA:97,1
DA:99,1
BRDA:74,28,0,1
BRDA:74,28,1,1
BRDA:74,64,0,1
BRDA:74,64,1,1
FN:102,System.Void Paillave.EtlTests.Extensions.PivotSortedTests::MultiColumnsPivotWithNoValue()
FNDA:1,System.Void Paillave.EtlTests.Extensions.PivotSortedTests::MultiColumnsPivotWithNoValue()
DA:103,1
DA:104,21
DA:105,1
DA:108,1
DA:109,2
DA:110,2
DA:111,3
DA:112,30
DA:113,2
DA:114,2
DA:115,2
DA:116,2
DA:117,2
DA:118,2
DA:119,2
DA:120,2
DA:121,2
DA:123,1
DA:124,1
DA:125,1
DA:126,1
DA:127,1
DA:129,1
BRDA:104,28,0,1
BRDA:104,28,1,1
BRDA:104,64,0,1
BRDA:104,64,1,1
FN:132,System.Void Paillave.EtlTests.Extensions.PivotSortedTests::MultiComputationsPivot()
FNDA:1,System.Void Paillave.EtlTests.Extensions.PivotSortedTests::MultiComputationsPivot()
DA:133,1
DA:134,21
DA:135,1
DA:138,1
DA:139,2
DA:140,2
DA:141,3
DA:142,30
DA:143,2
DA:144,2
DA:145,2
DA:146,2
DA:147,2
DA:148,2
DA:149,2
DA:150,2
DA:151,2
DA:152,2
DA:153,2
DA:154,2
DA:155,2
DA:156,2
DA:158,1
DA:159,1
DA:160,1
DA:161,1
DA:162,1
DA:164,1
BRDA:134,28,0,1
BRDA:134,28,1,1
BRDA:134,64,0,1
BRDA:134,64,1,1
FN:167,System.Void Paillave.EtlTests.Extensions.PivotSortedTests::MultiColumnsMultiComputationsPivot()
FNDA:1,System.Void Paillave.EtlTests.Extensions.PivotSortedTests::MultiColumnsMultiComputationsPivot()
DA:168,1
DA:169,21
DA:170,1
DA:173,1
DA:174,2
DA:175,2
DA:176,3
DA:177,30
DA:178,2
DA:179,2
DA:180,2
DA:181,2
DA:182,2
DA:183,2
DA:184,2
DA:185,2
DA:186,2
DA:187,2
DA:188,2
DA:189,2
DA:190,2
DA:191,2
DA:192,2
DA:193,2
DA:194,2
DA:195,2
DA:196,2
DA:197,2
DA:198,2
DA:200,1
DA:201,1
DA:202,1
DA:203,1
DA:204,1
DA:206,1
BRDA:169,28,0,1
BRDA:169,28,1,1
BRDA:169,64,0,1
BRDA:169,64,1,1
FN:207,System.String Paillave.EtlTests.Extensions.PivotSortedTests::SimpleSerializeToString(T)
FNDA:10,System.String Paillave.EtlTests.Extensions.PivotSortedTests::SimpleSerializeToString(T)
DA:208,10
DA:209,40
DA:210,10
LF:153
LH:153
BRF:48
BRH:48
FNF:7
FNH:7
end_of_record
SF:C:\Users\sroyer\Source\Repos\Etl.Net\src\Paillave.EtlTests\Extensions\PivotTests.cs
FN:17,System.Void Paillave.EtlTests.Extensions.PivotTests::EmptyPivot()
FNDA:1,System.Void Paillave.EtlTests.Extensions.PivotTests::EmptyPivot()
DA:18,1
DA:20,1
DA:21,1
DA:23,1
DA:24,2
DA:25,2
DA:26,3
DA:27,2
DA:28,2
DA:29,2
DA:30,2
DA:31,2
DA:32,2
DA:33,2
DA:34,2
DA:36,1
DA:37,1
DA:39,1
BRDA:20,26,0,1
BRDA:20,26,1,1
FN:42,System.Void Paillave.EtlTests.Extensions.PivotTests::SimplePivot()
FNDA:1,System.Void Paillave.EtlTests.Extensions.PivotTests::SimplePivot()
DA:43,1
DA:45,11
DA:46,1
DA:48,1
DA:49,2
DA:50,2
DA:51,3
DA:52,12
DA:53,2
DA:54,2
DA:55,2
DA:56,2
DA:57,2
DA:58,2
DA:59,2
DA:61,1
DA:62,1
DA:63,1
DA:64,1
DA:65,1
DA:67,1
BRDA:45,28,0,1
BRDA:45,28,1,1
FN:70,System.Void Paillave.EtlTests.Extensions.PivotTests::MultiColumnsPivot()
FNDA:1,System.Void Paillave.EtlTests.Extensions.PivotTests::MultiColumnsPivot()
DA:71,1
DA:73,11
DA:74,1
DA:76,1
DA:77,2
DA:78,2
DA:79,3
DA:80,12
DA:81,2
DA:82,2
DA:83,2
DA:84,2
DA:85,2
DA:86,2
DA:87,2
DA:88,2
DA:90,1
DA:91,1
DA:92,1
DA:93,1
DA:94,1
DA:96,1
BRDA:73,28,0,1
BRDA:73,28,1,1
FN:99,System.Void Paillave.EtlTests.Extensions.PivotTests::MultiColumnsPivotWithNoValue()
FNDA:1,System.Void Paillave.EtlTests.Extensions.PivotTests::MultiColumnsPivotWithNoValue()
DA:100,1
DA:102,11
DA:103,1
DA:105,1
DA:106,2
DA:107,2
DA:108,3
DA:109,12
DA:110,2
DA:111,2
DA:112,2
DA:113,2
DA:114,2
DA:115,2
DA:116,2
DA:117,2
DA:119,1
DA:120,1
DA:121,1
DA:122,1
DA:123,1
DA:125,1
BRDA:102,28,0,1
BRDA:102,28,1,1
FN:128,System.Void Paillave.EtlTests.Extensions.PivotTests::MultiComputationsPivot()
FNDA:1,System.Void Paillave.EtlTests.Extensions.PivotTests::MultiComputationsPivot()
DA:129,1
DA:131,11
DA:132,1
DA:134,1
DA:135,2
DA:136,2
DA:137,3
DA:138,12
DA:139,2
DA:140,2
DA:141,2
DA:142,2
DA:143,2
DA:144,2
DA:145,2
DA:146,2
DA:147,2
DA:148,2
DA:149,2
DA:150,2
DA:151,2
DA:153,1
DA:154,1
DA:155,1
DA:156,1
DA:157,1
DA:159,1
BRDA:131,28,0,1
BRDA:131,28,1,1
FN:162,System.Void Paillave.EtlTests.Extensions.PivotTests::MultiColumnsMultiComputationsPivot()
FNDA:1,System.Void Paillave.EtlTests.Extensions.PivotTests::MultiColumnsMultiComputationsPivot()
DA:163,1
DA:165,11
DA:166,1
DA:168,1
DA:169,2
DA:170,2
DA:171,3
DA:172,12
DA:173,2
DA:174,2
DA:175,2
DA:176,2
DA:177,2
DA:178,2
DA:179,2
DA:180,2
DA:181,2
DA:182,2
DA:183,2
DA:184,2
DA:185,2
DA:186,2
DA:187,2
DA:188,2
DA:189,2
DA:190,2
DA:191,2
DA:192,2
DA:194,1
DA:195,1
DA:196,1
DA:197,1
DA:198,1
DA:200,1
BRDA:165,28,0,1
BRDA:165,28,1,1
FN:201,System.String Paillave.EtlTests.Extensions.PivotTests::SimpleSerializeToString(T)
FNDA:10,System.String Paillave.EtlTests.Extensions.PivotTests::SimpleSerializeToString(T)
DA:202,10
DA:203,40
DA:204,10
LF:147
LH:147
BRF:36
BRH:36
FNF:7
FNH:7
end_of_record
SF:C:\Users\sroyer\Source\Repos\Etl.Net\src\Paillave.EtlTests\Extensions\SelectTests.cs
FN:14,System.Void Paillave.EtlTests.Extensions.SelectTests::SimpleSelect()
FNDA:1,System.Void Paillave.EtlTests.Extensions.SelectTests::SimpleSelect()
DA:15,1
DA:17,1
DA:18,1
DA:19,1
DA:20,2
DA:21,2
DA:22,3
DA:23,12
DA:24,2
DA:25,2
DA:26,11
DA:27,1
DA:29,1
BRDA:26,64,0,1
BRDA:26,64,1,1
FN:32,System.Void Paillave.EtlTests.Extensions.SelectTests::SimpleSelectWithIndex()
FNDA:1,System.Void Paillave.EtlTests.Extensions.SelectTests::SimpleSelectWithIndex()
DA:33,1
DA:35,1
DA:36,1
DA:37,1
DA:38,2
DA:39,2
DA:40,3
DA:41,12
DA:42,2
DA:43,2
DA:44,11
DA:45,1
DA:47,1
BRDA:44,64,0,1
BRDA:44,64,1,1
LF:26
LH:26
BRF:12
BRH:12
FNF:2
FNH:2
end_of_record